ERROR - 2025-12-12 00:31:39 --> mysqli_sql_exception: Not unique table/alias: 'pelamar' in C:\xampp\htdocs\percobaan\system\Database\MySQLi\Connection.php:292
Stack trace:
#0 C:\xampp\htdocs\percobaan\system\Database\MySQLi\Connection.php(292): mysqli->query('SELECT `data`.*...', 0)
#1 C:\xampp\htdocs\percobaan\system\Database\BaseConnection.php(666): CodeIgniter\Database\MySQLi\Connection->execute('SELECT `data`.*...')
#2 C:\xampp\htdocs\percobaan\system\Database\BaseConnection.php(593): CodeIgniter\Database\BaseConnection->simpleQuery('SELECT `data`.*...')
#3 C:\xampp\htdocs\percobaan\system\Database\BaseBuilder.php(1585): CodeIgniter\Database\BaseConnection->query('SELECT `data`.*...', Array, false)
#4 C:\xampp\htdocs\percobaan\system\Model.php(223): CodeIgniter\Database\BaseBuilder->get()
#5 C:\xampp\htdocs\percobaan\system\BaseModel.php(585): CodeIgniter\Model->doFindAll(0, 0)
#6 C:\xampp\htdocs\percobaan\app\Controllers\LowonganController.php(259): CodeIgniter\BaseModel->findAll()
#7 C:\xampp\htdocs\percobaan\system\CodeIgniter.php(927): App\Controllers\LowonganController->detail('17')
#8 C:\xampp\htdocs\percobaan\system\CodeIgniter.php(482): CodeIgniter\CodeIgniter->runController(Object(App\Controllers\LowonganController))
#9 C:\xampp\htdocs\percobaan\system\CodeIgniter.php(351): CodeIgniter\CodeIgniter->handleRequest(NULL, Object(Config\Cache), false)
#10 C:\xampp\htdocs\percobaan\public\index.php(67): CodeIgniter\CodeIgniter->run()
#11 {main}
CRITICAL - 2025-12-12 00:31:39 --> Not unique table/alias: 'pelamar'
in SYSTEMPATH\Database\MySQLi\Connection.php on line 292.
 1 SYSTEMPATH\Database\MySQLi\Connection.php(292): mysqli->query('SELECT `data`.*, `pelamar`.`nama_lengkap` as `nama`, `pelamar`.`no_hp`, `data`.`tanggal_daftar` as `created_at`
FROM `pelamar`
JOIN `pelamar` ON `pelamar`.`id` = `data`.`pelamar_id`
WHERE `data`.`id_lowongan` = \'17\'
AND `data`.`is_history` = 0
ORDER BY `data`.`id` DESC', 0)
 2 SYSTEMPATH\Database\BaseConnection.php(666): CodeIgniter\Database\MySQLi\Connection->execute('SELECT `data`.*, `pelamar`.`nama_lengkap` as `nama`, `pelamar`.`no_hp`, `data`.`tanggal_daftar` as `created_at`
FROM `pelamar`
JOIN `pelamar` ON `pelamar`.`id` = `data`.`pelamar_id`
WHERE `data`.`id_lowongan` = \'17\'
AND `data`.`is_history` = 0
ORDER BY `data`.`id` DESC')
 3 SYSTEMPATH\Database\BaseConnection.php(593): CodeIgniter\Database\BaseConnection->simpleQuery('SELECT `data`.*, `pelamar`.`nama_lengkap` as `nama`, `pelamar`.`no_hp`, `data`.`tanggal_daftar` as `created_at`
FROM `pelamar`
JOIN `pelamar` ON `pelamar`.`id` = `data`.`pelamar_id`
WHERE `data`.`id_lowongan` = \'17\'
AND `data`.`is_history` = 0
ORDER BY `data`.`id` DESC')
 4 SYSTEMPATH\Database\BaseBuilder.php(1585): CodeIgniter\Database\BaseConnection->query('SELECT `data`.*, `pelamar`.`nama_lengkap` as `nama`, `pelamar`.`no_hp`, `data`.`tanggal_daftar` as `created_at`
FROM `pelamar`
JOIN `pelamar` ON `pelamar`.`id` = `data`.`pelamar_id`
WHERE `data`.`id_lowongan` = :data.id_lowongan:
AND `data`.`is_history` = :data.is_history:
ORDER BY `data`.`id` DESC', [...], false)
 5 SYSTEMPATH\Model.php(223): CodeIgniter\Database\BaseBuilder->get()
 6 SYSTEMPATH\BaseModel.php(585): CodeIgniter\Model->doFindAll(0, 0)
 7 APPPATH\Controllers\LowonganController.php(259): CodeIgniter\BaseModel->findAll()
 8 SYSTEMPATH\CodeIgniter.php(927): App\Controllers\LowonganController->detail('17')
 9 SYSTEMPATH\CodeIgniter.php(482): CodeIgniter\CodeIgniter->runController(Object(App\Controllers\LowonganController))
10 SYSTEMPATH\CodeIgniter.php(351): CodeIgniter\CodeIgniter->handleRequest(null, Object(Config\Cache), false)
11 FCPATH\index.php(67): CodeIgniter\CodeIgniter->run()
CRITICAL - 2025-12-12 00:45:35 --> Undefined array key "no_ktp"
in APPPATH\Views\admin\lowongan\detail.php on line 135.
 1 APPPATH\Views\admin\lowongan\detail.php(135): CodeIgniter\Debug\Exceptions->errorHandler(2, 'Undefined array key "no_ktp"', 'APPPATH\\Views\\admin\\lowongan\\detail.php', 135)
 2 SYSTEMPATH\View\View.php(213): include('APPPATH\\Views\\admin\\lowongan\\detail.php')
 3 SYSTEMPATH\View\View.php(216): CodeIgniter\View\View->CodeIgniter\View\{closure}()
 4 SYSTEMPATH\Common.php(1134): CodeIgniter\View\View->render('admin/lowongan/detail', [], true)
 5 APPPATH\Controllers\LowonganController.php(264): view('admin/lowongan/detail', [...])
 6 SYSTEMPATH\CodeIgniter.php(927): App\Controllers\LowonganController->detail('17')
 7 SYSTEMPATH\CodeIgniter.php(482): CodeIgniter\CodeIgniter->runController(Object(App\Controllers\LowonganController))
 8 SYSTEMPATH\CodeIgniter.php(351): CodeIgniter\CodeIgniter->handleRequest(null, Object(Config\Cache), false)
 9 FCPATH\index.php(67): CodeIgniter\CodeIgniter->run()
CRITICAL - 2025-12-12 01:07:04 --> Undefined variable $data
in APPPATH\Views\landing\detail.php on line 222.
 1 APPPATH\Views\landing\detail.php(222): CodeIgniter\Debug\Exceptions->errorHandler(2, 'Undefined variable $data', 'APPPATH\\Views\\landing\\detail.php', 222)
 2 SYSTEMPATH\View\View.php(213): include('APPPATH\\Views\\landing\\detail.php')
 3 SYSTEMPATH\View\View.php(216): CodeIgniter\View\View->CodeIgniter\View\{closure}()
 4 SYSTEMPATH\Common.php(1134): CodeIgniter\View\View->render('landing/detail', [], true)
 5 APPPATH\Controllers\LandingController.php(50): view('landing/detail', [...])
 6 SYSTEMPATH\CodeIgniter.php(927): App\Controllers\LandingController->detail('17')
 7 SYSTEMPATH\CodeIgniter.php(482): CodeIgniter\CodeIgniter->runController(Object(App\Controllers\LandingController))
 8 SYSTEMPATH\CodeIgniter.php(351): CodeIgniter\CodeIgniter->handleRequest(null, Object(Config\Cache), false)
 9 FCPATH\index.php(67): CodeIgniter\CodeIgniter->run()
CRITICAL - 2025-12-12 01:07:37 --> Undefined variable $data
in APPPATH\Views\landing\detail.php on line 219.
 1 APPPATH\Views\landing\detail.php(219): CodeIgniter\Debug\Exceptions->errorHandler(2, 'Undefined variable $data', 'APPPATH\\Views\\landing\\detail.php', 219)
 2 SYSTEMPATH\View\View.php(213): include('APPPATH\\Views\\landing\\detail.php')
 3 SYSTEMPATH\View\View.php(216): CodeIgniter\View\View->CodeIgniter\View\{closure}()
 4 SYSTEMPATH\Common.php(1134): CodeIgniter\View\View->render('landing/detail', [], true)
 5 APPPATH\Controllers\LandingController.php(50): view('landing/detail', [...])
 6 SYSTEMPATH\CodeIgniter.php(927): App\Controllers\LandingController->detail('17')
 7 SYSTEMPATH\CodeIgniter.php(482): CodeIgniter\CodeIgniter->runController(Object(App\Controllers\LandingController))
 8 SYSTEMPATH\CodeIgniter.php(351): CodeIgniter\CodeIgniter->handleRequest(null, Object(Config\Cache), false)
 9 FCPATH\index.php(67): CodeIgniter\CodeIgniter->run()
ERROR - 2025-12-12 17:18:21 --> mysqli_sql_exception: You have an error in your SQL syntax; check the manual that corresponds to your MariaDB server version for the right syntax to use near '.`is_blacklisted`, `/* Ambil status blacklist juga */` `pelamar`.`alasan_blac...' at line 1 in C:\xampp\htdocs\percobaan\system\Database\MySQLi\Connection.php:292
Stack trace:
#0 C:\xampp\htdocs\percobaan\system\Database\MySQLi\Connection.php(292): mysqli->query('SELECT `data`.*...', 0)
#1 C:\xampp\htdocs\percobaan\system\Database\BaseConnection.php(666): CodeIgniter\Database\MySQLi\Connection->execute('SELECT `data`.*...')
#2 C:\xampp\htdocs\percobaan\system\Database\BaseConnection.php(593): CodeIgniter\Database\BaseConnection->simpleQuery('SELECT `data`.*...')
#3 C:\xampp\htdocs\percobaan\system\Database\BaseBuilder.php(1585): CodeIgniter\Database\BaseConnection->query('SELECT `data`.*...', Array, false)
#4 C:\xampp\htdocs\percobaan\system\Model.php(182): CodeIgniter\Database\BaseBuilder->get()
#5 C:\xampp\htdocs\percobaan\system\BaseModel.php(524): CodeIgniter\Model->doFind(true, '12')
#6 C:\xampp\htdocs\percobaan\app\Controllers\LowonganController.php(293): CodeIgniter\BaseModel->find('12')
#7 C:\xampp\htdocs\percobaan\system\CodeIgniter.php(927): App\Controllers\LowonganController->detailPelamar('12')
#8 C:\xampp\htdocs\percobaan\system\CodeIgniter.php(482): CodeIgniter\CodeIgniter->runController(Object(App\Controllers\LowonganController))
#9 C:\xampp\htdocs\percobaan\system\CodeIgniter.php(351): CodeIgniter\CodeIgniter->handleRequest(NULL, Object(Config\Cache), false)
#10 C:\xampp\htdocs\percobaan\public\index.php(67): CodeIgniter\CodeIgniter->run()
#11 {main}
CRITICAL - 2025-12-12 17:18:21 --> You have an error in your SQL syntax; check the manual that corresponds to your MariaDB server version for the right syntax to use near '.`is_blacklisted`, `/* Ambil status blacklist juga */` `pelamar`.`alasan_blac...' at line 1
in SYSTEMPATH\Database\MySQLi\Connection.php on line 292.
 1 SYSTEMPATH\Database\MySQLi\Connection.php(292): mysqli->query('SELECT `data`.*, `pelamar`.`nama_lengkap` as `nama`, `pelamar`.`email`, `pelamar`.`no_hp`, `pelamar`.`file_cv` as `link`, `/* Alias file_cv jadi link */` `pelamar`.`is_blacklisted`, `/* Ambil status blacklist juga */` `pelamar`.`alasan_blacklist`, `pelamar`.`id` as `pelamar_id`, `lowongan`.`judul_lowongan`, `lowongan`.`pekerjaan_id`, `pekerjaan`.`divisi`, `pekerjaan`.`posisi` as `nama_pekerjaan`, `pekerjaan`.`standar_spk`
FROM `data`
JOIN `pelamar` ON `pelamar`.`id` = `data`.`pelamar_id`
JOIN `lowongan` ON `lowongan`.`id` = `data`.`id_lowongan`
JOIN `pekerjaan` ON `pekerjaan`.`id` = `lowongan`.`pekerjaan_id`
WHERE `data`.`id` = \'12\'', 0)
 2 SYSTEMPATH\Database\BaseConnection.php(666): CodeIgniter\Database\MySQLi\Connection->execute('SELECT `data`.*, `pelamar`.`nama_lengkap` as `nama`, `pelamar`.`email`, `pelamar`.`no_hp`, `pelamar`.`file_cv` as `link`, `/* Alias file_cv jadi link */` `pelamar`.`is_blacklisted`, `/* Ambil status blacklist juga */` `pelamar`.`alasan_blacklist`, `pelamar`.`id` as `pelamar_id`, `lowongan`.`judul_lowongan`, `lowongan`.`pekerjaan_id`, `pekerjaan`.`divisi`, `pekerjaan`.`posisi` as `nama_pekerjaan`, `pekerjaan`.`standar_spk`
FROM `data`
JOIN `pelamar` ON `pelamar`.`id` = `data`.`pelamar_id`
JOIN `lowongan` ON `lowongan`.`id` = `data`.`id_lowongan`
JOIN `pekerjaan` ON `pekerjaan`.`id` = `lowongan`.`pekerjaan_id`
WHERE `data`.`id` = \'12\'')
 3 SYSTEMPATH\Database\BaseConnection.php(593): CodeIgniter\Database\BaseConnection->simpleQuery('SELECT `data`.*, `pelamar`.`nama_lengkap` as `nama`, `pelamar`.`email`, `pelamar`.`no_hp`, `pelamar`.`file_cv` as `link`, `/* Alias file_cv jadi link */` `pelamar`.`is_blacklisted`, `/* Ambil status blacklist juga */` `pelamar`.`alasan_blacklist`, `pelamar`.`id` as `pelamar_id`, `lowongan`.`judul_lowongan`, `lowongan`.`pekerjaan_id`, `pekerjaan`.`divisi`, `pekerjaan`.`posisi` as `nama_pekerjaan`, `pekerjaan`.`standar_spk`
FROM `data`
JOIN `pelamar` ON `pelamar`.`id` = `data`.`pelamar_id`
JOIN `lowongan` ON `lowongan`.`id` = `data`.`id_lowongan`
JOIN `pekerjaan` ON `pekerjaan`.`id` = `lowongan`.`pekerjaan_id`
WHERE `data`.`id` = \'12\'')
 4 SYSTEMPATH\Database\BaseBuilder.php(1585): CodeIgniter\Database\BaseConnection->query('SELECT `data`.*, `pelamar`.`nama_lengkap` as `nama`, `pelamar`.`email`, `pelamar`.`no_hp`, `pelamar`.`file_cv` as `link`, `/* Alias file_cv jadi link */` `pelamar`.`is_blacklisted`, `/* Ambil status blacklist juga */` `pelamar`.`alasan_blacklist`, `pelamar`.`id` as `pelamar_id`, `lowongan`.`judul_lowongan`, `lowongan`.`pekerjaan_id`, `pekerjaan`.`divisi`, `pekerjaan`.`posisi` as `nama_pekerjaan`, `pekerjaan`.`standar_spk`
FROM `data`
JOIN `pelamar` ON `pelamar`.`id` = `data`.`pelamar_id`
JOIN `lowongan` ON `lowongan`.`id` = `data`.`id_lowongan`
JOIN `pekerjaan` ON `pekerjaan`.`id` = `lowongan`.`pekerjaan_id`
WHERE `data`.`id` = :data.id:', [...], false)
 5 SYSTEMPATH\Model.php(182): CodeIgniter\Database\BaseBuilder->get()
 6 SYSTEMPATH\BaseModel.php(524): CodeIgniter\Model->doFind(true, '12')
 7 APPPATH\Controllers\LowonganController.php(293): CodeIgniter\BaseModel->find('12')
 8 SYSTEMPATH\CodeIgniter.php(927): App\Controllers\LowonganController->detailPelamar('12')
 9 SYSTEMPATH\CodeIgniter.php(482): CodeIgniter\CodeIgniter->runController(Object(App\Controllers\LowonganController))
10 SYSTEMPATH\CodeIgniter.php(351): CodeIgniter\CodeIgniter->handleRequest(null, Object(Config\Cache), false)
11 FCPATH\index.php(67): CodeIgniter\CodeIgniter->run()
ERROR - 2025-12-12 17:18:38 --> mysqli_sql_exception: You have an error in your SQL syntax; check the manual that corresponds to your MariaDB server version for the right syntax to use near '.`is_blacklisted`, `/* Ambil status blacklist juga */` `pelamar`.`alasan_blac...' at line 1 in C:\xampp\htdocs\percobaan\system\Database\MySQLi\Connection.php:292
Stack trace:
#0 C:\xampp\htdocs\percobaan\system\Database\MySQLi\Connection.php(292): mysqli->query('SELECT `data`.*...', 0)
#1 C:\xampp\htdocs\percobaan\system\Database\BaseConnection.php(666): CodeIgniter\Database\MySQLi\Connection->execute('SELECT `data`.*...')
#2 C:\xampp\htdocs\percobaan\system\Database\BaseConnection.php(593): CodeIgniter\Database\BaseConnection->simpleQuery('SELECT `data`.*...')
#3 C:\xampp\htdocs\percobaan\system\Database\BaseBuilder.php(1585): CodeIgniter\Database\BaseConnection->query('SELECT `data`.*...', Array, false)
#4 C:\xampp\htdocs\percobaan\system\Model.php(182): CodeIgniter\Database\BaseBuilder->get()
#5 C:\xampp\htdocs\percobaan\system\BaseModel.php(524): CodeIgniter\Model->doFind(true, '12')
#6 C:\xampp\htdocs\percobaan\app\Controllers\LowonganController.php(293): CodeIgniter\BaseModel->find('12')
#7 C:\xampp\htdocs\percobaan\system\CodeIgniter.php(927): App\Controllers\LowonganController->detailPelamar('12')
#8 C:\xampp\htdocs\percobaan\system\CodeIgniter.php(482): CodeIgniter\CodeIgniter->runController(Object(App\Controllers\LowonganController))
#9 C:\xampp\htdocs\percobaan\system\CodeIgniter.php(351): CodeIgniter\CodeIgniter->handleRequest(NULL, Object(Config\Cache), false)
#10 C:\xampp\htdocs\percobaan\public\index.php(67): CodeIgniter\CodeIgniter->run()
#11 {main}
CRITICAL - 2025-12-12 17:18:38 --> You have an error in your SQL syntax; check the manual that corresponds to your MariaDB server version for the right syntax to use near '.`is_blacklisted`, `/* Ambil status blacklist juga */` `pelamar`.`alasan_blac...' at line 1
in SYSTEMPATH\Database\MySQLi\Connection.php on line 292.
 1 SYSTEMPATH\Database\MySQLi\Connection.php(292): mysqli->query('SELECT `data`.*, `pelamar`.`nama_lengkap` as `nama`, `pelamar`.`email`, `pelamar`.`no_hp`, `pelamar`.`file_cv` as `link`, `/* Alias file_cv jadi link */` `pelamar`.`is_blacklisted`, `/* Ambil status blacklist juga */` `pelamar`.`alasan_blacklist`, `pelamar`.`id` as `pelamar_id`, `lowongan`.`judul_lowongan`, `lowongan`.`pekerjaan_id`, `pekerjaan`.`divisi`, `pekerjaan`.`posisi` as `nama_pekerjaan`, `pekerjaan`.`standar_spk`
FROM `data`
JOIN `pelamar` ON `pelamar`.`id` = `data`.`pelamar_id`
JOIN `lowongan` ON `lowongan`.`id` = `data`.`id_lowongan`
JOIN `pekerjaan` ON `pekerjaan`.`id` = `lowongan`.`pekerjaan_id`
WHERE `data`.`id` = \'12\'', 0)
 2 SYSTEMPATH\Database\BaseConnection.php(666): CodeIgniter\Database\MySQLi\Connection->execute('SELECT `data`.*, `pelamar`.`nama_lengkap` as `nama`, `pelamar`.`email`, `pelamar`.`no_hp`, `pelamar`.`file_cv` as `link`, `/* Alias file_cv jadi link */` `pelamar`.`is_blacklisted`, `/* Ambil status blacklist juga */` `pelamar`.`alasan_blacklist`, `pelamar`.`id` as `pelamar_id`, `lowongan`.`judul_lowongan`, `lowongan`.`pekerjaan_id`, `pekerjaan`.`divisi`, `pekerjaan`.`posisi` as `nama_pekerjaan`, `pekerjaan`.`standar_spk`
FROM `data`
JOIN `pelamar` ON `pelamar`.`id` = `data`.`pelamar_id`
JOIN `lowongan` ON `lowongan`.`id` = `data`.`id_lowongan`
JOIN `pekerjaan` ON `pekerjaan`.`id` = `lowongan`.`pekerjaan_id`
WHERE `data`.`id` = \'12\'')
 3 SYSTEMPATH\Database\BaseConnection.php(593): CodeIgniter\Database\BaseConnection->simpleQuery('SELECT `data`.*, `pelamar`.`nama_lengkap` as `nama`, `pelamar`.`email`, `pelamar`.`no_hp`, `pelamar`.`file_cv` as `link`, `/* Alias file_cv jadi link */` `pelamar`.`is_blacklisted`, `/* Ambil status blacklist juga */` `pelamar`.`alasan_blacklist`, `pelamar`.`id` as `pelamar_id`, `lowongan`.`judul_lowongan`, `lowongan`.`pekerjaan_id`, `pekerjaan`.`divisi`, `pekerjaan`.`posisi` as `nama_pekerjaan`, `pekerjaan`.`standar_spk`
FROM `data`
JOIN `pelamar` ON `pelamar`.`id` = `data`.`pelamar_id`
JOIN `lowongan` ON `lowongan`.`id` = `data`.`id_lowongan`
JOIN `pekerjaan` ON `pekerjaan`.`id` = `lowongan`.`pekerjaan_id`
WHERE `data`.`id` = \'12\'')
 4 SYSTEMPATH\Database\BaseBuilder.php(1585): CodeIgniter\Database\BaseConnection->query('SELECT `data`.*, `pelamar`.`nama_lengkap` as `nama`, `pelamar`.`email`, `pelamar`.`no_hp`, `pelamar`.`file_cv` as `link`, `/* Alias file_cv jadi link */` `pelamar`.`is_blacklisted`, `/* Ambil status blacklist juga */` `pelamar`.`alasan_blacklist`, `pelamar`.`id` as `pelamar_id`, `lowongan`.`judul_lowongan`, `lowongan`.`pekerjaan_id`, `pekerjaan`.`divisi`, `pekerjaan`.`posisi` as `nama_pekerjaan`, `pekerjaan`.`standar_spk`
FROM `data`
JOIN `pelamar` ON `pelamar`.`id` = `data`.`pelamar_id`
JOIN `lowongan` ON `lowongan`.`id` = `data`.`id_lowongan`
JOIN `pekerjaan` ON `pekerjaan`.`id` = `lowongan`.`pekerjaan_id`
WHERE `data`.`id` = :data.id:', [...], false)
 5 SYSTEMPATH\Model.php(182): CodeIgniter\Database\BaseBuilder->get()
 6 SYSTEMPATH\BaseModel.php(524): CodeIgniter\Model->doFind(true, '12')
 7 APPPATH\Controllers\LowonganController.php(293): CodeIgniter\BaseModel->find('12')
 8 SYSTEMPATH\CodeIgniter.php(927): App\Controllers\LowonganController->detailPelamar('12')
 9 SYSTEMPATH\CodeIgniter.php(482): CodeIgniter\CodeIgniter->runController(Object(App\Controllers\LowonganController))
10 SYSTEMPATH\CodeIgniter.php(351): CodeIgniter\CodeIgniter->handleRequest(null, Object(Config\Cache), false)
11 FCPATH\index.php(67): CodeIgniter\CodeIgniter->run()
CRITICAL - 2025-12-12 17:21:56 --> Undefined variable $data
in APPPATH\Views\landing\detail.php on line 219.
 1 APPPATH\Views\landing\detail.php(219): CodeIgniter\Debug\Exceptions->errorHandler(2, 'Undefined variable $data', 'APPPATH\\Views\\landing\\detail.php', 219)
 2 SYSTEMPATH\View\View.php(213): include('APPPATH\\Views\\landing\\detail.php')
 3 SYSTEMPATH\View\View.php(216): CodeIgniter\View\View->CodeIgniter\View\{closure}()
 4 SYSTEMPATH\Common.php(1134): CodeIgniter\View\View->render('landing/detail', [], true)
 5 APPPATH\Controllers\LandingController.php(50): view('landing/detail', [...])
 6 SYSTEMPATH\CodeIgniter.php(927): App\Controllers\LandingController->detail('17')
 7 SYSTEMPATH\CodeIgniter.php(482): CodeIgniter\CodeIgniter->runController(Object(App\Controllers\LandingController))
 8 SYSTEMPATH\CodeIgniter.php(351): CodeIgniter\CodeIgniter->handleRequest(null, Object(Config\Cache), false)
 9 FCPATH\index.php(67): CodeIgniter\CodeIgniter->run()
CRITICAL - 2025-12-12 19:06:13 --> Undefined variable $ijazah
in APPPATH\Controllers\LandingController.php on line 112.
 1 APPPATH\Controllers\LandingController.php(112): CodeIgniter\Debug\Exceptions->errorHandler(2, 'Undefined variable $ijazah', 'APPPATH\\Controllers\\LandingController.php', 112)
 2 SYSTEMPATH\CodeIgniter.php(927): App\Controllers\LandingController->submitLamaran()
 3 SYSTEMPATH\CodeIgniter.php(482): CodeIgniter\CodeIgniter->runController(Object(App\Controllers\LandingController))
 4 SYSTEMPATH\CodeIgniter.php(351): CodeIgniter\CodeIgniter->handleRequest(null, Object(Config\Cache), false)
 5 FCPATH\index.php(67): CodeIgniter\CodeIgniter->run()
ERROR - 2025-12-12 20:48:38 --> mysqli_sql_exception: Unknown column 'updated_at' in 'field list' in C:\xampp\htdocs\percobaan\system\Database\MySQLi\Connection.php:292
Stack trace:
#0 C:\xampp\htdocs\percobaan\system\Database\MySQLi\Connection.php(292): mysqli->query('INSERT INTO `da...', 0)
#1 C:\xampp\htdocs\percobaan\system\Database\BaseConnection.php(666): CodeIgniter\Database\MySQLi\Connection->execute('INSERT INTO `da...')
#2 C:\xampp\htdocs\percobaan\system\Database\BaseConnection.php(593): CodeIgniter\Database\BaseConnection->simpleQuery('INSERT INTO `da...')
#3 C:\xampp\htdocs\percobaan\system\Database\BaseBuilder.php(1916): CodeIgniter\Database\BaseConnection->query('INSERT INTO `da...', Array, false)
#4 C:\xampp\htdocs\percobaan\system\Model.php(279): CodeIgniter\Database\BaseBuilder->insert()
#5 C:\xampp\htdocs\percobaan\system\BaseModel.php(749): CodeIgniter\Model->doInsert(Array)
#6 C:\xampp\htdocs\percobaan\system\Model.php(667): CodeIgniter\BaseModel->insert(Array, false)
#7 C:\xampp\htdocs\percobaan\system\BaseModel.php(659): CodeIgniter\Model->insert(Array, false)
#8 C:\xampp\htdocs\percobaan\app\Controllers\LandingController.php(155): CodeIgniter\BaseModel->save(Array)
#9 C:\xampp\htdocs\percobaan\system\CodeIgniter.php(927): App\Controllers\LandingController->submitLamaran()
#10 C:\xampp\htdocs\percobaan\system\CodeIgniter.php(482): CodeIgniter\CodeIgniter->runController(Object(App\Controllers\LandingController))
#11 C:\xampp\htdocs\percobaan\system\CodeIgniter.php(351): CodeIgniter\CodeIgniter->handleRequest(NULL, Object(Config\Cache), false)
#12 C:\xampp\htdocs\percobaan\public\index.php(67): CodeIgniter\CodeIgniter->run()
#13 {main}
CRITICAL - 2025-12-12 20:48:38 --> Unknown column 'updated_at' in 'field list'
in SYSTEMPATH\Database\MySQLi\Connection.php on line 292.
 1 SYSTEMPATH\Database\MySQLi\Connection.php(292): mysqli->query('INSERT INTO `data` (`pelamar_id`, `id_lowongan`, `tanggal_daftar`, `form_data`, `status`, `is_history`, `created_at`, `updated_at`) VALUES (3, \'17\', \'2025-12-12\', \'[]\', \'seleksi\', 0, \'2025-12-12 20:48:38\', \'2025-12-12 20:48:38\')', 0)
 2 SYSTEMPATH\Database\BaseConnection.php(666): CodeIgniter\Database\MySQLi\Connection->execute('INSERT INTO `data` (`pelamar_id`, `id_lowongan`, `tanggal_daftar`, `form_data`, `status`, `is_history`, `created_at`, `updated_at`) VALUES (3, \'17\', \'2025-12-12\', \'[]\', \'seleksi\', 0, \'2025-12-12 20:48:38\', \'2025-12-12 20:48:38\')')
 3 SYSTEMPATH\Database\BaseConnection.php(593): CodeIgniter\Database\BaseConnection->simpleQuery('INSERT INTO `data` (`pelamar_id`, `id_lowongan`, `tanggal_daftar`, `form_data`, `status`, `is_history`, `created_at`, `updated_at`) VALUES (3, \'17\', \'2025-12-12\', \'[]\', \'seleksi\', 0, \'2025-12-12 20:48:38\', \'2025-12-12 20:48:38\')')
 4 SYSTEMPATH\Database\BaseBuilder.php(1916): CodeIgniter\Database\BaseConnection->query('INSERT INTO `data` (`pelamar_id`, `id_lowongan`, `tanggal_daftar`, `form_data`, `status`, `is_history`, `created_at`, `updated_at`) VALUES (:pelamar_id:, :id_lowongan:, :tanggal_daftar:, :form_data:, :status:, :is_history:, :created_at:, :updated_at:)', [...], false)
 5 SYSTEMPATH\Model.php(279): CodeIgniter\Database\BaseBuilder->insert()
 6 SYSTEMPATH\BaseModel.php(749): CodeIgniter\Model->doInsert([...])
 7 SYSTEMPATH\Model.php(667): CodeIgniter\BaseModel->insert([...], false)
 8 SYSTEMPATH\BaseModel.php(659): CodeIgniter\Model->insert([...], false)
 9 APPPATH\Controllers\LandingController.php(155): CodeIgniter\BaseModel->save([...])
10 SYSTEMPATH\CodeIgniter.php(927): App\Controllers\LandingController->submitLamaran()
11 SYSTEMPATH\CodeIgniter.php(482): CodeIgniter\CodeIgniter->runController(Object(App\Controllers\LandingController))
12 SYSTEMPATH\CodeIgniter.php(351): CodeIgniter\CodeIgniter->handleRequest(null, Object(Config\Cache), false)
13 FCPATH\index.php(67): CodeIgniter\CodeIgniter->run()
