CRITICAL - 2025-11-06 00:18:38 --> Call to undefined function character_limiter()
in APPPATH\Views\admin\lowongan\index.php on line 36.
 1 SYSTEMPATH\View\View.php(213): include()
 2 SYSTEMPATH\View\View.php(216): CodeIgniter\View\View->CodeIgniter\View\{closure}()
 3 SYSTEMPATH\Common.php(1134): CodeIgniter\View\View->render('admin/lowongan/index', [], true)
 4 APPPATH\Controllers\LowonganController.php(22): view('admin/lowongan/index', [...])
 5 SYSTEMPATH\CodeIgniter.php(927): App\Controllers\LowonganController->index()
 6 SYSTEMPATH\CodeIgniter.php(482): CodeIgniter\CodeIgniter->runController(Object(App\Controllers\LowonganController))
 7 SYSTEMPATH\CodeIgniter.php(351): CodeIgniter\CodeIgniter->handleRequest(null, Object(Config\Cache), false)
 8 FCPATH\index.php(67): CodeIgniter\CodeIgniter->run()
CRITICAL - 2025-11-06 00:18:52 --> Call to undefined function character_limiter()
in APPPATH\Views\admin\lowongan\index.php on line 36.
 1 SYSTEMPATH\View\View.php(213): include()
 2 SYSTEMPATH\View\View.php(216): CodeIgniter\View\View->CodeIgniter\View\{closure}()
 3 SYSTEMPATH\Common.php(1134): CodeIgniter\View\View->render('admin/lowongan/index', [], true)
 4 APPPATH\Controllers\LowonganController.php(22): view('admin/lowongan/index', [...])
 5 SYSTEMPATH\CodeIgniter.php(927): App\Controllers\LowonganController->index()
 6 SYSTEMPATH\CodeIgniter.php(482): CodeIgniter\CodeIgniter->runController(Object(App\Controllers\LowonganController))
 7 SYSTEMPATH\CodeIgniter.php(351): CodeIgniter\CodeIgniter->handleRequest(null, Object(Config\Cache), false)
 8 FCPATH\index.php(67): CodeIgniter\CodeIgniter->run()
CRITICAL - 2025-11-06 00:44:50 --> Undefined array key "deskripsi"
in APPPATH\Views\admin\layouts\main.php on line 79.
 1 APPPATH\Views\admin\layouts\main.php(79): CodeIgniter\Debug\Exceptions->errorHandler(2, 'Undefined array key "deskripsi"', 'APPPATH\\Views\\admin\\layouts\\main.php', 79)
 2 SYSTEMPATH\View\View.php(213): include('APPPATH\\Views\\admin\\layouts\\main.php')
 3 SYSTEMPATH\View\View.php(216): CodeIgniter\View\View->CodeIgniter\View\{closure}()
 4 SYSTEMPATH\View\View.php(229): CodeIgniter\View\View->render('admin/layouts/main', [], true)
 5 SYSTEMPATH\Common.php(1134): CodeIgniter\View\View->render('admin/lowongan/index', [], true)
 6 APPPATH\Controllers\LowonganController.php(24): view('admin/lowongan/index', [...])
 7 SYSTEMPATH\CodeIgniter.php(927): App\Controllers\LowonganController->index()
 8 SYSTEMPATH\CodeIgniter.php(482): CodeIgniter\CodeIgniter->runController(Object(App\Controllers\LowonganController))
 9 SYSTEMPATH\CodeIgniter.php(351): CodeIgniter\CodeIgniter->handleRequest(null, Object(Config\Cache), false)
10 FCPATH\index.php(67): CodeIgniter\CodeIgniter->run()
CRITICAL - 2025-11-06 00:44:57 --> Undefined variable $lowongan
in APPPATH\Views\admin\layouts\main.php on line 79.
 1 APPPATH\Views\admin\layouts\main.php(79): CodeIgniter\Debug\Exceptions->errorHandler(2, 'Undefined variable $lowongan', 'APPPATH\\Views\\admin\\layouts\\main.php', 79)
 2 SYSTEMPATH\View\View.php(213): include('APPPATH\\Views\\admin\\layouts\\main.php')
 3 SYSTEMPATH\View\View.php(216): CodeIgniter\View\View->CodeIgniter\View\{closure}()
 4 SYSTEMPATH\View\View.php(229): CodeIgniter\View\View->render('admin/layouts/main', [], true)
 5 SYSTEMPATH\Common.php(1134): CodeIgniter\View\View->render('admin/lowongan/create', [], true)
 6 APPPATH\Controllers\LowonganController.php(30): view('admin/lowongan/create', [...])
 7 SYSTEMPATH\CodeIgniter.php(927): App\Controllers\LowonganController->create()
 8 SYSTEMPATH\CodeIgniter.php(482): CodeIgniter\CodeIgniter->runController(Object(App\Controllers\LowonganController))
 9 SYSTEMPATH\CodeIgniter.php(351): CodeIgniter\CodeIgniter->handleRequest(null, Object(Config\Cache), false)
10 FCPATH\index.php(67): CodeIgniter\CodeIgniter->run()
CRITICAL - 2025-11-06 00:46:22 --> Undefined variable $lowongan
in APPPATH\Views\admin\layouts\main.php on line 79.
 1 APPPATH\Views\admin\layouts\main.php(79): CodeIgniter\Debug\Exceptions->errorHandler(2, 'Undefined variable $lowongan', 'APPPATH\\Views\\admin\\layouts\\main.php', 79)
 2 SYSTEMPATH\View\View.php(213): include('APPPATH\\Views\\admin\\layouts\\main.php')
 3 SYSTEMPATH\View\View.php(216): CodeIgniter\View\View->CodeIgniter\View\{closure}()
 4 SYSTEMPATH\View\View.php(229): CodeIgniter\View\View->render('admin/layouts/main', [], true)
 5 SYSTEMPATH\Common.php(1134): CodeIgniter\View\View->render('admin/values/index', [], true)
 6 APPPATH\Controllers\ValuesController.php(33): view('admin/values/index', [...])
 7 SYSTEMPATH\CodeIgniter.php(927): App\Controllers\ValuesController->index()
 8 SYSTEMPATH\CodeIgniter.php(482): CodeIgniter\CodeIgniter->runController(Object(App\Controllers\ValuesController))
 9 SYSTEMPATH\CodeIgniter.php(351): CodeIgniter\CodeIgniter->handleRequest(null, Object(Config\Cache), false)
10 FCPATH\index.php(67): CodeIgniter\CodeIgniter->run()
CRITICAL - 2025-11-06 00:46:26 --> Undefined variable $lowongan
in APPPATH\Views\admin\layouts\main.php on line 79.
 1 APPPATH\Views\admin\layouts\main.php(79): CodeIgniter\Debug\Exceptions->errorHandler(2, 'Undefined variable $lowongan', 'APPPATH\\Views\\admin\\layouts\\main.php', 79)
 2 SYSTEMPATH\View\View.php(213): include('APPPATH\\Views\\admin\\layouts\\main.php')
 3 SYSTEMPATH\View\View.php(216): CodeIgniter\View\View->CodeIgniter\View\{closure}()
 4 SYSTEMPATH\View\View.php(229): CodeIgniter\View\View->render('admin/layouts/main', [], true)
 5 SYSTEMPATH\Common.php(1134): CodeIgniter\View\View->render('admin/values/index', [], true)
 6 APPPATH\Controllers\ValuesController.php(33): view('admin/values/index', [...])
 7 SYSTEMPATH\CodeIgniter.php(927): App\Controllers\ValuesController->index()
 8 SYSTEMPATH\CodeIgniter.php(482): CodeIgniter\CodeIgniter->runController(Object(App\Controllers\ValuesController))
 9 SYSTEMPATH\CodeIgniter.php(351): CodeIgniter\CodeIgniter->handleRequest(null, Object(Config\Cache), false)
10 FCPATH\index.php(67): CodeIgniter\CodeIgniter->run()
