CRITICAL - 2025-11-11 00:37:13 --> Undefined property: App\Controllers\LamaranController::$db
in APPPATH\Controllers\LamaranController.php on line 56.
 1 APPPATH\Controllers\LamaranController.php(56): CodeIgniter\Debug\Exceptions->errorHandler(2, 'Undefined property: App\\Controllers\\LamaranController::$db', 'APPPATH\\Controllers\\LamaranController.php', 56)
 2 SYSTEMPATH\CodeIgniter.php(927): App\Controllers\LamaranController->detail('1')
 3 SYSTEMPATH\CodeIgniter.php(482): CodeIgniter\CodeIgniter->runController(Object(App\Controllers\LamaranController))
 4 SYSTEMPATH\CodeIgniter.php(351): CodeIgniter\CodeIgniter->handleRequest(null, Object(Config\Cache), false)
 5 FCPATH\index.php(67): CodeIgniter\CodeIgniter->run()
CRITICAL - 2025-11-11 00:38:18 --> Undefined property: App\Controllers\LamaranController::$db
in APPPATH\Controllers\LamaranController.php on line 56.
 1 APPPATH\Controllers\LamaranController.php(56): CodeIgniter\Debug\Exceptions->errorHandler(2, 'Undefined property: App\\Controllers\\LamaranController::$db', 'APPPATH\\Controllers\\LamaranController.php', 56)
 2 SYSTEMPATH\CodeIgniter.php(927): App\Controllers\LamaranController->detail('1')
 3 SYSTEMPATH\CodeIgniter.php(482): CodeIgniter\CodeIgniter->runController(Object(App\Controllers\LamaranController))
 4 SYSTEMPATH\CodeIgniter.php(351): CodeIgniter\CodeIgniter->handleRequest(null, Object(Config\Cache), false)
 5 FCPATH\index.php(67): CodeIgniter\CodeIgniter->run()
ERROR - 2025-11-11 02:08:58 --> mysqli_sql_exception: Unknown column 'created_at' in 'field list' in C:\xampp\htdocs\percobaan\system\Database\MySQLi\Connection.php:292
Stack trace:
#0 C:\xampp\htdocs\percobaan\system\Database\MySQLi\Connection.php(292): mysqli->query('INSERT INTO `su...', 0)
#1 C:\xampp\htdocs\percobaan\system\Database\BaseConnection.php(666): CodeIgniter\Database\MySQLi\Connection->execute('INSERT INTO `su...')
#2 C:\xampp\htdocs\percobaan\system\Database\BaseConnection.php(593): CodeIgniter\Database\BaseConnection->simpleQuery('INSERT INTO `su...')
#3 C:\xampp\htdocs\percobaan\system\Database\BaseBuilder.php(1916): CodeIgniter\Database\BaseConnection->query('INSERT INTO `su...', Array, false)
#4 C:\xampp\htdocs\percobaan\system\Model.php(279): CodeIgniter\Database\BaseBuilder->insert()
#5 C:\xampp\htdocs\percobaan\system\BaseModel.php(749): CodeIgniter\Model->doInsert(Array)
#6 C:\xampp\htdocs\percobaan\system\Model.php(667): CodeIgniter\BaseModel->insert(Array, true)
#7 C:\xampp\htdocs\percobaan\app\Controllers\SubcriteriaController.php(64): CodeIgniter\Model->insert(Array)
#8 C:\xampp\htdocs\percobaan\system\CodeIgniter.php(927): App\Controllers\SubcriteriaController->store()
#9 C:\xampp\htdocs\percobaan\system\CodeIgniter.php(482): CodeIgniter\CodeIgniter->runController(Object(App\Controllers\SubcriteriaController))
#10 C:\xampp\htdocs\percobaan\system\CodeIgniter.php(351): CodeIgniter\CodeIgniter->handleRequest(NULL, Object(Config\Cache), false)
#11 C:\xampp\htdocs\percobaan\public\index.php(67): CodeIgniter\CodeIgniter->run()
#12 {main}
CRITICAL - 2025-11-11 02:08:58 --> Unknown column 'created_at' in 'field list'
in SYSTEMPATH\Database\MySQLi\Connection.php on line 292.
 1 SYSTEMPATH\Database\MySQLi\Connection.php(292): mysqli->query('INSERT INTO `subcriteria` (`criteria_id`, `description`, `score`, `type`, `created_at`, `updated_at`) VALUES (\'1\', \'D3\', \'2\', \'benefit\', \'2025-11-11 02:08:58\', \'2025-11-11 02:08:58\')', 0)
 2 SYSTEMPATH\Database\BaseConnection.php(666): CodeIgniter\Database\MySQLi\Connection->execute('INSERT INTO `subcriteria` (`criteria_id`, `description`, `score`, `type`, `created_at`, `updated_at`) VALUES (\'1\', \'D3\', \'2\', \'benefit\', \'2025-11-11 02:08:58\', \'2025-11-11 02:08:58\')')
 3 SYSTEMPATH\Database\BaseConnection.php(593): CodeIgniter\Database\BaseConnection->simpleQuery('INSERT INTO `subcriteria` (`criteria_id`, `description`, `score`, `type`, `created_at`, `updated_at`) VALUES (\'1\', \'D3\', \'2\', \'benefit\', \'2025-11-11 02:08:58\', \'2025-11-11 02:08:58\')')
 4 SYSTEMPATH\Database\BaseBuilder.php(1916): CodeIgniter\Database\BaseConnection->query('INSERT INTO `subcriteria` (`criteria_id`, `description`, `score`, `type`, `created_at`, `updated_at`) VALUES (:criteria_id:, :description:, :score:, :type:, :created_at:, :updated_at:)', [...], false)
 5 SYSTEMPATH\Model.php(279): CodeIgniter\Database\BaseBuilder->insert()
 6 SYSTEMPATH\BaseModel.php(749): CodeIgniter\Model->doInsert([...])
 7 SYSTEMPATH\Model.php(667): CodeIgniter\BaseModel->insert([...], true)
 8 APPPATH\Controllers\SubcriteriaController.php(64): CodeIgniter\Model->insert([...])
 9 SYSTEMPATH\CodeIgniter.php(927): App\Controllers\SubcriteriaController->store()
10 SYSTEMPATH\CodeIgniter.php(482): CodeIgniter\CodeIgniter->runController(Object(App\Controllers\SubcriteriaController))
11 SYSTEMPATH\CodeIgniter.php(351): CodeIgniter\CodeIgniter->handleRequest(null, Object(Config\Cache), false)
12 FCPATH\index.php(67): CodeIgniter\CodeIgniter->run()
ERROR - 2025-11-11 02:21:50 --> mysqli_sql_exception: Unknown column 'created_at' in 'field list' in C:\xampp\htdocs\percobaan\system\Database\MySQLi\Connection.php:292
Stack trace:
#0 C:\xampp\htdocs\percobaan\system\Database\MySQLi\Connection.php(292): mysqli->query('INSERT INTO `su...', 0)
#1 C:\xampp\htdocs\percobaan\system\Database\BaseConnection.php(666): CodeIgniter\Database\MySQLi\Connection->execute('INSERT INTO `su...')
#2 C:\xampp\htdocs\percobaan\system\Database\BaseConnection.php(593): CodeIgniter\Database\BaseConnection->simpleQuery('INSERT INTO `su...')
#3 C:\xampp\htdocs\percobaan\system\Database\BaseBuilder.php(1916): CodeIgniter\Database\BaseConnection->query('INSERT INTO `su...', Array, false)
#4 C:\xampp\htdocs\percobaan\system\Model.php(279): CodeIgniter\Database\BaseBuilder->insert()
#5 C:\xampp\htdocs\percobaan\system\BaseModel.php(749): CodeIgniter\Model->doInsert(Array)
#6 C:\xampp\htdocs\percobaan\system\Model.php(667): CodeIgniter\BaseModel->insert(Array, true)
#7 C:\xampp\htdocs\percobaan\app\Controllers\SubcriteriaController.php(64): CodeIgniter\Model->insert(Array)
#8 C:\xampp\htdocs\percobaan\system\CodeIgniter.php(927): App\Controllers\SubcriteriaController->store()
#9 C:\xampp\htdocs\percobaan\system\CodeIgniter.php(482): CodeIgniter\CodeIgniter->runController(Object(App\Controllers\SubcriteriaController))
#10 C:\xampp\htdocs\percobaan\system\CodeIgniter.php(351): CodeIgniter\CodeIgniter->handleRequest(NULL, Object(Config\Cache), false)
#11 C:\xampp\htdocs\percobaan\public\index.php(67): CodeIgniter\CodeIgniter->run()
#12 {main}
CRITICAL - 2025-11-11 02:21:50 --> Unknown column 'created_at' in 'field list'
in SYSTEMPATH\Database\MySQLi\Connection.php on line 292.
 1 SYSTEMPATH\Database\MySQLi\Connection.php(292): mysqli->query('INSERT INTO `subcriteria` (`criteria_id`, `description`, `score`, `type`, `created_at`, `updated_at`) VALUES (\'1\', \'D3\', \'2\', \'benefit\', \'2025-11-11 02:21:50\', \'2025-11-11 02:21:50\')', 0)
 2 SYSTEMPATH\Database\BaseConnection.php(666): CodeIgniter\Database\MySQLi\Connection->execute('INSERT INTO `subcriteria` (`criteria_id`, `description`, `score`, `type`, `created_at`, `updated_at`) VALUES (\'1\', \'D3\', \'2\', \'benefit\', \'2025-11-11 02:21:50\', \'2025-11-11 02:21:50\')')
 3 SYSTEMPATH\Database\BaseConnection.php(593): CodeIgniter\Database\BaseConnection->simpleQuery('INSERT INTO `subcriteria` (`criteria_id`, `description`, `score`, `type`, `created_at`, `updated_at`) VALUES (\'1\', \'D3\', \'2\', \'benefit\', \'2025-11-11 02:21:50\', \'2025-11-11 02:21:50\')')
 4 SYSTEMPATH\Database\BaseBuilder.php(1916): CodeIgniter\Database\BaseConnection->query('INSERT INTO `subcriteria` (`criteria_id`, `description`, `score`, `type`, `created_at`, `updated_at`) VALUES (:criteria_id:, :description:, :score:, :type:, :created_at:, :updated_at:)', [...], false)
 5 SYSTEMPATH\Model.php(279): CodeIgniter\Database\BaseBuilder->insert()
 6 SYSTEMPATH\BaseModel.php(749): CodeIgniter\Model->doInsert([...])
 7 SYSTEMPATH\Model.php(667): CodeIgniter\BaseModel->insert([...], true)
 8 APPPATH\Controllers\SubcriteriaController.php(64): CodeIgniter\Model->insert([...])
 9 SYSTEMPATH\CodeIgniter.php(927): App\Controllers\SubcriteriaController->store()
10 SYSTEMPATH\CodeIgniter.php(482): CodeIgniter\CodeIgniter->runController(Object(App\Controllers\SubcriteriaController))
11 SYSTEMPATH\CodeIgniter.php(351): CodeIgniter\CodeIgniter->handleRequest(null, Object(Config\Cache), false)
12 FCPATH\index.php(67): CodeIgniter\CodeIgniter->run()
ERROR - 2025-11-11 02:23:00 --> mysqli_sql_exception: Unknown column 'created_at' in 'field list' in C:\xampp\htdocs\percobaan\system\Database\MySQLi\Connection.php:292
Stack trace:
#0 C:\xampp\htdocs\percobaan\system\Database\MySQLi\Connection.php(292): mysqli->query('INSERT INTO `su...', 0)
#1 C:\xampp\htdocs\percobaan\system\Database\BaseConnection.php(666): CodeIgniter\Database\MySQLi\Connection->execute('INSERT INTO `su...')
#2 C:\xampp\htdocs\percobaan\system\Database\BaseConnection.php(593): CodeIgniter\Database\BaseConnection->simpleQuery('INSERT INTO `su...')
#3 C:\xampp\htdocs\percobaan\system\Database\BaseBuilder.php(1916): CodeIgniter\Database\BaseConnection->query('INSERT INTO `su...', Array, false)
#4 C:\xampp\htdocs\percobaan\system\Model.php(279): CodeIgniter\Database\BaseBuilder->insert()
#5 C:\xampp\htdocs\percobaan\system\BaseModel.php(749): CodeIgniter\Model->doInsert(Array)
#6 C:\xampp\htdocs\percobaan\system\Model.php(667): CodeIgniter\BaseModel->insert(Array, true)
#7 C:\xampp\htdocs\percobaan\app\Controllers\SubcriteriaController.php(61): CodeIgniter\Model->insert(Array)
#8 C:\xampp\htdocs\percobaan\system\CodeIgniter.php(927): App\Controllers\SubcriteriaController->store()
#9 C:\xampp\htdocs\percobaan\system\CodeIgniter.php(482): CodeIgniter\CodeIgniter->runController(Object(App\Controllers\SubcriteriaController))
#10 C:\xampp\htdocs\percobaan\system\CodeIgniter.php(351): CodeIgniter\CodeIgniter->handleRequest(NULL, Object(Config\Cache), false)
#11 C:\xampp\htdocs\percobaan\public\index.php(67): CodeIgniter\CodeIgniter->run()
#12 {main}
CRITICAL - 2025-11-11 02:23:00 --> Unknown column 'created_at' in 'field list'
in SYSTEMPATH\Database\MySQLi\Connection.php on line 292.
 1 SYSTEMPATH\Database\MySQLi\Connection.php(292): mysqli->query('INSERT INTO `subcriteria` (`criteria_id`, `description`, `score`, `type`, `created_at`, `updated_at`) VALUES (\'1\', \'D3\', \'2\', \'benefit\', \'2025-11-11 02:23:00\', \'2025-11-11 02:23:00\')', 0)
 2 SYSTEMPATH\Database\BaseConnection.php(666): CodeIgniter\Database\MySQLi\Connection->execute('INSERT INTO `subcriteria` (`criteria_id`, `description`, `score`, `type`, `created_at`, `updated_at`) VALUES (\'1\', \'D3\', \'2\', \'benefit\', \'2025-11-11 02:23:00\', \'2025-11-11 02:23:00\')')
 3 SYSTEMPATH\Database\BaseConnection.php(593): CodeIgniter\Database\BaseConnection->simpleQuery('INSERT INTO `subcriteria` (`criteria_id`, `description`, `score`, `type`, `created_at`, `updated_at`) VALUES (\'1\', \'D3\', \'2\', \'benefit\', \'2025-11-11 02:23:00\', \'2025-11-11 02:23:00\')')
 4 SYSTEMPATH\Database\BaseBuilder.php(1916): CodeIgniter\Database\BaseConnection->query('INSERT INTO `subcriteria` (`criteria_id`, `description`, `score`, `type`, `created_at`, `updated_at`) VALUES (:criteria_id:, :description:, :score:, :type:, :created_at:, :updated_at:)', [...], false)
 5 SYSTEMPATH\Model.php(279): CodeIgniter\Database\BaseBuilder->insert()
 6 SYSTEMPATH\BaseModel.php(749): CodeIgniter\Model->doInsert([...])
 7 SYSTEMPATH\Model.php(667): CodeIgniter\BaseModel->insert([...], true)
 8 APPPATH\Controllers\SubcriteriaController.php(61): CodeIgniter\Model->insert([...])
 9 SYSTEMPATH\CodeIgniter.php(927): App\Controllers\SubcriteriaController->store()
10 SYSTEMPATH\CodeIgniter.php(482): CodeIgniter\CodeIgniter->runController(Object(App\Controllers\SubcriteriaController))
11 SYSTEMPATH\CodeIgniter.php(351): CodeIgniter\CodeIgniter->handleRequest(null, Object(Config\Cache), false)
12 FCPATH\index.php(67): CodeIgniter\CodeIgniter->run()
CRITICAL - 2025-11-11 02:47:03 --> Undefined variable $c
in APPPATH\Views\admin\subcriteria\index.php on line 48.
 1 APPPATH\Views\admin\subcriteria\index.php(48): CodeIgniter\Debug\Exceptions->errorHandler(2, 'Undefined variable $c', 'APPPATH\\Views\\admin\\subcriteria\\index.php', 48)
 2 SYSTEMPATH\View\View.php(213): include('APPPATH\\Views\\admin\\subcriteria\\index.php')
 3 SYSTEMPATH\View\View.php(216): CodeIgniter\View\View->CodeIgniter\View\{closure}()
 4 SYSTEMPATH\Common.php(1134): CodeIgniter\View\View->render('admin/subcriteria/index', [], true)
 5 APPPATH\Controllers\SubcriteriaController.php(37): view('admin/subcriteria/index', [...])
 6 SYSTEMPATH\CodeIgniter.php(927): App\Controllers\SubcriteriaController->index('1')
 7 SYSTEMPATH\CodeIgniter.php(482): CodeIgniter\CodeIgniter->runController(Object(App\Controllers\SubcriteriaController))
 8 SYSTEMPATH\CodeIgniter.php(351): CodeIgniter\CodeIgniter->handleRequest(null, Object(Config\Cache), false)
 9 FCPATH\index.php(67): CodeIgniter\CodeIgniter->run()
CRITICAL - 2025-11-11 03:00:59 --> Undefined array key "value"
in APPPATH\Views\admin\values\create.php on line 40.
 1 APPPATH\Views\admin\values\create.php(40): CodeIgniter\Debug\Exceptions->errorHandler(2, 'Undefined array key "value"', 'APPPATH\\Views\\admin\\values\\create.php', 40)
 2 SYSTEMPATH\View\View.php(213): include('APPPATH\\Views\\admin\\values\\create.php')
 3 SYSTEMPATH\View\View.php(216): CodeIgniter\View\View->CodeIgniter\View\{closure}()
 4 SYSTEMPATH\Common.php(1134): CodeIgniter\View\View->render('admin/values/create', [], true)
 5 APPPATH\Controllers\ValuesController.php(59): view('admin/values/create', [...])
 6 SYSTEMPATH\CodeIgniter.php(927): App\Controllers\ValuesController->create()
 7 SYSTEMPATH\CodeIgniter.php(482): CodeIgniter\CodeIgniter->runController(Object(App\Controllers\ValuesController))
 8 SYSTEMPATH\CodeIgniter.php(351): CodeIgniter\CodeIgniter->handleRequest(null, Object(Config\Cache), false)
 9 FCPATH\index.php(67): CodeIgniter\CodeIgniter->run()
CRITICAL - 2025-11-11 03:05:14 --> Undefined array key "name"
in APPPATH\Views\admin\values\create.php on line 41.
 1 APPPATH\Views\admin\values\create.php(41): CodeIgniter\Debug\Exceptions->errorHandler(2, 'Undefined array key "name"', 'APPPATH\\Views\\admin\\values\\create.php', 41)
 2 SYSTEMPATH\View\View.php(213): include('APPPATH\\Views\\admin\\values\\create.php')
 3 SYSTEMPATH\View\View.php(216): CodeIgniter\View\View->CodeIgniter\View\{closure}()
 4 SYSTEMPATH\Common.php(1134): CodeIgniter\View\View->render('admin/values/create', [], true)
 5 APPPATH\Controllers\ValuesController.php(59): view('admin/values/create', [...])
 6 SYSTEMPATH\CodeIgniter.php(927): App\Controllers\ValuesController->create()
 7 SYSTEMPATH\CodeIgniter.php(482): CodeIgniter\CodeIgniter->runController(Object(App\Controllers\ValuesController))
 8 SYSTEMPATH\CodeIgniter.php(351): CodeIgniter\CodeIgniter->handleRequest(null, Object(Config\Cache), false)
 9 FCPATH\index.php(67): CodeIgniter\CodeIgniter->run()
CRITICAL - 2025-11-11 03:44:33 --> Cannot access offset of type string on string
in APPPATH\Views\admin\subcriteria\create.php on line 16.
 1 SYSTEMPATH\View\View.php(213): include()
 2 SYSTEMPATH\View\View.php(216): CodeIgniter\View\View->CodeIgniter\View\{closure}()
 3 SYSTEMPATH\Common.php(1134): CodeIgniter\View\View->render('admin/subcriteria/create', [], true)
 4 APPPATH\Controllers\SubcriteriaController.php(54): view('admin/subcriteria/create', [...])
 5 SYSTEMPATH\CodeIgniter.php(927): App\Controllers\SubcriteriaController->create('1')
 6 SYSTEMPATH\CodeIgniter.php(482): CodeIgniter\CodeIgniter->runController(Object(App\Controllers\SubcriteriaController))
 7 SYSTEMPATH\CodeIgniter.php(351): CodeIgniter\CodeIgniter->handleRequest(null, Object(Config\Cache), false)
 8 FCPATH\index.php(67): CodeIgniter\CodeIgniter->run()
CRITICAL - 2025-11-11 03:47:40 --> Undefined array key "id"
in APPPATH\Views\admin\subcriteria\create.php on line 35.
 1 APPPATH\Views\admin\subcriteria\create.php(35): CodeIgniter\Debug\Exceptions->errorHandler(2, 'Undefined array key "id"', 'APPPATH\\Views\\admin\\subcriteria\\create.php', 35)
 2 SYSTEMPATH\View\View.php(213): include('APPPATH\\Views\\admin\\subcriteria\\create.php')
 3 SYSTEMPATH\View\View.php(216): CodeIgniter\View\View->CodeIgniter\View\{closure}()
 4 SYSTEMPATH\Common.php(1134): CodeIgniter\View\View->render('admin/subcriteria/create', [], true)
 5 APPPATH\Controllers\SubcriteriaController.php(54): view('admin/subcriteria/create', [...])
 6 SYSTEMPATH\CodeIgniter.php(927): App\Controllers\SubcriteriaController->create('1')
 7 SYSTEMPATH\CodeIgniter.php(482): CodeIgniter\CodeIgniter->runController(Object(App\Controllers\SubcriteriaController))
 8 SYSTEMPATH\CodeIgniter.php(351): CodeIgniter\CodeIgniter->handleRequest(null, Object(Config\Cache), false)
 9 FCPATH\index.php(67): CodeIgniter\CodeIgniter->run()
CRITICAL - 2025-11-11 03:48:02 --> Undefined array key "name"
in APPPATH\Views\admin\subcriteria\create.php on line 9.
 1 APPPATH\Views\admin\subcriteria\create.php(9): CodeIgniter\Debug\Exceptions->errorHandler(2, 'Undefined array key "name"', 'APPPATH\\Views\\admin\\subcriteria\\create.php', 9)
 2 SYSTEMPATH\View\View.php(213): include('APPPATH\\Views\\admin\\subcriteria\\create.php')
 3 SYSTEMPATH\View\View.php(216): CodeIgniter\View\View->CodeIgniter\View\{closure}()
 4 SYSTEMPATH\Common.php(1134): CodeIgniter\View\View->render('admin/subcriteria/create', [], true)
 5 APPPATH\Controllers\SubcriteriaController.php(54): view('admin/subcriteria/create', [...])
 6 SYSTEMPATH\CodeIgniter.php(927): App\Controllers\SubcriteriaController->create('1')
 7 SYSTEMPATH\CodeIgniter.php(482): CodeIgniter\CodeIgniter->runController(Object(App\Controllers\SubcriteriaController))
 8 SYSTEMPATH\CodeIgniter.php(351): CodeIgniter\CodeIgniter->handleRequest(null, Object(Config\Cache), false)
 9 FCPATH\index.php(67): CodeIgniter\CodeIgniter->run()
CRITICAL - 2025-11-11 03:56:07 --> Undefined array key 3
in APPPATH\Controllers\ValuesController.php on line 73.
 1 APPPATH\Controllers\ValuesController.php(73): CodeIgniter\Debug\Exceptions->errorHandler(2, 'Undefined array key 3', 'APPPATH\\Controllers\\ValuesController.php', 73)
 2 SYSTEMPATH\CodeIgniter.php(927): App\Controllers\ValuesController->store()
 3 SYSTEMPATH\CodeIgniter.php(482): CodeIgniter\CodeIgniter->runController(Object(App\Controllers\ValuesController))
 4 SYSTEMPATH\CodeIgniter.php(351): CodeIgniter\CodeIgniter->handleRequest(null, Object(Config\Cache), false)
 5 FCPATH\index.php(67): CodeIgniter\CodeIgniter->run()
CRITICAL - 2025-11-11 04:04:06 --> Undefined array key 3
in APPPATH\Controllers\ValuesController.php on line 74.
 1 APPPATH\Controllers\ValuesController.php(74): CodeIgniter\Debug\Exceptions->errorHandler(2, 'Undefined array key 3', 'APPPATH\\Controllers\\ValuesController.php', 74)
 2 SYSTEMPATH\CodeIgniter.php(927): App\Controllers\ValuesController->store()
 3 SYSTEMPATH\CodeIgniter.php(482): CodeIgniter\CodeIgniter->runController(Object(App\Controllers\ValuesController))
 4 SYSTEMPATH\CodeIgniter.php(351): CodeIgniter\CodeIgniter->handleRequest(null, Object(Config\Cache), false)
 5 FCPATH\index.php(67): CodeIgniter\CodeIgniter->run()
CRITICAL - 2025-11-11 04:04:14 --> Undefined array key 3
in APPPATH\Controllers\ValuesController.php on line 74.
 1 APPPATH\Controllers\ValuesController.php(74): CodeIgniter\Debug\Exceptions->errorHandler(2, 'Undefined array key 3', 'APPPATH\\Controllers\\ValuesController.php', 74)
 2 SYSTEMPATH\CodeIgniter.php(927): App\Controllers\ValuesController->store()
 3 SYSTEMPATH\CodeIgniter.php(482): CodeIgniter\CodeIgniter->runController(Object(App\Controllers\ValuesController))
 4 SYSTEMPATH\CodeIgniter.php(351): CodeIgniter\CodeIgniter->handleRequest(null, Object(Config\Cache), false)
 5 FCPATH\index.php(67): CodeIgniter\CodeIgniter->run()
CRITICAL - 2025-11-11 04:15:47 --> Undefined array key 3
in APPPATH\Controllers\ValuesController.php on line 77.
 1 APPPATH\Controllers\ValuesController.php(77): CodeIgniter\Debug\Exceptions->errorHandler(2, 'Undefined array key 3', 'APPPATH\\Controllers\\ValuesController.php', 77)
 2 SYSTEMPATH\CodeIgniter.php(927): App\Controllers\ValuesController->store()
 3 SYSTEMPATH\CodeIgniter.php(482): CodeIgniter\CodeIgniter->runController(Object(App\Controllers\ValuesController))
 4 SYSTEMPATH\CodeIgniter.php(351): CodeIgniter\CodeIgniter->handleRequest(null, Object(Config\Cache), false)
 5 FCPATH\index.php(67): CodeIgniter\CodeIgniter->run()
CRITICAL - 2025-11-11 04:46:41 --> Undefined array key 3
in APPPATH\Controllers\ValuesController.php on line 83.
 1 APPPATH\Controllers\ValuesController.php(83): CodeIgniter\Debug\Exceptions->errorHandler(2, 'Undefined array key 3', 'APPPATH\\Controllers\\ValuesController.php', 83)
 2 SYSTEMPATH\CodeIgniter.php(927): App\Controllers\ValuesController->store()
 3 SYSTEMPATH\CodeIgniter.php(482): CodeIgniter\CodeIgniter->runController(Object(App\Controllers\ValuesController))
 4 SYSTEMPATH\CodeIgniter.php(351): CodeIgniter\CodeIgniter->handleRequest(null, Object(Config\Cache), false)
 5 FCPATH\index.php(67): CodeIgniter\CodeIgniter->run()
CRITICAL - 2025-11-11 04:57:37 --> Undefined array key 3
in APPPATH\Controllers\ValuesController.php on line 83.
 1 APPPATH\Controllers\ValuesController.php(83): CodeIgniter\Debug\Exceptions->errorHandler(2, 'Undefined array key 3', 'APPPATH\\Controllers\\ValuesController.php', 83)
 2 SYSTEMPATH\CodeIgniter.php(927): App\Controllers\ValuesController->store()
 3 SYSTEMPATH\CodeIgniter.php(482): CodeIgniter\CodeIgniter->runController(Object(App\Controllers\ValuesController))
 4 SYSTEMPATH\CodeIgniter.php(351): CodeIgniter\CodeIgniter->handleRequest(null, Object(Config\Cache), false)
 5 FCPATH\index.php(67): CodeIgniter\CodeIgniter->run()
CRITICAL - 2025-11-11 05:01:51 --> Undefined variable $l
in APPPATH\Views\admin\lamaran\detail.php on line 57.
 1 APPPATH\Views\admin\lamaran\detail.php(57): CodeIgniter\Debug\Exceptions->errorHandler(2, 'Undefined variable $l', 'APPPATH\\Views\\admin\\lamaran\\detail.php', 57)
 2 SYSTEMPATH\View\View.php(213): include('APPPATH\\Views\\admin\\lamaran\\detail.php')
 3 SYSTEMPATH\View\View.php(216): CodeIgniter\View\View->CodeIgniter\View\{closure}()
 4 SYSTEMPATH\Common.php(1134): CodeIgniter\View\View->render('admin/lamaran/detail', [], true)
 5 APPPATH\Controllers\LamaranController.php(76): view('admin/lamaran/detail', [...])
 6 SYSTEMPATH\CodeIgniter.php(927): App\Controllers\LamaranController->detail('1')
 7 SYSTEMPATH\CodeIgniter.php(482): CodeIgniter\CodeIgniter->runController(Object(App\Controllers\LamaranController))
 8 SYSTEMPATH\CodeIgniter.php(351): CodeIgniter\CodeIgniter->handleRequest(null, Object(Config\Cache), false)
 9 FCPATH\index.php(67): CodeIgniter\CodeIgniter->run()
CRITICAL - 2025-11-11 05:14:15 --> View themes, no current section.
in SYSTEMPATH\View\View.php on line 394.
 1 APPPATH\Views\admin\lamaran\index.php(67): CodeIgniter\View\View->endSection()
 2 SYSTEMPATH\View\View.php(213): include('APPPATH\\Views\\admin\\lamaran\\index.php')
 3 SYSTEMPATH\View\View.php(216): CodeIgniter\View\View->CodeIgniter\View\{closure}()
 4 SYSTEMPATH\Common.php(1134): CodeIgniter\View\View->render('admin/lamaran/index', [], true)
 5 APPPATH\Controllers\LamaranController.php(31): view('admin/lamaran/index', [...])
 6 SYSTEMPATH\CodeIgniter.php(927): App\Controllers\LamaranController->index()
 7 SYSTEMPATH\CodeIgniter.php(482): CodeIgniter\CodeIgniter->runController(Object(App\Controllers\LamaranController))
 8 SYSTEMPATH\CodeIgniter.php(351): CodeIgniter\CodeIgniter->handleRequest(null, Object(Config\Cache), false)
 9 FCPATH\index.php(67): CodeIgniter\CodeIgniter->run()
CRITICAL - 2025-11-11 07:07:43 --> Undefined array key 3
in APPPATH\Controllers\ValuesController.php on line 83.
 1 APPPATH\Controllers\ValuesController.php(83): CodeIgniter\Debug\Exceptions->errorHandler(2, 'Undefined array key 3', 'APPPATH\\Controllers\\ValuesController.php', 83)
 2 SYSTEMPATH\CodeIgniter.php(927): App\Controllers\ValuesController->store()
 3 SYSTEMPATH\CodeIgniter.php(482): CodeIgniter\CodeIgniter->runController(Object(App\Controllers\ValuesController))
 4 SYSTEMPATH\CodeIgniter.php(351): CodeIgniter\CodeIgniter->handleRequest(null, Object(Config\Cache), false)
 5 FCPATH\index.php(67): CodeIgniter\CodeIgniter->run()
CRITICAL - 2025-11-11 07:12:08 --> Undefined variable $weigth
in APPPATH\Controllers\ValuesController.php on line 83.
 1 APPPATH\Controllers\ValuesController.php(83): CodeIgniter\Debug\Exceptions->errorHandler(2, 'Undefined variable $weigth', 'APPPATH\\Controllers\\ValuesController.php', 83)
 2 SYSTEMPATH\CodeIgniter.php(927): App\Controllers\ValuesController->store()
 3 SYSTEMPATH\CodeIgniter.php(482): CodeIgniter\CodeIgniter->runController(Object(App\Controllers\ValuesController))
 4 SYSTEMPATH\CodeIgniter.php(351): CodeIgniter\CodeIgniter->handleRequest(null, Object(Config\Cache), false)
 5 FCPATH\index.php(67): CodeIgniter\CodeIgniter->run()
CRITICAL - 2025-11-11 07:15:39 --> Undefined variable $weight
in APPPATH\Controllers\ValuesController.php on line 83.
 1 APPPATH\Controllers\ValuesController.php(83): CodeIgniter\Debug\Exceptions->errorHandler(2, 'Undefined variable $weight', 'APPPATH\\Controllers\\ValuesController.php', 83)
 2 SYSTEMPATH\CodeIgniter.php(927): App\Controllers\ValuesController->store()
 3 SYSTEMPATH\CodeIgniter.php(482): CodeIgniter\CodeIgniter->runController(Object(App\Controllers\ValuesController))
 4 SYSTEMPATH\CodeIgniter.php(351): CodeIgniter\CodeIgniter->handleRequest(null, Object(Config\Cache), false)
 5 FCPATH\index.php(67): CodeIgniter\CodeIgniter->run()
CRITICAL - 2025-11-11 07:16:31 --> Undefined array key 3
in APPPATH\Controllers\ValuesController.php on line 83.
 1 APPPATH\Controllers\ValuesController.php(83): CodeIgniter\Debug\Exceptions->errorHandler(2, 'Undefined array key 3', 'APPPATH\\Controllers\\ValuesController.php', 83)
 2 SYSTEMPATH\CodeIgniter.php(927): App\Controllers\ValuesController->store()
 3 SYSTEMPATH\CodeIgniter.php(482): CodeIgniter\CodeIgniter->runController(Object(App\Controllers\ValuesController))
 4 SYSTEMPATH\CodeIgniter.php(351): CodeIgniter\CodeIgniter->handleRequest(null, Object(Config\Cache), false)
 5 FCPATH\index.php(67): CodeIgniter\CodeIgniter->run()
CRITICAL - 2025-11-11 07:16:40 --> Undefined array key 3
in APPPATH\Controllers\ValuesController.php on line 83.
 1 APPPATH\Controllers\ValuesController.php(83): CodeIgniter\Debug\Exceptions->errorHandler(2, 'Undefined array key 3', 'APPPATH\\Controllers\\ValuesController.php', 83)
 2 SYSTEMPATH\CodeIgniter.php(927): App\Controllers\ValuesController->store()
 3 SYSTEMPATH\CodeIgniter.php(482): CodeIgniter\CodeIgniter->runController(Object(App\Controllers\ValuesController))
 4 SYSTEMPATH\CodeIgniter.php(351): CodeIgniter\CodeIgniter->handleRequest(null, Object(Config\Cache), false)
 5 FCPATH\index.php(67): CodeIgniter\CodeIgniter->run()
CRITICAL - 2025-11-11 07:21:37 --> Undefined array key 3
in APPPATH\Controllers\ValuesController.php on line 83.
 1 APPPATH\Controllers\ValuesController.php(83): CodeIgniter\Debug\Exceptions->errorHandler(2, 'Undefined array key 3', 'APPPATH\\Controllers\\ValuesController.php', 83)
 2 SYSTEMPATH\CodeIgniter.php(927): App\Controllers\ValuesController->store()
 3 SYSTEMPATH\CodeIgniter.php(482): CodeIgniter\CodeIgniter->runController(Object(App\Controllers\ValuesController))
 4 SYSTEMPATH\CodeIgniter.php(351): CodeIgniter\CodeIgniter->handleRequest(null, Object(Config\Cache), false)
 5 FCPATH\index.php(67): CodeIgniter\CodeIgniter->run()
CRITICAL - 2025-11-11 07:22:18 --> Undefined variable $value
in APPPATH\Controllers\ValuesController.php on line 83.
 1 APPPATH\Controllers\ValuesController.php(83): CodeIgniter\Debug\Exceptions->errorHandler(2, 'Undefined variable $value', 'APPPATH\\Controllers\\ValuesController.php', 83)
 2 SYSTEMPATH\CodeIgniter.php(927): App\Controllers\ValuesController->store()
 3 SYSTEMPATH\CodeIgniter.php(482): CodeIgniter\CodeIgniter->runController(Object(App\Controllers\ValuesController))
 4 SYSTEMPATH\CodeIgniter.php(351): CodeIgniter\CodeIgniter->handleRequest(null, Object(Config\Cache), false)
 5 FCPATH\index.php(67): CodeIgniter\CodeIgniter->run()
CRITICAL - 2025-11-11 09:02:30 --> Call to undefined function character_limiter()
in APPPATH\Views\landing\index.php on line 108.
 1 SYSTEMPATH\View\View.php(213): include()
 2 SYSTEMPATH\View\View.php(216): CodeIgniter\View\View->CodeIgniter\View\{closure}()
 3 SYSTEMPATH\Common.php(1134): CodeIgniter\View\View->render('landing/index', [], true)
 4 APPPATH\Controllers\LandingController.php(22): view('landing/index', [...])
 5 SYSTEMPATH\CodeIgniter.php(927): App\Controllers\LandingController->index()
 6 SYSTEMPATH\CodeIgniter.php(482): CodeIgniter\CodeIgniter->runController(Object(App\Controllers\LandingController))
 7 SYSTEMPATH\CodeIgniter.php(351): CodeIgniter\CodeIgniter->handleRequest(null, Object(Config\Cache), false)
 8 FCPATH\index.php(67): CodeIgniter\CodeIgniter->run()
CRITICAL - 2025-11-11 09:06:32 --> Call to undefined function word_limiter()
in APPPATH\Views\landing\index.php on line 108.
 1 SYSTEMPATH\View\View.php(213): include()
 2 SYSTEMPATH\View\View.php(216): CodeIgniter\View\View->CodeIgniter\View\{closure}()
 3 SYSTEMPATH\Common.php(1134): CodeIgniter\View\View->render('landing/index', [], true)
 4 APPPATH\Controllers\LandingController.php(22): view('landing/index', [...])
 5 SYSTEMPATH\CodeIgniter.php(927): App\Controllers\LandingController->index()
 6 SYSTEMPATH\CodeIgniter.php(482): CodeIgniter\CodeIgniter->runController(Object(App\Controllers\LandingController))
 7 SYSTEMPATH\CodeIgniter.php(351): CodeIgniter\CodeIgniter->handleRequest(null, Object(Config\Cache), false)
 8 FCPATH\index.php(67): CodeIgniter\CodeIgniter->run()
CRITICAL - 2025-11-11 09:06:33 --> Call to undefined function word_limiter()
in APPPATH\Views\landing\index.php on line 108.
 1 SYSTEMPATH\View\View.php(213): include()
 2 SYSTEMPATH\View\View.php(216): CodeIgniter\View\View->CodeIgniter\View\{closure}()
 3 SYSTEMPATH\Common.php(1134): CodeIgniter\View\View->render('landing/index', [], true)
 4 APPPATH\Controllers\LandingController.php(22): view('landing/index', [...])
 5 SYSTEMPATH\CodeIgniter.php(927): App\Controllers\LandingController->index()
 6 SYSTEMPATH\CodeIgniter.php(482): CodeIgniter\CodeIgniter->runController(Object(App\Controllers\LandingController))
 7 SYSTEMPATH\CodeIgniter.php(351): CodeIgniter\CodeIgniter->handleRequest(null, Object(Config\Cache), false)
 8 FCPATH\index.php(67): CodeIgniter\CodeIgniter->run()
CRITICAL - 2025-11-11 09:06:35 --> Call to undefined function word_limiter()
in APPPATH\Views\landing\index.php on line 108.
 1 SYSTEMPATH\View\View.php(213): include()
 2 SYSTEMPATH\View\View.php(216): CodeIgniter\View\View->CodeIgniter\View\{closure}()
 3 SYSTEMPATH\Common.php(1134): CodeIgniter\View\View->render('landing/index', [], true)
 4 APPPATH\Controllers\LandingController.php(22): view('landing/index', [...])
 5 SYSTEMPATH\CodeIgniter.php(927): App\Controllers\LandingController->index()
 6 SYSTEMPATH\CodeIgniter.php(482): CodeIgniter\CodeIgniter->runController(Object(App\Controllers\LandingController))
 7 SYSTEMPATH\CodeIgniter.php(351): CodeIgniter\CodeIgniter->handleRequest(null, Object(Config\Cache), false)
 8 FCPATH\index.php(67): CodeIgniter\CodeIgniter->run()
CRITICAL - 2025-11-11 09:25:01 --> Undefined variable $sub
in APPPATH\Views\admin\lowongan\edit.php on line 24.
 1 APPPATH\Views\admin\lowongan\edit.php(24): CodeIgniter\Debug\Exceptions->errorHandler(2, 'Undefined variable $sub', 'APPPATH\\Views\\admin\\lowongan\\edit.php', 24)
 2 SYSTEMPATH\View\View.php(213): include('APPPATH\\Views\\admin\\lowongan\\edit.php')
 3 SYSTEMPATH\View\View.php(216): CodeIgniter\View\View->CodeIgniter\View\{closure}()
 4 SYSTEMPATH\Common.php(1134): CodeIgniter\View\View->render('admin/lowongan/edit', [], true)
 5 APPPATH\Controllers\LowonganController.php(51): view('admin/lowongan/edit', [...])
 6 SYSTEMPATH\CodeIgniter.php(927): App\Controllers\LowonganController->edit('6')
 7 SYSTEMPATH\CodeIgniter.php(482): CodeIgniter\CodeIgniter->runController(Object(App\Controllers\LowonganController))
 8 SYSTEMPATH\CodeIgniter.php(351): CodeIgniter\CodeIgniter->handleRequest(null, Object(Config\Cache), false)
 9 FCPATH\index.php(67): CodeIgniter\CodeIgniter->run()
CRITICAL - 2025-11-11 09:25:32 --> Undefined variable $sub
in APPPATH\Views\admin\lowongan\edit.php on line 24.
 1 APPPATH\Views\admin\lowongan\edit.php(24): CodeIgniter\Debug\Exceptions->errorHandler(2, 'Undefined variable $sub', 'APPPATH\\Views\\admin\\lowongan\\edit.php', 24)
 2 SYSTEMPATH\View\View.php(213): include('APPPATH\\Views\\admin\\lowongan\\edit.php')
 3 SYSTEMPATH\View\View.php(216): CodeIgniter\View\View->CodeIgniter\View\{closure}()
 4 SYSTEMPATH\Common.php(1134): CodeIgniter\View\View->render('admin/lowongan/edit', [], true)
 5 APPPATH\Controllers\LowonganController.php(51): view('admin/lowongan/edit', [...])
 6 SYSTEMPATH\CodeIgniter.php(927): App\Controllers\LowonganController->edit('6')
 7 SYSTEMPATH\CodeIgniter.php(482): CodeIgniter\CodeIgniter->runController(Object(App\Controllers\LowonganController))
 8 SYSTEMPATH\CodeIgniter.php(351): CodeIgniter\CodeIgniter->handleRequest(null, Object(Config\Cache), false)
 9 FCPATH\index.php(67): CodeIgniter\CodeIgniter->run()
CRITICAL - 2025-11-11 09:26:22 --> Undefined variable $l
in APPPATH\Views\admin\lowongan\edit.php on line 24.
 1 APPPATH\Views\admin\lowongan\edit.php(24): CodeIgniter\Debug\Exceptions->errorHandler(2, 'Undefined variable $l', 'APPPATH\\Views\\admin\\lowongan\\edit.php', 24)
 2 SYSTEMPATH\View\View.php(213): include('APPPATH\\Views\\admin\\lowongan\\edit.php')
 3 SYSTEMPATH\View\View.php(216): CodeIgniter\View\View->CodeIgniter\View\{closure}()
 4 SYSTEMPATH\Common.php(1134): CodeIgniter\View\View->render('admin/lowongan/edit', [], true)
 5 APPPATH\Controllers\LowonganController.php(51): view('admin/lowongan/edit', [...])
 6 SYSTEMPATH\CodeIgniter.php(927): App\Controllers\LowonganController->edit('6')
 7 SYSTEMPATH\CodeIgniter.php(482): CodeIgniter\CodeIgniter->runController(Object(App\Controllers\LowonganController))
 8 SYSTEMPATH\CodeIgniter.php(351): CodeIgniter\CodeIgniter->handleRequest(null, Object(Config\Cache), false)
 9 FCPATH\index.php(67): CodeIgniter\CodeIgniter->run()
CRITICAL - 2025-11-11 09:27:29 --> Undefined variable $l
in APPPATH\Views\admin\lowongan\edit.php on line 24.
 1 APPPATH\Views\admin\lowongan\edit.php(24): CodeIgniter\Debug\Exceptions->errorHandler(2, 'Undefined variable $l', 'APPPATH\\Views\\admin\\lowongan\\edit.php', 24)
 2 SYSTEMPATH\View\View.php(213): include('APPPATH\\Views\\admin\\lowongan\\edit.php')
 3 SYSTEMPATH\View\View.php(216): CodeIgniter\View\View->CodeIgniter\View\{closure}()
 4 SYSTEMPATH\Common.php(1134): CodeIgniter\View\View->render('admin/lowongan/edit', [], true)
 5 APPPATH\Controllers\LowonganController.php(52): view('admin/lowongan/edit', [...])
 6 SYSTEMPATH\CodeIgniter.php(927): App\Controllers\LowonganController->edit('6')
 7 SYSTEMPATH\CodeIgniter.php(482): CodeIgniter\CodeIgniter->runController(Object(App\Controllers\LowonganController))
 8 SYSTEMPATH\CodeIgniter.php(351): CodeIgniter\CodeIgniter->handleRequest(null, Object(Config\Cache), false)
 9 FCPATH\index.php(67): CodeIgniter\CodeIgniter->run()
CRITICAL - 2025-11-11 09:27:56 --> Undefined variable $data
in APPPATH\Views\admin\lowongan\edit.php on line 24.
 1 APPPATH\Views\admin\lowongan\edit.php(24): CodeIgniter\Debug\Exceptions->errorHandler(2, 'Undefined variable $data', 'APPPATH\\Views\\admin\\lowongan\\edit.php', 24)
 2 SYSTEMPATH\View\View.php(213): include('APPPATH\\Views\\admin\\lowongan\\edit.php')
 3 SYSTEMPATH\View\View.php(216): CodeIgniter\View\View->CodeIgniter\View\{closure}()
 4 SYSTEMPATH\Common.php(1134): CodeIgniter\View\View->render('admin/lowongan/edit', [], true)
 5 APPPATH\Controllers\LowonganController.php(52): view('admin/lowongan/edit', [...])
 6 SYSTEMPATH\CodeIgniter.php(927): App\Controllers\LowonganController->edit('6')
 7 SYSTEMPATH\CodeIgniter.php(482): CodeIgniter\CodeIgniter->runController(Object(App\Controllers\LowonganController))
 8 SYSTEMPATH\CodeIgniter.php(351): CodeIgniter\CodeIgniter->handleRequest(null, Object(Config\Cache), false)
 9 FCPATH\index.php(67): CodeIgniter\CodeIgniter->run()
CRITICAL - 2025-11-11 09:27:58 --> Undefined variable $data
in APPPATH\Views\admin\lowongan\edit.php on line 24.
 1 APPPATH\Views\admin\lowongan\edit.php(24): CodeIgniter\Debug\Exceptions->errorHandler(2, 'Undefined variable $data', 'APPPATH\\Views\\admin\\lowongan\\edit.php', 24)
 2 SYSTEMPATH\View\View.php(213): include('APPPATH\\Views\\admin\\lowongan\\edit.php')
 3 SYSTEMPATH\View\View.php(216): CodeIgniter\View\View->CodeIgniter\View\{closure}()
 4 SYSTEMPATH\Common.php(1134): CodeIgniter\View\View->render('admin/lowongan/edit', [], true)
 5 APPPATH\Controllers\LowonganController.php(52): view('admin/lowongan/edit', [...])
 6 SYSTEMPATH\CodeIgniter.php(927): App\Controllers\LowonganController->edit('6')
 7 SYSTEMPATH\CodeIgniter.php(482): CodeIgniter\CodeIgniter->runController(Object(App\Controllers\LowonganController))
 8 SYSTEMPATH\CodeIgniter.php(351): CodeIgniter\CodeIgniter->handleRequest(null, Object(Config\Cache), false)
 9 FCPATH\index.php(67): CodeIgniter\CodeIgniter->run()
CRITICAL - 2025-11-11 09:28:17 --> Undefined variable $id
in APPPATH\Views\admin\lowongan\edit.php on line 24.
 1 APPPATH\Views\admin\lowongan\edit.php(24): CodeIgniter\Debug\Exceptions->errorHandler(2, 'Undefined variable $id', 'APPPATH\\Views\\admin\\lowongan\\edit.php', 24)
 2 SYSTEMPATH\View\View.php(213): include('APPPATH\\Views\\admin\\lowongan\\edit.php')
 3 SYSTEMPATH\View\View.php(216): CodeIgniter\View\View->CodeIgniter\View\{closure}()
 4 SYSTEMPATH\Common.php(1134): CodeIgniter\View\View->render('admin/lowongan/edit', [], true)
 5 APPPATH\Controllers\LowonganController.php(52): view('admin/lowongan/edit', [...])
 6 SYSTEMPATH\CodeIgniter.php(927): App\Controllers\LowonganController->edit('6')
 7 SYSTEMPATH\CodeIgniter.php(482): CodeIgniter\CodeIgniter->runController(Object(App\Controllers\LowonganController))
 8 SYSTEMPATH\CodeIgniter.php(351): CodeIgniter\CodeIgniter->handleRequest(null, Object(Config\Cache), false)
 9 FCPATH\index.php(67): CodeIgniter\CodeIgniter->run()
CRITICAL - 2025-11-11 09:32:35 --> Undefined variable $lowongan
in APPPATH\Views\admin\lowongan\create.php on line 24.
 1 APPPATH\Views\admin\lowongan\create.php(24): CodeIgniter\Debug\Exceptions->errorHandler(2, 'Undefined variable $lowongan', 'APPPATH\\Views\\admin\\lowongan\\create.php', 24)
 2 SYSTEMPATH\View\View.php(213): include('APPPATH\\Views\\admin\\lowongan\\create.php')
 3 SYSTEMPATH\View\View.php(216): CodeIgniter\View\View->CodeIgniter\View\{closure}()
 4 SYSTEMPATH\Common.php(1134): CodeIgniter\View\View->render('admin/lowongan/create', [], true)
 5 APPPATH\Controllers\LowonganController.php(30): view('admin/lowongan/create', [...])
 6 SYSTEMPATH\CodeIgniter.php(927): App\Controllers\LowonganController->create()
 7 SYSTEMPATH\CodeIgniter.php(482): CodeIgniter\CodeIgniter->runController(Object(App\Controllers\LowonganController))
 8 SYSTEMPATH\CodeIgniter.php(351): CodeIgniter\CodeIgniter->handleRequest(null, Object(Config\Cache), false)
 9 FCPATH\index.php(67): CodeIgniter\CodeIgniter->run()
