CRITICAL - 2025-12-16 13:03:27 --> Undefined property: App\Controllers\DataController::$pekerjaanModel
in APPPATH\Controllers\DataController.php on line 33.
 1 APPPATH\Controllers\DataController.php(33): CodeIgniter\Debug\Exceptions->errorHandler(2, 'Undefined property: App\\Controllers\\DataController::$pekerjaanModel', 'APPPATH\\Controllers\\DataController.php', 33)
 2 SYSTEMPATH\CodeIgniter.php(927): App\Controllers\DataController->index()
 3 SYSTEMPATH\CodeIgniter.php(482): CodeIgniter\CodeIgniter->runController(Object(App\Controllers\DataController))
 4 SYSTEMPATH\CodeIgniter.php(351): CodeIgniter\CodeIgniter->handleRequest(null, Object(Config\Cache), false)
 5 FCPATH\index.php(67): CodeIgniter\CodeIgniter->run()
CRITICAL - 2025-12-16 13:04:24 --> Undefined variable $d
in APPPATH\Views\admin\data\index.php on line 241.
 1 APPPATH\Views\admin\data\index.php(241): CodeIgniter\Debug\Exceptions->errorHandler(2, 'Undefined variable $d', 'APPPATH\\Views\\admin\\data\\index.php', 241)
 2 SYSTEMPATH\View\View.php(213): include('APPPATH\\Views\\admin\\data\\index.php')
 3 SYSTEMPATH\View\View.php(216): CodeIgniter\View\View->CodeIgniter\View\{closure}()
 4 SYSTEMPATH\Common.php(1134): CodeIgniter\View\View->render('admin/data/index', [], true)
 5 APPPATH\Controllers\DataController.php(93): view('admin/data/index', [...])
 6 SYSTEMPATH\CodeIgniter.php(927): App\Controllers\DataController->index()
 7 SYSTEMPATH\CodeIgniter.php(482): CodeIgniter\CodeIgniter->runController(Object(App\Controllers\DataController))
 8 SYSTEMPATH\CodeIgniter.php(351): CodeIgniter\CodeIgniter->handleRequest(null, Object(Config\Cache), false)
 9 FCPATH\index.php(67): CodeIgniter\CodeIgniter->run()
CRITICAL - 2025-12-16 13:04:57 --> Undefined variable $d
in APPPATH\Views\admin\data\index.php on line 241.
 1 APPPATH\Views\admin\data\index.php(241): CodeIgniter\Debug\Exceptions->errorHandler(2, 'Undefined variable $d', 'APPPATH\\Views\\admin\\data\\index.php', 241)
 2 SYSTEMPATH\View\View.php(213): include('APPPATH\\Views\\admin\\data\\index.php')
 3 SYSTEMPATH\View\View.php(216): CodeIgniter\View\View->CodeIgniter\View\{closure}()
 4 SYSTEMPATH\Common.php(1134): CodeIgniter\View\View->render('admin/data/index', [], true)
 5 APPPATH\Controllers\DataController.php(93): view('admin/data/index', [...])
 6 SYSTEMPATH\CodeIgniter.php(927): App\Controllers\DataController->index()
 7 SYSTEMPATH\CodeIgniter.php(482): CodeIgniter\CodeIgniter->runController(Object(App\Controllers\DataController))
 8 SYSTEMPATH\CodeIgniter.php(351): CodeIgniter\CodeIgniter->handleRequest(null, Object(Config\Cache), false)
 9 FCPATH\index.php(67): CodeIgniter\CodeIgniter->run()
CRITICAL - 2025-12-16 13:05:05 --> Undefined variable $d
in APPPATH\Views\admin\data\index.php on line 241.
 1 APPPATH\Views\admin\data\index.php(241): CodeIgniter\Debug\Exceptions->errorHandler(2, 'Undefined variable $d', 'APPPATH\\Views\\admin\\data\\index.php', 241)
 2 SYSTEMPATH\View\View.php(213): include('APPPATH\\Views\\admin\\data\\index.php')
 3 SYSTEMPATH\View\View.php(216): CodeIgniter\View\View->CodeIgniter\View\{closure}()
 4 SYSTEMPATH\Common.php(1134): CodeIgniter\View\View->render('admin/data/index', [], true)
 5 APPPATH\Controllers\DataController.php(93): view('admin/data/index', [...])
 6 SYSTEMPATH\CodeIgniter.php(927): App\Controllers\DataController->index()
 7 SYSTEMPATH\CodeIgniter.php(482): CodeIgniter\CodeIgniter->runController(Object(App\Controllers\DataController))
 8 SYSTEMPATH\CodeIgniter.php(351): CodeIgniter\CodeIgniter->handleRequest(null, Object(Config\Cache), false)
 9 FCPATH\index.php(67): CodeIgniter\CodeIgniter->run()
CRITICAL - 2025-12-16 13:07:02 --> syntax error, unexpected end of file
in APPPATH\Views\admin\data\index.php on line 278.
 1 SYSTEMPATH\View\View.php(216): CodeIgniter\View\View->CodeIgniter\View\{closure}()
 2 SYSTEMPATH\Common.php(1134): CodeIgniter\View\View->render('admin/data/index', [], true)
 3 APPPATH\Controllers\DataController.php(93): view('admin/data/index', [...])
 4 SYSTEMPATH\CodeIgniter.php(927): App\Controllers\DataController->index()
 5 SYSTEMPATH\CodeIgniter.php(482): CodeIgniter\CodeIgniter->runController(Object(App\Controllers\DataController))
 6 SYSTEMPATH\CodeIgniter.php(351): CodeIgniter\CodeIgniter->handleRequest(null, Object(Config\Cache), false)
 7 FCPATH\index.php(67): CodeIgniter\CodeIgniter->run()
