CRITICAL - 2025-10-28 00:50:03 --> Invalid file: landing/partials/hero.php
in SYSTEMPATH\Exceptions\FrameworkException.php on line 33.
 1 SYSTEMPATH\View\View.php(201): CodeIgniter\Exceptions\FrameworkException::forInvalidFile('landing/partials/hero.php')
 2 SYSTEMPATH\View\View.php(431): CodeIgniter\View\View->render('landing/partials/hero', null, true)
 3 APPPATH\Views\landing\index.php(4): CodeIgniter\View\View->include('landing/partials/hero')
 4 SYSTEMPATH\View\View.php(213): include('APPPATH\\Views\\landing\\index.php')
 5 SYSTEMPATH\View\View.php(216): CodeIgniter\View\View->CodeIgniter\View\{closure}()
 6 SYSTEMPATH\Common.php(1134): CodeIgniter\View\View->render('landing/index', [], true)
 7 APPPATH\Controllers\LandingController.php(16): view('landing/index', [...])
 8 SYSTEMPATH\CodeIgniter.php(927): App\Controllers\LandingController->index()
 9 SYSTEMPATH\CodeIgniter.php(482): CodeIgniter\CodeIgniter->runController(Object(App\Controllers\LandingController))
10 SYSTEMPATH\CodeIgniter.php(351): CodeIgniter\CodeIgniter->handleRequest(null, Object(Config\Cache), false)
11 FCPATH\index.php(67): CodeIgniter\CodeIgniter->run()
CRITICAL - 2025-10-28 04:03:50 --> Invalid file: landing/partials/hero.php
in SYSTEMPATH\Exceptions\FrameworkException.php on line 33.
 1 SYSTEMPATH\View\View.php(201): CodeIgniter\Exceptions\FrameworkException::forInvalidFile('landing/partials/hero.php')
 2 SYSTEMPATH\View\View.php(431): CodeIgniter\View\View->render('landing/partials/hero', null, true)
 3 APPPATH\Views\landing\index.php(4): CodeIgniter\View\View->include('landing/partials/hero')
 4 SYSTEMPATH\View\View.php(213): include('APPPATH\\Views\\landing\\index.php')
 5 SYSTEMPATH\View\View.php(216): CodeIgniter\View\View->CodeIgniter\View\{closure}()
 6 SYSTEMPATH\Common.php(1134): CodeIgniter\View\View->render('landing/index', [], true)
 7 APPPATH\Controllers\LandingController.php(16): view('landing/index', [...])
 8 SYSTEMPATH\CodeIgniter.php(927): App\Controllers\LandingController->index()
 9 SYSTEMPATH\CodeIgniter.php(482): CodeIgniter\CodeIgniter->runController(Object(App\Controllers\LandingController))
10 SYSTEMPATH\CodeIgniter.php(351): CodeIgniter\CodeIgniter->handleRequest(null, Object(Config\Cache), false)
11 FCPATH\index.php(67): CodeIgniter\CodeIgniter->run()
CRITICAL - 2025-10-28 22:52:55 --> Invalid file: landing/partials/hero.php
in SYSTEMPATH\Exceptions\FrameworkException.php on line 33.
 1 SYSTEMPATH\View\View.php(201): CodeIgniter\Exceptions\FrameworkException::forInvalidFile('landing/partials/hero.php')
 2 SYSTEMPATH\View\View.php(431): CodeIgniter\View\View->render('landing/partials/hero', null, true)
 3 APPPATH\Views\landing\index.php(4): CodeIgniter\View\View->include('landing/partials/hero')
 4 SYSTEMPATH\View\View.php(213): include('APPPATH\\Views\\landing\\index.php')
 5 SYSTEMPATH\View\View.php(216): CodeIgniter\View\View->CodeIgniter\View\{closure}()
 6 SYSTEMPATH\Common.php(1134): CodeIgniter\View\View->render('landing/index', [], true)
 7 APPPATH\Controllers\LandingController.php(16): view('landing/index', [...])
 8 SYSTEMPATH\CodeIgniter.php(927): App\Controllers\LandingController->index()
 9 SYSTEMPATH\CodeIgniter.php(482): CodeIgniter\CodeIgniter->runController(Object(App\Controllers\LandingController))
10 SYSTEMPATH\CodeIgniter.php(351): CodeIgniter\CodeIgniter->handleRequest(null, Object(Config\Cache), false)
11 FCPATH\index.php(67): CodeIgniter\CodeIgniter->run()
CRITICAL - 2025-10-28 23:24:17 --> Invalid file: landing/partials/hero.php
in SYSTEMPATH\Exceptions\FrameworkException.php on line 33.
 1 SYSTEMPATH\View\View.php(201): CodeIgniter\Exceptions\FrameworkException::forInvalidFile('landing/partials/hero.php')
 2 SYSTEMPATH\View\View.php(431): CodeIgniter\View\View->render('landing/partials/hero', null, true)
 3 APPPATH\Views\landing\index.php(4): CodeIgniter\View\View->include('landing/partials/hero')
 4 SYSTEMPATH\View\View.php(213): include('APPPATH\\Views\\landing\\index.php')
 5 SYSTEMPATH\View\View.php(216): CodeIgniter\View\View->CodeIgniter\View\{closure}()
 6 SYSTEMPATH\Common.php(1134): CodeIgniter\View\View->render('landing/index', [], true)
 7 APPPATH\Controllers\LandingController.php(16): view('landing/index', [...])
 8 SYSTEMPATH\CodeIgniter.php(927): App\Controllers\LandingController->index()
 9 SYSTEMPATH\CodeIgniter.php(482): CodeIgniter\CodeIgniter->runController(Object(App\Controllers\LandingController))
10 SYSTEMPATH\CodeIgniter.php(351): CodeIgniter\CodeIgniter->handleRequest(null, Object(Config\Cache), false)
11 FCPATH\index.php(67): CodeIgniter\CodeIgniter->run()
CRITICAL - 2025-10-28 23:24:24 --> syntax error, unexpected token ">"
in APPPATH\Controllers\AdminController.php on line 20.
 1 SYSTEMPATH\Autoloader\Autoloader.php(259): CodeIgniter\Autoloader\Autoloader->includeFile('APPPATH\\Controllers\\AdminController.php')
 2 SYSTEMPATH\Autoloader\Autoloader.php(237): CodeIgniter\Autoloader\Autoloader->loadInNamespace('App\\Controllers\\AdminController')
 3 [internal function]: CodeIgniter\Autoloader\Autoloader->loadClass('App\\Controllers\\AdminController')
 4 SYSTEMPATH\CodeIgniter.php(877): class_exists('\\App\\Controllers\\AdminController', true)
 5 SYSTEMPATH\CodeIgniter.php(469): CodeIgniter\CodeIgniter->startController()
 6 SYSTEMPATH\CodeIgniter.php(351): CodeIgniter\CodeIgniter->handleRequest(null, Object(Config\Cache), false)
 7 FCPATH\index.php(67): CodeIgniter\CodeIgniter->run()
CRITICAL - 2025-10-28 23:35:52 --> Invalid file: criteria/index.php
in SYSTEMPATH\Exceptions\FrameworkException.php on line 33.
 1 SYSTEMPATH\View\View.php(201): CodeIgniter\Exceptions\FrameworkException::forInvalidFile('criteria/index.php')
 2 SYSTEMPATH\Common.php(1134): CodeIgniter\View\View->render('criteria/index', [], true)
 3 APPPATH\Controllers\CriteriaController.php(21): view('criteria/index', [...])
 4 SYSTEMPATH\CodeIgniter.php(927): App\Controllers\CriteriaController->index()
 5 SYSTEMPATH\CodeIgniter.php(482): CodeIgniter\CodeIgniter->runController(Object(App\Controllers\CriteriaController))
 6 SYSTEMPATH\CodeIgniter.php(351): CodeIgniter\CodeIgniter->handleRequest(null, Object(Config\Cache), false)
 7 FCPATH\index.php(67): CodeIgniter\CodeIgniter->run()
CRITICAL - 2025-10-28 23:35:56 --> Invalid file: layouts/main.php
in SYSTEMPATH\Exceptions\FrameworkException.php on line 33.
 1 SYSTEMPATH\View\View.php(201): CodeIgniter\Exceptions\FrameworkException::forInvalidFile('layouts/main.php')
 2 SYSTEMPATH\View\View.php(229): CodeIgniter\View\View->render('layouts/main', [], true)
 3 SYSTEMPATH\Common.php(1134): CodeIgniter\View\View->render('admin/alternatives/index', [], true)
 4 APPPATH\Controllers\AlternativesController.php(23): view('admin/alternatives/index', [...])
 5 SYSTEMPATH\CodeIgniter.php(927): App\Controllers\AlternativesController->index()
 6 SYSTEMPATH\CodeIgniter.php(482): CodeIgniter\CodeIgniter->runController(Object(App\Controllers\AlternativesController))
 7 SYSTEMPATH\CodeIgniter.php(351): CodeIgniter\CodeIgniter->handleRequest(null, Object(Config\Cache), false)
 8 FCPATH\index.php(67): CodeIgniter\CodeIgniter->run()
CRITICAL - 2025-10-28 23:36:39 --> Invalid file: layouts/main.php
in SYSTEMPATH\Exceptions\FrameworkException.php on line 33.
 1 SYSTEMPATH\View\View.php(201): CodeIgniter\Exceptions\FrameworkException::forInvalidFile('layouts/main.php')
 2 SYSTEMPATH\View\View.php(229): CodeIgniter\View\View->render('layouts/main', [], true)
 3 SYSTEMPATH\Common.php(1134): CodeIgniter\View\View->render('admin/criteria/index', [], true)
 4 APPPATH\Controllers\CriteriaController.php(11): view('admin/criteria/index', [...])
 5 SYSTEMPATH\CodeIgniter.php(927): App\Controllers\CriteriaController->index()
 6 SYSTEMPATH\CodeIgniter.php(482): CodeIgniter\CodeIgniter->runController(Object(App\Controllers\CriteriaController))
 7 SYSTEMPATH\CodeIgniter.php(351): CodeIgniter\CodeIgniter->handleRequest(null, Object(Config\Cache), false)
 8 FCPATH\index.php(67): CodeIgniter\CodeIgniter->run()
CRITICAL - 2025-10-28 23:38:30 --> Invalid file: landing/partials/hero.php
in SYSTEMPATH\Exceptions\FrameworkException.php on line 33.
 1 SYSTEMPATH\View\View.php(201): CodeIgniter\Exceptions\FrameworkException::forInvalidFile('landing/partials/hero.php')
 2 SYSTEMPATH\View\View.php(431): CodeIgniter\View\View->render('landing/partials/hero', null, true)
 3 APPPATH\Views\landing\index.php(4): CodeIgniter\View\View->include('landing/partials/hero')
 4 SYSTEMPATH\View\View.php(213): include('APPPATH\\Views\\landing\\index.php')
 5 SYSTEMPATH\View\View.php(216): CodeIgniter\View\View->CodeIgniter\View\{closure}()
 6 SYSTEMPATH\Common.php(1134): CodeIgniter\View\View->render('landing/index', [], true)
 7 APPPATH\Controllers\LandingController.php(16): view('landing/index', [...])
 8 SYSTEMPATH\CodeIgniter.php(927): App\Controllers\LandingController->index()
 9 SYSTEMPATH\CodeIgniter.php(482): CodeIgniter\CodeIgniter->runController(Object(App\Controllers\LandingController))
10 SYSTEMPATH\CodeIgniter.php(351): CodeIgniter\CodeIgniter->handleRequest(null, Object(Config\Cache), false)
11 FCPATH\index.php(67): CodeIgniter\CodeIgniter->run()
