CRITICAL - 2025-10-20 21:57:56 --> Invalid file: layouts/sidebar.php
in SYSTEMPATH\Exceptions\FrameworkException.php on line 33.
 1 SYSTEMPATH\View\View.php(201): CodeIgniter\Exceptions\FrameworkException::forInvalidFile('layouts/sidebar.php')
 2 SYSTEMPATH\View\View.php(431): CodeIgniter\View\View->render('layouts/sidebar', null, true)
 3 APPPATH\Views\layout\main.php(11): CodeIgniter\View\View->include('layouts/sidebar')
 4 SYSTEMPATH\View\View.php(213): include('APPPATH\\Views\\layout\\main.php')
 5 SYSTEMPATH\View\View.php(216): CodeIgniter\View\View->CodeIgniter\View\{closure}()
 6 SYSTEMPATH\View\View.php(229): CodeIgniter\View\View->render('layout/main', [], true)
 7 SYSTEMPATH\Common.php(1134): CodeIgniter\View\View->render('home/dashboard', [], true)
 8 APPPATH\Controllers\Home.php(8): view('home/dashboard', [...])
 9 SYSTEMPATH\CodeIgniter.php(927): App\Controllers\Home->index()
10 SYSTEMPATH\CodeIgniter.php(482): CodeIgniter\CodeIgniter->runController(Object(App\Controllers\Home))
11 SYSTEMPATH\CodeIgniter.php(351): CodeIgniter\CodeIgniter->handleRequest(null, Object(Config\Cache), false)
12 FCPATH\index.php(67): CodeIgniter\CodeIgniter->run()
CRITICAL - 2025-10-20 21:59:35 --> Invalid file: layouts/main.php
in SYSTEMPATH\Exceptions\FrameworkException.php on line 33.
 1 SYSTEMPATH\View\View.php(201): CodeIgniter\Exceptions\FrameworkException::forInvalidFile('layouts/main.php')
 2 SYSTEMPATH\View\View.php(229): CodeIgniter\View\View->render('layouts/main', [], true)
 3 SYSTEMPATH\Common.php(1134): CodeIgniter\View\View->render('home/dashboard', [], true)
 4 APPPATH\Controllers\Home.php(13): view('home/dashboard', [...])
 5 SYSTEMPATH\CodeIgniter.php(927): App\Controllers\Home->index()
 6 SYSTEMPATH\CodeIgniter.php(482): CodeIgniter\CodeIgniter->runController(Object(App\Controllers\Home))
 7 SYSTEMPATH\CodeIgniter.php(351): CodeIgniter\CodeIgniter->handleRequest(null, Object(Config\Cache), false)
 8 FCPATH\index.php(67): CodeIgniter\CodeIgniter->run()
CRITICAL - 2025-10-20 22:01:11 --> Invalid file: layouts/main.php
in SYSTEMPATH\Exceptions\FrameworkException.php on line 33.
 1 SYSTEMPATH\View\View.php(201): CodeIgniter\Exceptions\FrameworkException::forInvalidFile('layouts/main.php')
 2 SYSTEMPATH\View\View.php(229): CodeIgniter\View\View->render('layouts/main', [], true)
 3 SYSTEMPATH\Common.php(1134): CodeIgniter\View\View->render('home/dashboard', [], true)
 4 APPPATH\Controllers\Home.php(13): view('home/dashboard', [...])
 5 SYSTEMPATH\CodeIgniter.php(927): App\Controllers\Home->index()
 6 SYSTEMPATH\CodeIgniter.php(482): CodeIgniter\CodeIgniter->runController(Object(App\Controllers\Home))
 7 SYSTEMPATH\CodeIgniter.php(351): CodeIgniter\CodeIgniter->handleRequest(null, Object(Config\Cache), false)
 8 FCPATH\index.php(67): CodeIgniter\CodeIgniter->run()
CRITICAL - 2025-10-20 22:01:14 --> Invalid file: layouts/main.php
in SYSTEMPATH\Exceptions\FrameworkException.php on line 33.
 1 SYSTEMPATH\View\View.php(201): CodeIgniter\Exceptions\FrameworkException::forInvalidFile('layouts/main.php')
 2 SYSTEMPATH\View\View.php(229): CodeIgniter\View\View->render('layouts/main', [], true)
 3 SYSTEMPATH\Common.php(1134): CodeIgniter\View\View->render('home/dashboard', [], true)
 4 APPPATH\Controllers\Home.php(13): view('home/dashboard', [...])
 5 SYSTEMPATH\CodeIgniter.php(927): App\Controllers\Home->index()
 6 SYSTEMPATH\CodeIgniter.php(482): CodeIgniter\CodeIgniter->runController(Object(App\Controllers\Home))
 7 SYSTEMPATH\CodeIgniter.php(351): CodeIgniter\CodeIgniter->handleRequest(null, Object(Config\Cache), false)
 8 FCPATH\index.php(67): CodeIgniter\CodeIgniter->run()
CRITICAL - 2025-10-20 22:01:17 --> Invalid file: layouts/main.php
in SYSTEMPATH\Exceptions\FrameworkException.php on line 33.
 1 SYSTEMPATH\View\View.php(201): CodeIgniter\Exceptions\FrameworkException::forInvalidFile('layouts/main.php')
 2 SYSTEMPATH\View\View.php(229): CodeIgniter\View\View->render('layouts/main', [], true)
 3 SYSTEMPATH\Common.php(1134): CodeIgniter\View\View->render('home/dashboard', [], true)
 4 APPPATH\Controllers\Home.php(13): view('home/dashboard', [...])
 5 SYSTEMPATH\CodeIgniter.php(927): App\Controllers\Home->index()
 6 SYSTEMPATH\CodeIgniter.php(482): CodeIgniter\CodeIgniter->runController(Object(App\Controllers\Home))
 7 SYSTEMPATH\CodeIgniter.php(351): CodeIgniter\CodeIgniter->handleRequest(null, Object(Config\Cache), false)
 8 FCPATH\index.php(67): CodeIgniter\CodeIgniter->run()
CRITICAL - 2025-10-20 22:01:51 --> Invalid file: layouts/main.php
in SYSTEMPATH\Exceptions\FrameworkException.php on line 33.
 1 SYSTEMPATH\View\View.php(201): CodeIgniter\Exceptions\FrameworkException::forInvalidFile('layouts/main.php')
 2 SYSTEMPATH\View\View.php(229): CodeIgniter\View\View->render('layouts/main', [], true)
 3 SYSTEMPATH\Common.php(1134): CodeIgniter\View\View->render('home/dashboard', [], true)
 4 APPPATH\Controllers\Home.php(13): view('home/dashboard', [...])
 5 SYSTEMPATH\CodeIgniter.php(927): App\Controllers\Home->index()
 6 SYSTEMPATH\CodeIgniter.php(482): CodeIgniter\CodeIgniter->runController(Object(App\Controllers\Home))
 7 SYSTEMPATH\CodeIgniter.php(351): CodeIgniter\CodeIgniter->handleRequest(null, Object(Config\Cache), false)
 8 FCPATH\index.php(67): CodeIgniter\CodeIgniter->run()
CRITICAL - 2025-10-20 22:04:35 --> Invalid file: layouts/main.php
in SYSTEMPATH\Exceptions\FrameworkException.php on line 33.
 1 SYSTEMPATH\View\View.php(201): CodeIgniter\Exceptions\FrameworkException::forInvalidFile('layouts/main.php')
 2 SYSTEMPATH\View\View.php(229): CodeIgniter\View\View->render('layouts/main', [], true)
 3 SYSTEMPATH\Common.php(1134): CodeIgniter\View\View->render('home/dashboard', [], true)
 4 APPPATH\Controllers\Home.php(13): view('home/dashboard', [...])
 5 SYSTEMPATH\CodeIgniter.php(927): App\Controllers\Home->index()
 6 SYSTEMPATH\CodeIgniter.php(482): CodeIgniter\CodeIgniter->runController(Object(App\Controllers\Home))
 7 SYSTEMPATH\CodeIgniter.php(351): CodeIgniter\CodeIgniter->handleRequest(null, Object(Config\Cache), false)
 8 FCPATH\index.php(67): CodeIgniter\CodeIgniter->run()
CRITICAL - 2025-10-20 22:04:50 --> Invalid file: layout/header.php
in SYSTEMPATH\Exceptions\FrameworkException.php on line 33.
 1 SYSTEMPATH\View\View.php(201): CodeIgniter\Exceptions\FrameworkException::forInvalidFile('layout/header.php')
 2 SYSTEMPATH\View\View.php(431): CodeIgniter\View\View->render('layout/header', null, true)
 3 APPPATH\Views\alternatives\index.php(1): CodeIgniter\View\View->include('layout/header')
 4 SYSTEMPATH\View\View.php(213): include('APPPATH\\Views\\alternatives\\index.php')
 5 SYSTEMPATH\View\View.php(216): CodeIgniter\View\View->CodeIgniter\View\{closure}()
 6 SYSTEMPATH\Common.php(1134): CodeIgniter\View\View->render('alternatives/index', [], true)
 7 APPPATH\Controllers\AlternativesController.php(9): view('alternatives/index', [...])
 8 SYSTEMPATH\CodeIgniter.php(927): App\Controllers\AlternativesController->index()
 9 SYSTEMPATH\CodeIgniter.php(482): CodeIgniter\CodeIgniter->runController(Object(App\Controllers\AlternativesController))
10 SYSTEMPATH\CodeIgniter.php(351): CodeIgniter\CodeIgniter->handleRequest(null, Object(Config\Cache), false)
11 FCPATH\index.php(67): CodeIgniter\CodeIgniter->run()
CRITICAL - 2025-10-20 22:06:25 --> Invalid file: layout/header.php
in SYSTEMPATH\Exceptions\FrameworkException.php on line 33.
 1 SYSTEMPATH\View\View.php(201): CodeIgniter\Exceptions\FrameworkException::forInvalidFile('layout/header.php')
 2 SYSTEMPATH\View\View.php(431): CodeIgniter\View\View->render('layout/header', null, true)
 3 APPPATH\Views\alternatives\index.php(1): CodeIgniter\View\View->include('layout/header')
 4 SYSTEMPATH\View\View.php(213): include('APPPATH\\Views\\alternatives\\index.php')
 5 SYSTEMPATH\View\View.php(216): CodeIgniter\View\View->CodeIgniter\View\{closure}()
 6 SYSTEMPATH\Common.php(1134): CodeIgniter\View\View->render('alternatives/index', [], true)
 7 APPPATH\Controllers\AlternativesController.php(9): view('alternatives/index', [...])
 8 SYSTEMPATH\CodeIgniter.php(927): App\Controllers\AlternativesController->index()
 9 SYSTEMPATH\CodeIgniter.php(482): CodeIgniter\CodeIgniter->runController(Object(App\Controllers\AlternativesController))
10 SYSTEMPATH\CodeIgniter.php(351): CodeIgniter\CodeIgniter->handleRequest(null, Object(Config\Cache), false)
11 FCPATH\index.php(67): CodeIgniter\CodeIgniter->run()
CRITICAL - 2025-10-20 22:09:11 --> Invalid file: layout/header.php
in SYSTEMPATH\Exceptions\FrameworkException.php on line 33.
 1 SYSTEMPATH\View\View.php(201): CodeIgniter\Exceptions\FrameworkException::forInvalidFile('layout/header.php')
 2 SYSTEMPATH\View\View.php(431): CodeIgniter\View\View->render('layout/header', null, true)
 3 APPPATH\Views\alternatives\index.php(1): CodeIgniter\View\View->include('layout/header')
 4 SYSTEMPATH\View\View.php(213): include('APPPATH\\Views\\alternatives\\index.php')
 5 SYSTEMPATH\View\View.php(216): CodeIgniter\View\View->CodeIgniter\View\{closure}()
 6 SYSTEMPATH\Common.php(1134): CodeIgniter\View\View->render('alternatives/index', [], true)
 7 APPPATH\Controllers\AlternativesController.php(9): view('alternatives/index', [...])
 8 SYSTEMPATH\CodeIgniter.php(927): App\Controllers\AlternativesController->index()
 9 SYSTEMPATH\CodeIgniter.php(482): CodeIgniter\CodeIgniter->runController(Object(App\Controllers\AlternativesController))
10 SYSTEMPATH\CodeIgniter.php(351): CodeIgniter\CodeIgniter->handleRequest(null, Object(Config\Cache), false)
11 FCPATH\index.php(67): CodeIgniter\CodeIgniter->run()
CRITICAL - 2025-10-20 22:20:38 --> Invalid file: layout/header.php
in SYSTEMPATH\Exceptions\FrameworkException.php on line 33.
 1 SYSTEMPATH\View\View.php(201): CodeIgniter\Exceptions\FrameworkException::forInvalidFile('layout/header.php')
 2 SYSTEMPATH\View\View.php(431): CodeIgniter\View\View->render('layout/header', null, true)
 3 APPPATH\Views\alternatives\index.php(1): CodeIgniter\View\View->include('layout/header')
 4 SYSTEMPATH\View\View.php(213): include('APPPATH\\Views\\alternatives\\index.php')
 5 SYSTEMPATH\View\View.php(216): CodeIgniter\View\View->CodeIgniter\View\{closure}()
 6 SYSTEMPATH\Common.php(1134): CodeIgniter\View\View->render('alternatives/index', [], true)
 7 APPPATH\Controllers\AlternativesController.php(9): view('alternatives/index', [...])
 8 SYSTEMPATH\CodeIgniter.php(927): App\Controllers\AlternativesController->index()
 9 SYSTEMPATH\CodeIgniter.php(482): CodeIgniter\CodeIgniter->runController(Object(App\Controllers\AlternativesController))
10 SYSTEMPATH\CodeIgniter.php(351): CodeIgniter\CodeIgniter->handleRequest(null, Object(Config\Cache), false)
11 FCPATH\index.php(67): CodeIgniter\CodeIgniter->run()
CRITICAL - 2025-10-20 22:32:44 --> Class "App\Models\AlternativeModel" not found
in APPPATH\Controllers\AlternativesController.php on line 11.
 1 SYSTEMPATH\CodeIgniter.php(889): App\Controllers\AlternativesController->__construct()
 2 SYSTEMPATH\CodeIgniter.php(473): CodeIgniter\CodeIgniter->createController()
 3 SYSTEMPATH\CodeIgniter.php(351): CodeIgniter\CodeIgniter->handleRequest(null, Object(Config\Cache), false)
 4 FCPATH\index.php(67): CodeIgniter\CodeIgniter->run()
CRITICAL - 2025-10-20 22:32:51 --> Undefined array key "alt_name"
in APPPATH\Views\values\index.php on line 21.
 1 APPPATH\Views\values\index.php(21): CodeIgniter\Debug\Exceptions->errorHandler(2, 'Undefined array key "alt_name"', 'APPPATH\\Views\\values\\index.php', 21)
 2 SYSTEMPATH\View\View.php(213): include('APPPATH\\Views\\values\\index.php')
 3 SYSTEMPATH\View\View.php(216): CodeIgniter\View\View->CodeIgniter\View\{closure}()
 4 SYSTEMPATH\Common.php(1134): CodeIgniter\View\View->render('values/index', [], true)
 5 APPPATH\Controllers\ValuesController.php(17): view('values/index', [...])
 6 SYSTEMPATH\CodeIgniter.php(927): App\Controllers\ValuesController->index()
 7 SYSTEMPATH\CodeIgniter.php(482): CodeIgniter\CodeIgniter->runController(Object(App\Controllers\ValuesController))
 8 SYSTEMPATH\CodeIgniter.php(351): CodeIgniter\CodeIgniter->handleRequest(null, Object(Config\Cache), false)
 9 FCPATH\index.php(67): CodeIgniter\CodeIgniter->run()
CRITICAL - 2025-10-20 22:32:54 --> Class "App\Models\AlternativeModel" not found
in APPPATH\Controllers\Spk.php on line 17.
 1 SYSTEMPATH\CodeIgniter.php(889): App\Controllers\Spk->__construct()
 2 SYSTEMPATH\CodeIgniter.php(473): CodeIgniter\CodeIgniter->createController()
 3 SYSTEMPATH\CodeIgniter.php(351): CodeIgniter\CodeIgniter->handleRequest(null, Object(Config\Cache), false)
 4 FCPATH\index.php(67): CodeIgniter\CodeIgniter->run()
CRITICAL - 2025-10-20 22:33:12 --> Undefined array key "criterion_id"
in APPPATH\Controllers\Spk.php on line 49.
 1 APPPATH\Controllers\Spk.php(49): CodeIgniter\Debug\Exceptions->errorHandler(2, 'Undefined array key "criterion_id"', 'APPPATH\\Controllers\\Spk.php', 49)
 2 SYSTEMPATH\CodeIgniter.php(927): App\Controllers\Spk->result()
 3 SYSTEMPATH\CodeIgniter.php(482): CodeIgniter\CodeIgniter->runController(Object(App\Controllers\Spk))
 4 SYSTEMPATH\CodeIgniter.php(351): CodeIgniter\CodeIgniter->handleRequest(null, Object(Config\Cache), false)
 5 FCPATH\index.php(67): CodeIgniter\CodeIgniter->run()
CRITICAL - 2025-10-20 22:42:11 --> Invalid file: layout/main.php
in SYSTEMPATH\Exceptions\FrameworkException.php on line 33.
 1 SYSTEMPATH\View\View.php(201): CodeIgniter\Exceptions\FrameworkException::forInvalidFile('layout/main.php')
 2 SYSTEMPATH\View\View.php(229): CodeIgniter\View\View->render('layout/main', [], true)
 3 SYSTEMPATH\Common.php(1134): CodeIgniter\View\View->render('alternatives/index', [], true)
 4 APPPATH\Controllers\AlternativesController.php(17): view('alternatives/index', [...])
 5 SYSTEMPATH\CodeIgniter.php(927): App\Controllers\AlternativesController->index()
 6 SYSTEMPATH\CodeIgniter.php(482): CodeIgniter\CodeIgniter->runController(Object(App\Controllers\AlternativesController))
 7 SYSTEMPATH\CodeIgniter.php(351): CodeIgniter\CodeIgniter->handleRequest(null, Object(Config\Cache), false)
 8 FCPATH\index.php(67): CodeIgniter\CodeIgniter->run()
CRITICAL - 2025-10-20 22:58:18 --> Undefined array key "alt_name"
in APPPATH\Views\values\index.php on line 21.
 1 APPPATH\Views\values\index.php(21): CodeIgniter\Debug\Exceptions->errorHandler(2, 'Undefined array key "alt_name"', 'APPPATH\\Views\\values\\index.php', 21)
 2 SYSTEMPATH\View\View.php(213): include('APPPATH\\Views\\values\\index.php')
 3 SYSTEMPATH\View\View.php(216): CodeIgniter\View\View->CodeIgniter\View\{closure}()
 4 SYSTEMPATH\Common.php(1134): CodeIgniter\View\View->render('values/index', [], true)
 5 APPPATH\Controllers\ValuesController.php(17): view('values/index', [...])
 6 SYSTEMPATH\CodeIgniter.php(927): App\Controllers\ValuesController->index()
 7 SYSTEMPATH\CodeIgniter.php(482): CodeIgniter\CodeIgniter->runController(Object(App\Controllers\ValuesController))
 8 SYSTEMPATH\CodeIgniter.php(351): CodeIgniter\CodeIgniter->handleRequest(null, Object(Config\Cache), false)
 9 FCPATH\index.php(67): CodeIgniter\CodeIgniter->run()
CRITICAL - 2025-10-20 22:59:00 --> Undefined array key "alt_name"
in APPPATH\Views\values\index.php on line 21.
 1 APPPATH\Views\values\index.php(21): CodeIgniter\Debug\Exceptions->errorHandler(2, 'Undefined array key "alt_name"', 'APPPATH\\Views\\values\\index.php', 21)
 2 SYSTEMPATH\View\View.php(213): include('APPPATH\\Views\\values\\index.php')
 3 SYSTEMPATH\View\View.php(216): CodeIgniter\View\View->CodeIgniter\View\{closure}()
 4 SYSTEMPATH\Common.php(1134): CodeIgniter\View\View->render('values/index', [], true)
 5 APPPATH\Controllers\ValuesController.php(17): view('values/index', [...])
 6 SYSTEMPATH\CodeIgniter.php(927): App\Controllers\ValuesController->index()
 7 SYSTEMPATH\CodeIgniter.php(482): CodeIgniter\CodeIgniter->runController(Object(App\Controllers\ValuesController))
 8 SYSTEMPATH\CodeIgniter.php(351): CodeIgniter\CodeIgniter->handleRequest(null, Object(Config\Cache), false)
 9 FCPATH\index.php(67): CodeIgniter\CodeIgniter->run()
CRITICAL - 2025-10-20 23:07:00 --> Undefined array key "criterion_id"
in APPPATH\Controllers\Spk.php on line 49.
 1 APPPATH\Controllers\Spk.php(49): CodeIgniter\Debug\Exceptions->errorHandler(2, 'Undefined array key "criterion_id"', 'APPPATH\\Controllers\\Spk.php', 49)
 2 SYSTEMPATH\CodeIgniter.php(927): App\Controllers\Spk->result()
 3 SYSTEMPATH\CodeIgniter.php(482): CodeIgniter\CodeIgniter->runController(Object(App\Controllers\Spk))
 4 SYSTEMPATH\CodeIgniter.php(351): CodeIgniter\CodeIgniter->handleRequest(null, Object(Config\Cache), false)
 5 FCPATH\index.php(67): CodeIgniter\CodeIgniter->run()
CRITICAL - 2025-10-20 23:29:54 --> Invalid file: layouts/footer.php
in SYSTEMPATH\Exceptions\FrameworkException.php on line 33.
 1 SYSTEMPATH\View\View.php(201): CodeIgniter\Exceptions\FrameworkException::forInvalidFile('layouts/footer.php')
 2 SYSTEMPATH\View\View.php(431): CodeIgniter\View\View->render('layouts/footer', null, true)
 3 APPPATH\Views\layouts\main.php(25): CodeIgniter\View\View->include('layouts/footer')
 4 SYSTEMPATH\View\View.php(213): include('APPPATH\\Views\\layouts\\main.php')
 5 SYSTEMPATH\View\View.php(216): CodeIgniter\View\View->CodeIgniter\View\{closure}()
 6 SYSTEMPATH\View\View.php(229): CodeIgniter\View\View->render('layouts/main', [], true)
 7 SYSTEMPATH\Common.php(1134): CodeIgniter\View\View->render('home/dashboard', [], true)
 8 APPPATH\Controllers\Home.php(8): view('home/dashboard', [...])
 9 SYSTEMPATH\CodeIgniter.php(927): App\Controllers\Home->index()
10 SYSTEMPATH\CodeIgniter.php(482): CodeIgniter\CodeIgniter->runController(Object(App\Controllers\Home))
11 SYSTEMPATH\CodeIgniter.php(351): CodeIgniter\CodeIgniter->handleRequest(null, Object(Config\Cache), false)
12 FCPATH\index.php(67): CodeIgniter\CodeIgniter->run()
