CRITICAL - 2025-11-02 23:48:01 --> Undefined array key "judul"
in APPPATH\Views\landing\index.php on line 147.
 1 APPPATH\Views\landing\index.php(147): CodeIgniter\Debug\Exceptions->errorHandler(2, 'Undefined array key "judul"', 'APPPATH\\Views\\landing\\index.php', 147)
 2 SYSTEMPATH\View\View.php(213): include('APPPATH\\Views\\landing\\index.php')
 3 SYSTEMPATH\View\View.php(216): CodeIgniter\View\View->CodeIgniter\View\{closure}()
 4 SYSTEMPATH\Common.php(1134): CodeIgniter\View\View->render('landing/index', [], true)
 5 APPPATH\Controllers\LandingController.php(22): view('landing/index', [...])
 6 SYSTEMPATH\CodeIgniter.php(927): App\Controllers\LandingController->index()
 7 SYSTEMPATH\CodeIgniter.php(482): CodeIgniter\CodeIgniter->runController(Object(App\Controllers\LandingController))
 8 SYSTEMPATH\CodeIgniter.php(351): CodeIgniter\CodeIgniter->handleRequest(null, Object(Config\Cache), false)
 9 FCPATH\index.php(67): CodeIgniter\CodeIgniter->run()
CRITICAL - 2025-11-02 23:50:37 --> Undefined array key "tipe"
in APPPATH\Views\landing\index.php on line 152.
 1 APPPATH\Views\landing\index.php(152): CodeIgniter\Debug\Exceptions->errorHandler(2, 'Undefined array key "tipe"', 'APPPATH\\Views\\landing\\index.php', 152)
 2 SYSTEMPATH\View\View.php(213): include('APPPATH\\Views\\landing\\index.php')
 3 SYSTEMPATH\View\View.php(216): CodeIgniter\View\View->CodeIgniter\View\{closure}()
 4 SYSTEMPATH\Common.php(1134): CodeIgniter\View\View->render('landing/index', [], true)
 5 APPPATH\Controllers\LandingController.php(22): view('landing/index', [...])
 6 SYSTEMPATH\CodeIgniter.php(927): App\Controllers\LandingController->index()
 7 SYSTEMPATH\CodeIgniter.php(482): CodeIgniter\CodeIgniter->runController(Object(App\Controllers\LandingController))
 8 SYSTEMPATH\CodeIgniter.php(351): CodeIgniter\CodeIgniter->handleRequest(null, Object(Config\Cache), false)
 9 FCPATH\index.php(67): CodeIgniter\CodeIgniter->run()
