CRITICAL - 2025-11-27 00:08:31 --> Class "App\Models\NilaiModel" not found
in APPPATH\Controllers\DataController.php on line 29.
 1 SYSTEMPATH\CodeIgniter.php(889): App\Controllers\DataController->__construct()
 2 SYSTEMPATH\CodeIgniter.php(473): CodeIgniter\CodeIgniter->createController()
 3 SYSTEMPATH\CodeIgniter.php(351): CodeIgniter\CodeIgniter->handleRequest(null, Object(Config\Cache), false)
 4 FCPATH\index.php(67): CodeIgniter\CodeIgniter->run()
CRITICAL - 2025-11-27 00:12:25 --> Class "App\Models\NilaiModel" not found
in APPPATH\Controllers\DataController.php on line 29.
 1 SYSTEMPATH\CodeIgniter.php(889): App\Controllers\DataController->__construct()
 2 SYSTEMPATH\CodeIgniter.php(473): CodeIgniter\CodeIgniter->createController()
 3 SYSTEMPATH\CodeIgniter.php(351): CodeIgniter\CodeIgniter->handleRequest(null, Object(Config\Cache), false)
 4 FCPATH\index.php(67): CodeIgniter\CodeIgniter->run()
CRITICAL - 2025-11-27 00:40:42 --> Class "App\Models\NilaiModel" not found
in APPPATH\Controllers\DataController.php on line 31.
 1 SYSTEMPATH\CodeIgniter.php(889): App\Controllers\DataController->__construct()
 2 SYSTEMPATH\CodeIgniter.php(473): CodeIgniter\CodeIgniter->createController()
 3 SYSTEMPATH\CodeIgniter.php(351): CodeIgniter\CodeIgniter->handleRequest(null, Object(Config\Cache), false)
 4 FCPATH\index.php(67): CodeIgniter\CodeIgniter->run()
CRITICAL - 2025-11-27 00:41:07 --> Class "App\Models\NilaiModel" not found
in APPPATH\Controllers\DataController.php on line 31.
 1 SYSTEMPATH\CodeIgniter.php(889): App\Controllers\DataController->__construct()
 2 SYSTEMPATH\CodeIgniter.php(473): CodeIgniter\CodeIgniter->createController()
 3 SYSTEMPATH\CodeIgniter.php(351): CodeIgniter\CodeIgniter->handleRequest(null, Object(Config\Cache), false)
 4 FCPATH\index.php(67): CodeIgniter\CodeIgniter->run()
CRITICAL - 2025-11-27 00:44:31 --> Undefined array key "cv"
in APPPATH\Views\admin\data\detail.php on line 28.
 1 APPPATH\Views\admin\data\detail.php(28): CodeIgniter\Debug\Exceptions->errorHandler(2, 'Undefined array key "cv"', 'APPPATH\\Views\\admin\\data\\detail.php', 28)
 2 SYSTEMPATH\View\View.php(213): include('APPPATH\\Views\\admin\\data\\detail.php')
 3 SYSTEMPATH\View\View.php(216): CodeIgniter\View\View->CodeIgniter\View\{closure}()
 4 SYSTEMPATH\Common.php(1134): CodeIgniter\View\View->render('admin/data/detail', [], true)
 5 APPPATH\Controllers\DataController.php(66): view('admin/data/detail', [...])
 6 SYSTEMPATH\CodeIgniter.php(927): App\Controllers\DataController->detail('2')
 7 SYSTEMPATH\CodeIgniter.php(482): CodeIgniter\CodeIgniter->runController(Object(App\Controllers\DataController))
 8 SYSTEMPATH\CodeIgniter.php(351): CodeIgniter\CodeIgniter->handleRequest(null, Object(Config\Cache), false)
 9 FCPATH\index.php(67): CodeIgniter\CodeIgniter->run()
CRITICAL - 2025-11-27 00:54:35 --> Undefined variable $keyword
in APPPATH\Views\admin\data\index.php on line 77.
 1 APPPATH\Views\admin\data\index.php(77): CodeIgniter\Debug\Exceptions->errorHandler(2, 'Undefined variable $keyword', 'APPPATH\\Views\\admin\\data\\index.php', 77)
 2 SYSTEMPATH\View\View.php(213): include('APPPATH\\Views\\admin\\data\\index.php')
 3 SYSTEMPATH\View\View.php(216): CodeIgniter\View\View->CodeIgniter\View\{closure}()
 4 SYSTEMPATH\Common.php(1134): CodeIgniter\View\View->render('admin/data/index', [], true)
 5 APPPATH\Controllers\DataController.php(24): view('admin/data/index', [...])
 6 SYSTEMPATH\CodeIgniter.php(927): App\Controllers\DataController->index()
 7 SYSTEMPATH\CodeIgniter.php(482): CodeIgniter\CodeIgniter->runController(Object(App\Controllers\DataController))
 8 SYSTEMPATH\CodeIgniter.php(351): CodeIgniter\CodeIgniter->handleRequest(null, Object(Config\Cache), false)
 9 FCPATH\index.php(67): CodeIgniter\CodeIgniter->run()
CRITICAL - 2025-11-27 00:56:30 --> Undefined variable $keyword
in APPPATH\Views\admin\data\index.php on line 77.
 1 APPPATH\Views\admin\data\index.php(77): CodeIgniter\Debug\Exceptions->errorHandler(2, 'Undefined variable $keyword', 'APPPATH\\Views\\admin\\data\\index.php', 77)
 2 SYSTEMPATH\View\View.php(213): include('APPPATH\\Views\\admin\\data\\index.php')
 3 SYSTEMPATH\View\View.php(216): CodeIgniter\View\View->CodeIgniter\View\{closure}()
 4 SYSTEMPATH\Common.php(1134): CodeIgniter\View\View->render('admin/data/index', [], true)
 5 APPPATH\Controllers\DataController.php(24): view('admin/data/index', [...])
 6 SYSTEMPATH\CodeIgniter.php(927): App\Controllers\DataController->index()
 7 SYSTEMPATH\CodeIgniter.php(482): CodeIgniter\CodeIgniter->runController(Object(App\Controllers\DataController))
 8 SYSTEMPATH\CodeIgniter.php(351): CodeIgniter\CodeIgniter->handleRequest(null, Object(Config\Cache), false)
 9 FCPATH\index.php(67): CodeIgniter\CodeIgniter->run()
CRITICAL - 2025-11-27 00:56:34 --> Undefined array key "weight"
in APPPATH\Views\admin\criteria\index.php on line 122.
 1 APPPATH\Views\admin\criteria\index.php(122): CodeIgniter\Debug\Exceptions->errorHandler(2, 'Undefined array key "weight"', 'APPPATH\\Views\\admin\\criteria\\index.php', 122)
 2 SYSTEMPATH\View\View.php(213): include('APPPATH\\Views\\admin\\criteria\\index.php')
 3 SYSTEMPATH\View\View.php(216): CodeIgniter\View\View->CodeIgniter\View\{closure}()
 4 SYSTEMPATH\Common.php(1134): CodeIgniter\View\View->render('admin/criteria/index', [], true)
 5 APPPATH\Controllers\CriteriaController.php(36): view('admin/criteria/index', [...])
 6 SYSTEMPATH\CodeIgniter.php(927): App\Controllers\CriteriaController->index()
 7 SYSTEMPATH\CodeIgniter.php(482): CodeIgniter\CodeIgniter->runController(Object(App\Controllers\CriteriaController))
 8 SYSTEMPATH\CodeIgniter.php(351): CodeIgniter\CodeIgniter->handleRequest(null, Object(Config\Cache), false)
 9 FCPATH\index.php(67): CodeIgniter\CodeIgniter->run()
CRITICAL - 2025-11-27 00:57:35 --> Undefined array key "cv"
in APPPATH\Views\admin\lowongan\detail_pelamar.php on line 24.
 1 APPPATH\Views\admin\lowongan\detail_pelamar.php(24): CodeIgniter\Debug\Exceptions->errorHandler(2, 'Undefined array key "cv"', 'APPPATH\\Views\\admin\\lowongan\\detail_pelamar.php', 24)
 2 SYSTEMPATH\View\View.php(213): include('APPPATH\\Views\\admin\\lowongan\\detail_pelamar.php')
 3 SYSTEMPATH\View\View.php(216): CodeIgniter\View\View->CodeIgniter\View\{closure}()
 4 SYSTEMPATH\Common.php(1134): CodeIgniter\View\View->render('admin/lowongan/detail_pelamar', [], true)
 5 APPPATH\Controllers\LowonganController.php(193): view('admin/lowongan/detail_pelamar', [...])
 6 SYSTEMPATH\CodeIgniter.php(927): App\Controllers\LowonganController->detailPelamar('2')
 7 SYSTEMPATH\CodeIgniter.php(482): CodeIgniter\CodeIgniter->runController(Object(App\Controllers\LowonganController))
 8 SYSTEMPATH\CodeIgniter.php(351): CodeIgniter\CodeIgniter->handleRequest(null, Object(Config\Cache), false)
 9 FCPATH\index.php(67): CodeIgniter\CodeIgniter->run()
CRITICAL - 2025-11-27 01:00:13 --> Undefined array key "cv"
in APPPATH\Views\admin\lowongan\detail_pelamar.php on line 24.
 1 APPPATH\Views\admin\lowongan\detail_pelamar.php(24): CodeIgniter\Debug\Exceptions->errorHandler(2, 'Undefined array key "cv"', 'APPPATH\\Views\\admin\\lowongan\\detail_pelamar.php', 24)
 2 SYSTEMPATH\View\View.php(213): include('APPPATH\\Views\\admin\\lowongan\\detail_pelamar.php')
 3 SYSTEMPATH\View\View.php(216): CodeIgniter\View\View->CodeIgniter\View\{closure}()
 4 SYSTEMPATH\Common.php(1134): CodeIgniter\View\View->render('admin/lowongan/detail_pelamar', [], true)
 5 APPPATH\Controllers\LowonganController.php(193): view('admin/lowongan/detail_pelamar', [...])
 6 SYSTEMPATH\CodeIgniter.php(927): App\Controllers\LowonganController->detailPelamar('2')
 7 SYSTEMPATH\CodeIgniter.php(482): CodeIgniter\CodeIgniter->runController(Object(App\Controllers\LowonganController))
 8 SYSTEMPATH\CodeIgniter.php(351): CodeIgniter\CodeIgniter->handleRequest(null, Object(Config\Cache), false)
 9 FCPATH\index.php(67): CodeIgniter\CodeIgniter->run()
CRITICAL - 2025-11-27 01:00:37 --> Undefined array key "weight"
in APPPATH\Views\admin\criteria\index.php on line 122.
 1 APPPATH\Views\admin\criteria\index.php(122): CodeIgniter\Debug\Exceptions->errorHandler(2, 'Undefined array key "weight"', 'APPPATH\\Views\\admin\\criteria\\index.php', 122)
 2 SYSTEMPATH\View\View.php(213): include('APPPATH\\Views\\admin\\criteria\\index.php')
 3 SYSTEMPATH\View\View.php(216): CodeIgniter\View\View->CodeIgniter\View\{closure}()
 4 SYSTEMPATH\Common.php(1134): CodeIgniter\View\View->render('admin/criteria/index', [], true)
 5 APPPATH\Controllers\CriteriaController.php(36): view('admin/criteria/index', [...])
 6 SYSTEMPATH\CodeIgniter.php(927): App\Controllers\CriteriaController->index()
 7 SYSTEMPATH\CodeIgniter.php(482): CodeIgniter\CodeIgniter->runController(Object(App\Controllers\CriteriaController))
 8 SYSTEMPATH\CodeIgniter.php(351): CodeIgniter\CodeIgniter->handleRequest(null, Object(Config\Cache), false)
 9 FCPATH\index.php(67): CodeIgniter\CodeIgniter->run()
CRITICAL - 2025-11-27 01:01:40 --> Undefined variable $keyword
in APPPATH\Views\admin\data\index.php on line 77.
 1 APPPATH\Views\admin\data\index.php(77): CodeIgniter\Debug\Exceptions->errorHandler(2, 'Undefined variable $keyword', 'APPPATH\\Views\\admin\\data\\index.php', 77)
 2 SYSTEMPATH\View\View.php(213): include('APPPATH\\Views\\admin\\data\\index.php')
 3 SYSTEMPATH\View\View.php(216): CodeIgniter\View\View->CodeIgniter\View\{closure}()
 4 SYSTEMPATH\Common.php(1134): CodeIgniter\View\View->render('admin/data/index', [], true)
 5 APPPATH\Controllers\DataController.php(24): view('admin/data/index', [...])
 6 SYSTEMPATH\CodeIgniter.php(927): App\Controllers\DataController->index()
 7 SYSTEMPATH\CodeIgniter.php(482): CodeIgniter\CodeIgniter->runController(Object(App\Controllers\DataController))
 8 SYSTEMPATH\CodeIgniter.php(351): CodeIgniter\CodeIgniter->handleRequest(null, Object(Config\Cache), false)
 9 FCPATH\index.php(67): CodeIgniter\CodeIgniter->run()
CRITICAL - 2025-11-27 01:03:50 --> Undefined array key "weight"
in APPPATH\Views\admin\criteria\index.php on line 122.
 1 APPPATH\Views\admin\criteria\index.php(122): CodeIgniter\Debug\Exceptions->errorHandler(2, 'Undefined array key "weight"', 'APPPATH\\Views\\admin\\criteria\\index.php', 122)
 2 SYSTEMPATH\View\View.php(213): include('APPPATH\\Views\\admin\\criteria\\index.php')
 3 SYSTEMPATH\View\View.php(216): CodeIgniter\View\View->CodeIgniter\View\{closure}()
 4 SYSTEMPATH\Common.php(1134): CodeIgniter\View\View->render('admin/criteria/index', [], true)
 5 APPPATH\Controllers\CriteriaController.php(36): view('admin/criteria/index', [...])
 6 SYSTEMPATH\CodeIgniter.php(927): App\Controllers\CriteriaController->index()
 7 SYSTEMPATH\CodeIgniter.php(482): CodeIgniter\CodeIgniter->runController(Object(App\Controllers\CriteriaController))
 8 SYSTEMPATH\CodeIgniter.php(351): CodeIgniter\CodeIgniter->handleRequest(null, Object(Config\Cache), false)
 9 FCPATH\index.php(67): CodeIgniter\CodeIgniter->run()
CRITICAL - 2025-11-27 01:07:24 --> Undefined array key "weight"
in APPPATH\Views\admin\criteria\index.php on line 122.
 1 APPPATH\Views\admin\criteria\index.php(122): CodeIgniter\Debug\Exceptions->errorHandler(2, 'Undefined array key "weight"', 'APPPATH\\Views\\admin\\criteria\\index.php', 122)
 2 SYSTEMPATH\View\View.php(213): include('APPPATH\\Views\\admin\\criteria\\index.php')
 3 SYSTEMPATH\View\View.php(216): CodeIgniter\View\View->CodeIgniter\View\{closure}()
 4 SYSTEMPATH\Common.php(1134): CodeIgniter\View\View->render('admin/criteria/index', [], true)
 5 APPPATH\Controllers\CriteriaController.php(36): view('admin/criteria/index', [...])
 6 SYSTEMPATH\CodeIgniter.php(927): App\Controllers\CriteriaController->index()
 7 SYSTEMPATH\CodeIgniter.php(482): CodeIgniter\CodeIgniter->runController(Object(App\Controllers\CriteriaController))
 8 SYSTEMPATH\CodeIgniter.php(351): CodeIgniter\CodeIgniter->handleRequest(null, Object(Config\Cache), false)
 9 FCPATH\index.php(67): CodeIgniter\CodeIgniter->run()
CRITICAL - 2025-11-27 01:07:29 --> Undefined array key "weight"
in APPPATH\Views\admin\criteria\index.php on line 122.
 1 APPPATH\Views\admin\criteria\index.php(122): CodeIgniter\Debug\Exceptions->errorHandler(2, 'Undefined array key "weight"', 'APPPATH\\Views\\admin\\criteria\\index.php', 122)
 2 SYSTEMPATH\View\View.php(213): include('APPPATH\\Views\\admin\\criteria\\index.php')
 3 SYSTEMPATH\View\View.php(216): CodeIgniter\View\View->CodeIgniter\View\{closure}()
 4 SYSTEMPATH\Common.php(1134): CodeIgniter\View\View->render('admin/criteria/index', [], true)
 5 APPPATH\Controllers\CriteriaController.php(36): view('admin/criteria/index', [...])
 6 SYSTEMPATH\CodeIgniter.php(927): App\Controllers\CriteriaController->index()
 7 SYSTEMPATH\CodeIgniter.php(482): CodeIgniter\CodeIgniter->runController(Object(App\Controllers\CriteriaController))
 8 SYSTEMPATH\CodeIgniter.php(351): CodeIgniter\CodeIgniter->handleRequest(null, Object(Config\Cache), false)
 9 FCPATH\index.php(67): CodeIgniter\CodeIgniter->run()
CRITICAL - 2025-11-27 01:11:39 --> Undefined array key "description"
in APPPATH\Views\admin\subcriteria\index.php on line 42.
 1 APPPATH\Views\admin\subcriteria\index.php(42): CodeIgniter\Debug\Exceptions->errorHandler(2, 'Undefined array key "description"', 'APPPATH\\Views\\admin\\subcriteria\\index.php', 42)
 2 SYSTEMPATH\View\View.php(213): include('APPPATH\\Views\\admin\\subcriteria\\index.php')
 3 SYSTEMPATH\View\View.php(216): CodeIgniter\View\View->CodeIgniter\View\{closure}()
 4 SYSTEMPATH\Common.php(1134): CodeIgniter\View\View->render('admin/subcriteria/index', [], true)
 5 APPPATH\Controllers\SubcriteriaController.php(42): view('admin/subcriteria/index', [...])
 6 SYSTEMPATH\CodeIgniter.php(927): App\Controllers\SubcriteriaController->index('1')
 7 SYSTEMPATH\CodeIgniter.php(482): CodeIgniter\CodeIgniter->runController(Object(App\Controllers\SubcriteriaController))
 8 SYSTEMPATH\CodeIgniter.php(351): CodeIgniter\CodeIgniter->handleRequest(null, Object(Config\Cache), false)
 9 FCPATH\index.php(67): CodeIgniter\CodeIgniter->run()
CRITICAL - 2025-11-27 01:23:50 --> Undefined array key "description"
in APPPATH\Views\admin\criteria\standar.php on line 98.
 1 APPPATH\Views\admin\criteria\standar.php(98): CodeIgniter\Debug\Exceptions->errorHandler(2, 'Undefined array key "description"', 'APPPATH\\Views\\admin\\criteria\\standar.php', 98)
 2 SYSTEMPATH\View\View.php(213): include('APPPATH\\Views\\admin\\criteria\\standar.php')
 3 SYSTEMPATH\View\View.php(216): CodeIgniter\View\View->CodeIgniter\View\{closure}()
 4 SYSTEMPATH\Common.php(1134): CodeIgniter\View\View->render('admin/criteria/standar', [], true)
 5 APPPATH\Controllers\CriteriaController.php(128): view('admin/criteria/standar', [...])
 6 SYSTEMPATH\CodeIgniter.php(927): App\Controllers\CriteriaController->standar()
 7 SYSTEMPATH\CodeIgniter.php(482): CodeIgniter\CodeIgniter->runController(Object(App\Controllers\CriteriaController))
 8 SYSTEMPATH\CodeIgniter.php(351): CodeIgniter\CodeIgniter->handleRequest(null, Object(Config\Cache), false)
 9 FCPATH\index.php(67): CodeIgniter\CodeIgniter->run()
CRITICAL - 2025-11-27 01:27:03 --> Undefined array key "bobo_sub"
in APPPATH\Views\admin\subcriteria\edit.php on line 24.
 1 APPPATH\Views\admin\subcriteria\edit.php(24): CodeIgniter\Debug\Exceptions->errorHandler(2, 'Undefined array key "bobo_sub"', 'APPPATH\\Views\\admin\\subcriteria\\edit.php', 24)
 2 SYSTEMPATH\View\View.php(213): include('APPPATH\\Views\\admin\\subcriteria\\edit.php')
 3 SYSTEMPATH\View\View.php(216): CodeIgniter\View\View->CodeIgniter\View\{closure}()
 4 SYSTEMPATH\Common.php(1134): CodeIgniter\View\View->render('admin/subcriteria/edit', [], true)
 5 APPPATH\Controllers\SubcriteriaController.php(87): view('admin/subcriteria/edit', [...])
 6 SYSTEMPATH\CodeIgniter.php(927): App\Controllers\SubcriteriaController->edit('4')
 7 SYSTEMPATH\CodeIgniter.php(482): CodeIgniter\CodeIgniter->runController(Object(App\Controllers\SubcriteriaController))
 8 SYSTEMPATH\CodeIgniter.php(351): CodeIgniter\CodeIgniter->handleRequest(null, Object(Config\Cache), false)
 9 FCPATH\index.php(67): CodeIgniter\CodeIgniter->run()
ERROR - 2025-11-27 01:29:46 --> mysqli_sql_exception: Unknown column 'score' in 'field list' in C:\xampp\htdocs\percobaan\system\Database\MySQLi\Connection.php:292
Stack trace:
#0 C:\xampp\htdocs\percobaan\system\Database\MySQLi\Connection.php(292): mysqli->query('SELECT MIN(`sco...', 0)
#1 C:\xampp\htdocs\percobaan\system\Database\BaseConnection.php(666): CodeIgniter\Database\MySQLi\Connection->execute('SELECT MIN(`sco...')
#2 C:\xampp\htdocs\percobaan\system\Database\BaseConnection.php(593): CodeIgniter\Database\BaseConnection->simpleQuery('SELECT MIN(`sco...')
#3 C:\xampp\htdocs\percobaan\system\Database\BaseBuilder.php(1585): CodeIgniter\Database\BaseConnection->query('SELECT MIN(`sco...', Array, false)
#4 C:\xampp\htdocs\percobaan\system\Model.php(250): CodeIgniter\Database\BaseBuilder->get()
#5 C:\xampp\htdocs\percobaan\system\BaseModel.php(623): CodeIgniter\Model->doFirst()
#6 C:\xampp\htdocs\percobaan\app\Controllers\CriteriaController.php(205): CodeIgniter\BaseModel->first()
#7 C:\xampp\htdocs\percobaan\app\Controllers\CriteriaController.php(179): App\Controllers\CriteriaController->minScore('1')
#8 C:\xampp\htdocs\percobaan\system\CodeIgniter.php(927): App\Controllers\CriteriaController->savestandar()
#9 C:\xampp\htdocs\percobaan\system\CodeIgniter.php(482): CodeIgniter\CodeIgniter->runController(Object(App\Controllers\CriteriaController))
#10 C:\xampp\htdocs\percobaan\system\CodeIgniter.php(351): CodeIgniter\CodeIgniter->handleRequest(NULL, Object(Config\Cache), false)
#11 C:\xampp\htdocs\percobaan\public\index.php(67): CodeIgniter\CodeIgniter->run()
#12 {main}
CRITICAL - 2025-11-27 01:29:46 --> Unknown column 'score' in 'field list'
in SYSTEMPATH\Database\MySQLi\Connection.php on line 292.
 1 SYSTEMPATH\Database\MySQLi\Connection.php(292): mysqli->query('SELECT MIN(`score`) AS `score`
FROM `subcriteria`
WHERE `criteria_id` = \'1\'
 LIMIT 1', 0)
 2 SYSTEMPATH\Database\BaseConnection.php(666): CodeIgniter\Database\MySQLi\Connection->execute('SELECT MIN(`score`) AS `score`
FROM `subcriteria`
WHERE `criteria_id` = \'1\'
 LIMIT 1')
 3 SYSTEMPATH\Database\BaseConnection.php(593): CodeIgniter\Database\BaseConnection->simpleQuery('SELECT MIN(`score`) AS `score`
FROM `subcriteria`
WHERE `criteria_id` = \'1\'
 LIMIT 1')
 4 SYSTEMPATH\Database\BaseBuilder.php(1585): CodeIgniter\Database\BaseConnection->query('SELECT MIN(`score`) AS `score`
FROM `subcriteria`
WHERE `criteria_id` = :criteria_id:
 LIMIT 1', [...], false)
 5 SYSTEMPATH\Model.php(250): CodeIgniter\Database\BaseBuilder->get()
 6 SYSTEMPATH\BaseModel.php(623): CodeIgniter\Model->doFirst()
 7 APPPATH\Controllers\CriteriaController.php(205): CodeIgniter\BaseModel->first()
 8 APPPATH\Controllers\CriteriaController.php(179): App\Controllers\CriteriaController->minScore('1')
 9 SYSTEMPATH\CodeIgniter.php(927): App\Controllers\CriteriaController->savestandar()
10 SYSTEMPATH\CodeIgniter.php(482): CodeIgniter\CodeIgniter->runController(Object(App\Controllers\CriteriaController))
11 SYSTEMPATH\CodeIgniter.php(351): CodeIgniter\CodeIgniter->handleRequest(null, Object(Config\Cache), false)
12 FCPATH\index.php(67): CodeIgniter\CodeIgniter->run()
ERROR - 2025-11-27 01:34:50 --> mysqli_sql_exception: Unknown column 'created_at' in 'field list' in C:\xampp\htdocs\percobaan\system\Database\MySQLi\Connection.php:292
Stack trace:
#0 C:\xampp\htdocs\percobaan\system\Database\MySQLi\Connection.php(292): mysqli->query('INSERT INTO `al...', 0)
#1 C:\xampp\htdocs\percobaan\system\Database\BaseConnection.php(666): CodeIgniter\Database\MySQLi\Connection->execute('INSERT INTO `al...')
#2 C:\xampp\htdocs\percobaan\system\Database\BaseConnection.php(593): CodeIgniter\Database\BaseConnection->simpleQuery('INSERT INTO `al...')
#3 C:\xampp\htdocs\percobaan\system\Database\BaseBuilder.php(1916): CodeIgniter\Database\BaseConnection->query('INSERT INTO `al...', Array, false)
#4 C:\xampp\htdocs\percobaan\system\Model.php(279): CodeIgniter\Database\BaseBuilder->insert()
#5 C:\xampp\htdocs\percobaan\system\BaseModel.php(749): CodeIgniter\Model->doInsert(Array)
#6 C:\xampp\htdocs\percobaan\system\Model.php(667): CodeIgniter\BaseModel->insert(Array, false)
#7 C:\xampp\htdocs\percobaan\system\BaseModel.php(659): CodeIgniter\Model->insert(Array, false)
#8 C:\xampp\htdocs\percobaan\app\Controllers\LowonganController.php(281): CodeIgniter\BaseModel->save(Array)
#9 C:\xampp\htdocs\percobaan\system\CodeIgniter.php(927): App\Controllers\LowonganController->finalisasi('3')
#10 C:\xampp\htdocs\percobaan\system\CodeIgniter.php(482): CodeIgniter\CodeIgniter->runController(Object(App\Controllers\LowonganController))
#11 C:\xampp\htdocs\percobaan\system\CodeIgniter.php(351): CodeIgniter\CodeIgniter->handleRequest(NULL, Object(Config\Cache), false)
#12 C:\xampp\htdocs\percobaan\public\index.php(67): CodeIgniter\CodeIgniter->run()
#13 {main}
CRITICAL - 2025-11-27 01:34:50 --> Unknown column 'created_at' in 'field list'
in SYSTEMPATH\Database\MySQLi\Connection.php on line 292.
 1 SYSTEMPATH\Database\MySQLi\Connection.php(292): mysqli->query('INSERT INTO `alternatives` (`code`, `name`, `status`, `created_at`, `updated_at`) VALUES (\'K003\', \'Azizah Tri Kusumadewi\', \'Aktif\', \'2025-11-27 01:34:50\', \'2025-11-27 01:34:50\')', 0)
 2 SYSTEMPATH\Database\BaseConnection.php(666): CodeIgniter\Database\MySQLi\Connection->execute('INSERT INTO `alternatives` (`code`, `name`, `status`, `created_at`, `updated_at`) VALUES (\'K003\', \'Azizah Tri Kusumadewi\', \'Aktif\', \'2025-11-27 01:34:50\', \'2025-11-27 01:34:50\')')
 3 SYSTEMPATH\Database\BaseConnection.php(593): CodeIgniter\Database\BaseConnection->simpleQuery('INSERT INTO `alternatives` (`code`, `name`, `status`, `created_at`, `updated_at`) VALUES (\'K003\', \'Azizah Tri Kusumadewi\', \'Aktif\', \'2025-11-27 01:34:50\', \'2025-11-27 01:34:50\')')
 4 SYSTEMPATH\Database\BaseBuilder.php(1916): CodeIgniter\Database\BaseConnection->query('INSERT INTO `alternatives` (`code`, `name`, `status`, `created_at`, `updated_at`) VALUES (:code:, :name:, :status:, :created_at:, :updated_at:)', [...], false)
 5 SYSTEMPATH\Model.php(279): CodeIgniter\Database\BaseBuilder->insert()
 6 SYSTEMPATH\BaseModel.php(749): CodeIgniter\Model->doInsert([...])
 7 SYSTEMPATH\Model.php(667): CodeIgniter\BaseModel->insert([...], false)
 8 SYSTEMPATH\BaseModel.php(659): CodeIgniter\Model->insert([...], false)
 9 APPPATH\Controllers\LowonganController.php(281): CodeIgniter\BaseModel->save([...])
10 SYSTEMPATH\CodeIgniter.php(927): App\Controllers\LowonganController->finalisasi('3')
11 SYSTEMPATH\CodeIgniter.php(482): CodeIgniter\CodeIgniter->runController(Object(App\Controllers\LowonganController))
12 SYSTEMPATH\CodeIgniter.php(351): CodeIgniter\CodeIgniter->handleRequest(null, Object(Config\Cache), false)
13 FCPATH\index.php(67): CodeIgniter\CodeIgniter->run()
CRITICAL - 2025-11-27 01:36:31 --> Undefined variable $keyword
in APPPATH\Views\admin\data\index.php on line 77.
 1 APPPATH\Views\admin\data\index.php(77): CodeIgniter\Debug\Exceptions->errorHandler(2, 'Undefined variable $keyword', 'APPPATH\\Views\\admin\\data\\index.php', 77)
 2 SYSTEMPATH\View\View.php(213): include('APPPATH\\Views\\admin\\data\\index.php')
 3 SYSTEMPATH\View\View.php(216): CodeIgniter\View\View->CodeIgniter\View\{closure}()
 4 SYSTEMPATH\Common.php(1134): CodeIgniter\View\View->render('admin/data/index', [], true)
 5 APPPATH\Controllers\DataController.php(24): view('admin/data/index', [...])
 6 SYSTEMPATH\CodeIgniter.php(927): App\Controllers\DataController->index()
 7 SYSTEMPATH\CodeIgniter.php(482): CodeIgniter\CodeIgniter->runController(Object(App\Controllers\DataController))
 8 SYSTEMPATH\CodeIgniter.php(351): CodeIgniter\CodeIgniter->handleRequest(null, Object(Config\Cache), false)
 9 FCPATH\index.php(67): CodeIgniter\CodeIgniter->run()
CRITICAL - 2025-11-27 01:43:24 --> Undefined variable $keyword
in APPPATH\Views\admin\data\index.php on line 77.
 1 APPPATH\Views\admin\data\index.php(77): CodeIgniter\Debug\Exceptions->errorHandler(2, 'Undefined variable $keyword', 'APPPATH\\Views\\admin\\data\\index.php', 77)
 2 SYSTEMPATH\View\View.php(213): include('APPPATH\\Views\\admin\\data\\index.php')
 3 SYSTEMPATH\View\View.php(216): CodeIgniter\View\View->CodeIgniter\View\{closure}()
 4 SYSTEMPATH\Common.php(1134): CodeIgniter\View\View->render('admin/data/index', [], true)
 5 APPPATH\Controllers\DataController.php(30): view('admin/data/index', [...])
 6 SYSTEMPATH\CodeIgniter.php(927): App\Controllers\DataController->index()
 7 SYSTEMPATH\CodeIgniter.php(482): CodeIgniter\CodeIgniter->runController(Object(App\Controllers\DataController))
 8 SYSTEMPATH\CodeIgniter.php(351): CodeIgniter\CodeIgniter->handleRequest(null, Object(Config\Cache), false)
 9 FCPATH\index.php(67): CodeIgniter\CodeIgniter->run()
ERROR - 2025-11-27 01:45:49 --> mysqli_sql_exception: Unknown column 'created_at' in 'field list' in C:\xampp\htdocs\percobaan\system\Database\MySQLi\Connection.php:292
Stack trace:
#0 C:\xampp\htdocs\percobaan\system\Database\MySQLi\Connection.php(292): mysqli->query('INSERT INTO `al...', 0)
#1 C:\xampp\htdocs\percobaan\system\Database\BaseConnection.php(666): CodeIgniter\Database\MySQLi\Connection->execute('INSERT INTO `al...')
#2 C:\xampp\htdocs\percobaan\system\Database\BaseConnection.php(593): CodeIgniter\Database\BaseConnection->simpleQuery('INSERT INTO `al...')
#3 C:\xampp\htdocs\percobaan\system\Database\BaseBuilder.php(1916): CodeIgniter\Database\BaseConnection->query('INSERT INTO `al...', Array, false)
#4 C:\xampp\htdocs\percobaan\system\Model.php(279): CodeIgniter\Database\BaseBuilder->insert()
#5 C:\xampp\htdocs\percobaan\system\BaseModel.php(749): CodeIgniter\Model->doInsert(Array)
#6 C:\xampp\htdocs\percobaan\system\Model.php(667): CodeIgniter\BaseModel->insert(Array, false)
#7 C:\xampp\htdocs\percobaan\system\BaseModel.php(659): CodeIgniter\Model->insert(Array, false)
#8 C:\xampp\htdocs\percobaan\app\Controllers\DataController.php(88): CodeIgniter\BaseModel->save(Array)
#9 C:\xampp\htdocs\percobaan\system\CodeIgniter.php(927): App\Controllers\DataController->onboard('3')
#10 C:\xampp\htdocs\percobaan\system\CodeIgniter.php(482): CodeIgniter\CodeIgniter->runController(Object(App\Controllers\DataController))
#11 C:\xampp\htdocs\percobaan\system\CodeIgniter.php(351): CodeIgniter\CodeIgniter->handleRequest(NULL, Object(Config\Cache), false)
#12 C:\xampp\htdocs\percobaan\public\index.php(67): CodeIgniter\CodeIgniter->run()
#13 {main}
CRITICAL - 2025-11-27 01:45:49 --> Unknown column 'created_at' in 'field list'
in SYSTEMPATH\Database\MySQLi\Connection.php on line 292.
 1 SYSTEMPATH\Database\MySQLi\Connection.php(292): mysqli->query('INSERT INTO `alternatives` (`code`, `name`, `status`, `created_at`, `updated_at`) VALUES (\'K003\', \'Azizah Tri Kusumadewi\', \'Aktif\', \'2025-11-27 01:45:49\', \'2025-11-27 01:45:49\')', 0)
 2 SYSTEMPATH\Database\BaseConnection.php(666): CodeIgniter\Database\MySQLi\Connection->execute('INSERT INTO `alternatives` (`code`, `name`, `status`, `created_at`, `updated_at`) VALUES (\'K003\', \'Azizah Tri Kusumadewi\', \'Aktif\', \'2025-11-27 01:45:49\', \'2025-11-27 01:45:49\')')
 3 SYSTEMPATH\Database\BaseConnection.php(593): CodeIgniter\Database\BaseConnection->simpleQuery('INSERT INTO `alternatives` (`code`, `name`, `status`, `created_at`, `updated_at`) VALUES (\'K003\', \'Azizah Tri Kusumadewi\', \'Aktif\', \'2025-11-27 01:45:49\', \'2025-11-27 01:45:49\')')
 4 SYSTEMPATH\Database\BaseBuilder.php(1916): CodeIgniter\Database\BaseConnection->query('INSERT INTO `alternatives` (`code`, `name`, `status`, `created_at`, `updated_at`) VALUES (:code:, :name:, :status:, :created_at:, :updated_at:)', [...], false)
 5 SYSTEMPATH\Model.php(279): CodeIgniter\Database\BaseBuilder->insert()
 6 SYSTEMPATH\BaseModel.php(749): CodeIgniter\Model->doInsert([...])
 7 SYSTEMPATH\Model.php(667): CodeIgniter\BaseModel->insert([...], false)
 8 SYSTEMPATH\BaseModel.php(659): CodeIgniter\Model->insert([...], false)
 9 APPPATH\Controllers\DataController.php(88): CodeIgniter\BaseModel->save([...])
10 SYSTEMPATH\CodeIgniter.php(927): App\Controllers\DataController->onboard('3')
11 SYSTEMPATH\CodeIgniter.php(482): CodeIgniter\CodeIgniter->runController(Object(App\Controllers\DataController))
12 SYSTEMPATH\CodeIgniter.php(351): CodeIgniter\CodeIgniter->handleRequest(null, Object(Config\Cache), false)
13 FCPATH\index.php(67): CodeIgniter\CodeIgniter->run()
ERROR - 2025-11-27 01:48:56 --> mysqli_sql_exception: Unknown column 'created_at' in 'field list' in C:\xampp\htdocs\percobaan\system\Database\MySQLi\Connection.php:292
Stack trace:
#0 C:\xampp\htdocs\percobaan\system\Database\MySQLi\Connection.php(292): mysqli->query('INSERT INTO `al...', 0)
#1 C:\xampp\htdocs\percobaan\system\Database\BaseConnection.php(666): CodeIgniter\Database\MySQLi\Connection->execute('INSERT INTO `al...')
#2 C:\xampp\htdocs\percobaan\system\Database\BaseConnection.php(593): CodeIgniter\Database\BaseConnection->simpleQuery('INSERT INTO `al...')
#3 C:\xampp\htdocs\percobaan\system\Database\BaseBuilder.php(1916): CodeIgniter\Database\BaseConnection->query('INSERT INTO `al...', Array, false)
#4 C:\xampp\htdocs\percobaan\system\Model.php(279): CodeIgniter\Database\BaseBuilder->insert()
#5 C:\xampp\htdocs\percobaan\system\BaseModel.php(749): CodeIgniter\Model->doInsert(Array)
#6 C:\xampp\htdocs\percobaan\system\Model.php(667): CodeIgniter\BaseModel->insert(Array, false)
#7 C:\xampp\htdocs\percobaan\system\BaseModel.php(659): CodeIgniter\Model->insert(Array, false)
#8 C:\xampp\htdocs\percobaan\app\Controllers\DataController.php(88): CodeIgniter\BaseModel->save(Array)
#9 C:\xampp\htdocs\percobaan\system\CodeIgniter.php(927): App\Controllers\DataController->onboard('3')
#10 C:\xampp\htdocs\percobaan\system\CodeIgniter.php(482): CodeIgniter\CodeIgniter->runController(Object(App\Controllers\DataController))
#11 C:\xampp\htdocs\percobaan\system\CodeIgniter.php(351): CodeIgniter\CodeIgniter->handleRequest(NULL, Object(Config\Cache), false)
#12 C:\xampp\htdocs\percobaan\public\index.php(67): CodeIgniter\CodeIgniter->run()
#13 {main}
CRITICAL - 2025-11-27 01:48:56 --> Unknown column 'created_at' in 'field list'
in SYSTEMPATH\Database\MySQLi\Connection.php on line 292.
 1 SYSTEMPATH\Database\MySQLi\Connection.php(292): mysqli->query('INSERT INTO `alternatives` (`code`, `name`, `status`, `created_at`, `updated_at`) VALUES (\'K003\', \'Azizah Tri Kusumadewi\', \'Aktif\', \'2025-11-27 01:48:56\', \'2025-11-27 01:48:56\')', 0)
 2 SYSTEMPATH\Database\BaseConnection.php(666): CodeIgniter\Database\MySQLi\Connection->execute('INSERT INTO `alternatives` (`code`, `name`, `status`, `created_at`, `updated_at`) VALUES (\'K003\', \'Azizah Tri Kusumadewi\', \'Aktif\', \'2025-11-27 01:48:56\', \'2025-11-27 01:48:56\')')
 3 SYSTEMPATH\Database\BaseConnection.php(593): CodeIgniter\Database\BaseConnection->simpleQuery('INSERT INTO `alternatives` (`code`, `name`, `status`, `created_at`, `updated_at`) VALUES (\'K003\', \'Azizah Tri Kusumadewi\', \'Aktif\', \'2025-11-27 01:48:56\', \'2025-11-27 01:48:56\')')
 4 SYSTEMPATH\Database\BaseBuilder.php(1916): CodeIgniter\Database\BaseConnection->query('INSERT INTO `alternatives` (`code`, `name`, `status`, `created_at`, `updated_at`) VALUES (:code:, :name:, :status:, :created_at:, :updated_at:)', [...], false)
 5 SYSTEMPATH\Model.php(279): CodeIgniter\Database\BaseBuilder->insert()
 6 SYSTEMPATH\BaseModel.php(749): CodeIgniter\Model->doInsert([...])
 7 SYSTEMPATH\Model.php(667): CodeIgniter\BaseModel->insert([...], false)
 8 SYSTEMPATH\BaseModel.php(659): CodeIgniter\Model->insert([...], false)
 9 APPPATH\Controllers\DataController.php(88): CodeIgniter\BaseModel->save([...])
10 SYSTEMPATH\CodeIgniter.php(927): App\Controllers\DataController->onboard('3')
11 SYSTEMPATH\CodeIgniter.php(482): CodeIgniter\CodeIgniter->runController(Object(App\Controllers\DataController))
12 SYSTEMPATH\CodeIgniter.php(351): CodeIgniter\CodeIgniter->handleRequest(null, Object(Config\Cache), false)
13 FCPATH\index.php(67): CodeIgniter\CodeIgniter->run()
ERROR - 2025-11-27 01:49:44 --> mysqli_sql_exception: Cannot add or update a child row: a foreign key constraint fails (`latihan`.`alternatives`, CONSTRAINT `alternatives_ibfk_1` FOREIGN KEY (`field_id`) REFERENCES `pekerjaan` (`id`) ON DELETE CASCADE) in C:\xampp\htdocs\percobaan\system\Database\MySQLi\Connection.php:292
Stack trace:
#0 C:\xampp\htdocs\percobaan\system\Database\MySQLi\Connection.php(292): mysqli->query('INSERT INTO `al...', 0)
#1 C:\xampp\htdocs\percobaan\system\Database\BaseConnection.php(666): CodeIgniter\Database\MySQLi\Connection->execute('INSERT INTO `al...')
#2 C:\xampp\htdocs\percobaan\system\Database\BaseConnection.php(593): CodeIgniter\Database\BaseConnection->simpleQuery('INSERT INTO `al...')
#3 C:\xampp\htdocs\percobaan\system\Database\BaseBuilder.php(1916): CodeIgniter\Database\BaseConnection->query('INSERT INTO `al...', Array, false)
#4 C:\xampp\htdocs\percobaan\system\Model.php(279): CodeIgniter\Database\BaseBuilder->insert()
#5 C:\xampp\htdocs\percobaan\system\BaseModel.php(749): CodeIgniter\Model->doInsert(Array)
#6 C:\xampp\htdocs\percobaan\system\Model.php(667): CodeIgniter\BaseModel->insert(Array, false)
#7 C:\xampp\htdocs\percobaan\system\BaseModel.php(659): CodeIgniter\Model->insert(Array, false)
#8 C:\xampp\htdocs\percobaan\app\Controllers\DataController.php(88): CodeIgniter\BaseModel->save(Array)
#9 C:\xampp\htdocs\percobaan\system\CodeIgniter.php(927): App\Controllers\DataController->onboard('3')
#10 C:\xampp\htdocs\percobaan\system\CodeIgniter.php(482): CodeIgniter\CodeIgniter->runController(Object(App\Controllers\DataController))
#11 C:\xampp\htdocs\percobaan\system\CodeIgniter.php(351): CodeIgniter\CodeIgniter->handleRequest(NULL, Object(Config\Cache), false)
#12 C:\xampp\htdocs\percobaan\public\index.php(67): CodeIgniter\CodeIgniter->run()
#13 {main}
CRITICAL - 2025-11-27 01:49:44 --> Cannot add or update a child row: a foreign key constraint fails (`latihan`.`alternatives`, CONSTRAINT `alternatives_ibfk_1` FOREIGN KEY (`field_id`) REFERENCES `pekerjaan` (`id`) ON DELETE CASCADE)
in SYSTEMPATH\Database\MySQLi\Connection.php on line 292.
 1 SYSTEMPATH\Database\MySQLi\Connection.php(292): mysqli->query('INSERT INTO `alternatives` (`code`, `name`, `status`) VALUES (\'K003\', \'Azizah Tri Kusumadewi\', \'Aktif\')', 0)
 2 SYSTEMPATH\Database\BaseConnection.php(666): CodeIgniter\Database\MySQLi\Connection->execute('INSERT INTO `alternatives` (`code`, `name`, `status`) VALUES (\'K003\', \'Azizah Tri Kusumadewi\', \'Aktif\')')
 3 SYSTEMPATH\Database\BaseConnection.php(593): CodeIgniter\Database\BaseConnection->simpleQuery('INSERT INTO `alternatives` (`code`, `name`, `status`) VALUES (\'K003\', \'Azizah Tri Kusumadewi\', \'Aktif\')')
 4 SYSTEMPATH\Database\BaseBuilder.php(1916): CodeIgniter\Database\BaseConnection->query('INSERT INTO `alternatives` (`code`, `name`, `status`) VALUES (:code:, :name:, :status:)', [...], false)
 5 SYSTEMPATH\Model.php(279): CodeIgniter\Database\BaseBuilder->insert()
 6 SYSTEMPATH\BaseModel.php(749): CodeIgniter\Model->doInsert([...])
 7 SYSTEMPATH\Model.php(667): CodeIgniter\BaseModel->insert([...], false)
 8 SYSTEMPATH\BaseModel.php(659): CodeIgniter\Model->insert([...], false)
 9 APPPATH\Controllers\DataController.php(88): CodeIgniter\BaseModel->save([...])
10 SYSTEMPATH\CodeIgniter.php(927): App\Controllers\DataController->onboard('3')
11 SYSTEMPATH\CodeIgniter.php(482): CodeIgniter\CodeIgniter->runController(Object(App\Controllers\DataController))
12 SYSTEMPATH\CodeIgniter.php(351): CodeIgniter\CodeIgniter->handleRequest(null, Object(Config\Cache), false)
13 FCPATH\index.php(67): CodeIgniter\CodeIgniter->run()
ERROR - 2025-11-27 01:51:18 --> mysqli_sql_exception: Cannot add or update a child row: a foreign key constraint fails (`latihan`.`alternatives`, CONSTRAINT `alternatives_ibfk_1` FOREIGN KEY (`field_id`) REFERENCES `pekerjaan` (`id`) ON DELETE CASCADE) in C:\xampp\htdocs\percobaan\system\Database\MySQLi\Connection.php:292
Stack trace:
#0 C:\xampp\htdocs\percobaan\system\Database\MySQLi\Connection.php(292): mysqli->query('INSERT INTO `al...', 0)
#1 C:\xampp\htdocs\percobaan\system\Database\BaseConnection.php(666): CodeIgniter\Database\MySQLi\Connection->execute('INSERT INTO `al...')
#2 C:\xampp\htdocs\percobaan\system\Database\BaseConnection.php(593): CodeIgniter\Database\BaseConnection->simpleQuery('INSERT INTO `al...')
#3 C:\xampp\htdocs\percobaan\system\Database\BaseBuilder.php(1916): CodeIgniter\Database\BaseConnection->query('INSERT INTO `al...', Array, false)
#4 C:\xampp\htdocs\percobaan\system\Model.php(279): CodeIgniter\Database\BaseBuilder->insert()
#5 C:\xampp\htdocs\percobaan\system\BaseModel.php(749): CodeIgniter\Model->doInsert(Array)
#6 C:\xampp\htdocs\percobaan\system\Model.php(667): CodeIgniter\BaseModel->insert(Array, false)
#7 C:\xampp\htdocs\percobaan\system\BaseModel.php(659): CodeIgniter\Model->insert(Array, false)
#8 C:\xampp\htdocs\percobaan\app\Controllers\DataController.php(108): CodeIgniter\BaseModel->save(Array)
#9 C:\xampp\htdocs\percobaan\system\CodeIgniter.php(927): App\Controllers\DataController->onboard('3')
#10 C:\xampp\htdocs\percobaan\system\CodeIgniter.php(482): CodeIgniter\CodeIgniter->runController(Object(App\Controllers\DataController))
#11 C:\xampp\htdocs\percobaan\system\CodeIgniter.php(351): CodeIgniter\CodeIgniter->handleRequest(NULL, Object(Config\Cache), false)
#12 C:\xampp\htdocs\percobaan\public\index.php(67): CodeIgniter\CodeIgniter->run()
#13 {main}
CRITICAL - 2025-11-27 01:51:18 --> Cannot add or update a child row: a foreign key constraint fails (`latihan`.`alternatives`, CONSTRAINT `alternatives_ibfk_1` FOREIGN KEY (`field_id`) REFERENCES `pekerjaan` (`id`) ON DELETE CASCADE)
in SYSTEMPATH\Database\MySQLi\Connection.php on line 292.
 1 SYSTEMPATH\Database\MySQLi\Connection.php(292): mysqli->query('INSERT INTO `alternatives` (`code`, `name`, `status`) VALUES (\'K003\', \'Azizah Tri Kusumadewi\', \'Aktif\')', 0)
 2 SYSTEMPATH\Database\BaseConnection.php(666): CodeIgniter\Database\MySQLi\Connection->execute('INSERT INTO `alternatives` (`code`, `name`, `status`) VALUES (\'K003\', \'Azizah Tri Kusumadewi\', \'Aktif\')')
 3 SYSTEMPATH\Database\BaseConnection.php(593): CodeIgniter\Database\BaseConnection->simpleQuery('INSERT INTO `alternatives` (`code`, `name`, `status`) VALUES (\'K003\', \'Azizah Tri Kusumadewi\', \'Aktif\')')
 4 SYSTEMPATH\Database\BaseBuilder.php(1916): CodeIgniter\Database\BaseConnection->query('INSERT INTO `alternatives` (`code`, `name`, `status`) VALUES (:code:, :name:, :status:)', [...], false)
 5 SYSTEMPATH\Model.php(279): CodeIgniter\Database\BaseBuilder->insert()
 6 SYSTEMPATH\BaseModel.php(749): CodeIgniter\Model->doInsert([...])
 7 SYSTEMPATH\Model.php(667): CodeIgniter\BaseModel->insert([...], false)
 8 SYSTEMPATH\BaseModel.php(659): CodeIgniter\Model->insert([...], false)
 9 APPPATH\Controllers\DataController.php(108): CodeIgniter\BaseModel->save([...])
10 SYSTEMPATH\CodeIgniter.php(927): App\Controllers\DataController->onboard('3')
11 SYSTEMPATH\CodeIgniter.php(482): CodeIgniter\CodeIgniter->runController(Object(App\Controllers\DataController))
12 SYSTEMPATH\CodeIgniter.php(351): CodeIgniter\CodeIgniter->handleRequest(null, Object(Config\Cache), false)
13 FCPATH\index.php(67): CodeIgniter\CodeIgniter->run()
ERROR - 2025-11-27 01:51:19 --> mysqli_sql_exception: Cannot add or update a child row: a foreign key constraint fails (`latihan`.`alternatives`, CONSTRAINT `alternatives_ibfk_1` FOREIGN KEY (`field_id`) REFERENCES `pekerjaan` (`id`) ON DELETE CASCADE) in C:\xampp\htdocs\percobaan\system\Database\MySQLi\Connection.php:292
Stack trace:
#0 C:\xampp\htdocs\percobaan\system\Database\MySQLi\Connection.php(292): mysqli->query('INSERT INTO `al...', 0)
#1 C:\xampp\htdocs\percobaan\system\Database\BaseConnection.php(666): CodeIgniter\Database\MySQLi\Connection->execute('INSERT INTO `al...')
#2 C:\xampp\htdocs\percobaan\system\Database\BaseConnection.php(593): CodeIgniter\Database\BaseConnection->simpleQuery('INSERT INTO `al...')
#3 C:\xampp\htdocs\percobaan\system\Database\BaseBuilder.php(1916): CodeIgniter\Database\BaseConnection->query('INSERT INTO `al...', Array, false)
#4 C:\xampp\htdocs\percobaan\system\Model.php(279): CodeIgniter\Database\BaseBuilder->insert()
#5 C:\xampp\htdocs\percobaan\system\BaseModel.php(749): CodeIgniter\Model->doInsert(Array)
#6 C:\xampp\htdocs\percobaan\system\Model.php(667): CodeIgniter\BaseModel->insert(Array, false)
#7 C:\xampp\htdocs\percobaan\system\BaseModel.php(659): CodeIgniter\Model->insert(Array, false)
#8 C:\xampp\htdocs\percobaan\app\Controllers\DataController.php(108): CodeIgniter\BaseModel->save(Array)
#9 C:\xampp\htdocs\percobaan\system\CodeIgniter.php(927): App\Controllers\DataController->onboard('3')
#10 C:\xampp\htdocs\percobaan\system\CodeIgniter.php(482): CodeIgniter\CodeIgniter->runController(Object(App\Controllers\DataController))
#11 C:\xampp\htdocs\percobaan\system\CodeIgniter.php(351): CodeIgniter\CodeIgniter->handleRequest(NULL, Object(Config\Cache), false)
#12 C:\xampp\htdocs\percobaan\public\index.php(67): CodeIgniter\CodeIgniter->run()
#13 {main}
CRITICAL - 2025-11-27 01:51:19 --> Cannot add or update a child row: a foreign key constraint fails (`latihan`.`alternatives`, CONSTRAINT `alternatives_ibfk_1` FOREIGN KEY (`field_id`) REFERENCES `pekerjaan` (`id`) ON DELETE CASCADE)
in SYSTEMPATH\Database\MySQLi\Connection.php on line 292.
 1 SYSTEMPATH\Database\MySQLi\Connection.php(292): mysqli->query('INSERT INTO `alternatives` (`code`, `name`, `status`) VALUES (\'K003\', \'Azizah Tri Kusumadewi\', \'Aktif\')', 0)
 2 SYSTEMPATH\Database\BaseConnection.php(666): CodeIgniter\Database\MySQLi\Connection->execute('INSERT INTO `alternatives` (`code`, `name`, `status`) VALUES (\'K003\', \'Azizah Tri Kusumadewi\', \'Aktif\')')
 3 SYSTEMPATH\Database\BaseConnection.php(593): CodeIgniter\Database\BaseConnection->simpleQuery('INSERT INTO `alternatives` (`code`, `name`, `status`) VALUES (\'K003\', \'Azizah Tri Kusumadewi\', \'Aktif\')')
 4 SYSTEMPATH\Database\BaseBuilder.php(1916): CodeIgniter\Database\BaseConnection->query('INSERT INTO `alternatives` (`code`, `name`, `status`) VALUES (:code:, :name:, :status:)', [...], false)
 5 SYSTEMPATH\Model.php(279): CodeIgniter\Database\BaseBuilder->insert()
 6 SYSTEMPATH\BaseModel.php(749): CodeIgniter\Model->doInsert([...])
 7 SYSTEMPATH\Model.php(667): CodeIgniter\BaseModel->insert([...], false)
 8 SYSTEMPATH\BaseModel.php(659): CodeIgniter\Model->insert([...], false)
 9 APPPATH\Controllers\DataController.php(108): CodeIgniter\BaseModel->save([...])
10 SYSTEMPATH\CodeIgniter.php(927): App\Controllers\DataController->onboard('3')
11 SYSTEMPATH\CodeIgniter.php(482): CodeIgniter\CodeIgniter->runController(Object(App\Controllers\DataController))
12 SYSTEMPATH\CodeIgniter.php(351): CodeIgniter\CodeIgniter->handleRequest(null, Object(Config\Cache), false)
13 FCPATH\index.php(67): CodeIgniter\CodeIgniter->run()
ERROR - 2025-11-27 01:51:24 --> mysqli_sql_exception: Cannot add or update a child row: a foreign key constraint fails (`latihan`.`alternatives`, CONSTRAINT `alternatives_ibfk_1` FOREIGN KEY (`field_id`) REFERENCES `pekerjaan` (`id`) ON DELETE CASCADE) in C:\xampp\htdocs\percobaan\system\Database\MySQLi\Connection.php:292
Stack trace:
#0 C:\xampp\htdocs\percobaan\system\Database\MySQLi\Connection.php(292): mysqli->query('INSERT INTO `al...', 0)
#1 C:\xampp\htdocs\percobaan\system\Database\BaseConnection.php(666): CodeIgniter\Database\MySQLi\Connection->execute('INSERT INTO `al...')
#2 C:\xampp\htdocs\percobaan\system\Database\BaseConnection.php(593): CodeIgniter\Database\BaseConnection->simpleQuery('INSERT INTO `al...')
#3 C:\xampp\htdocs\percobaan\system\Database\BaseBuilder.php(1916): CodeIgniter\Database\BaseConnection->query('INSERT INTO `al...', Array, false)
#4 C:\xampp\htdocs\percobaan\system\Model.php(279): CodeIgniter\Database\BaseBuilder->insert()
#5 C:\xampp\htdocs\percobaan\system\BaseModel.php(749): CodeIgniter\Model->doInsert(Array)
#6 C:\xampp\htdocs\percobaan\system\Model.php(667): CodeIgniter\BaseModel->insert(Array, false)
#7 C:\xampp\htdocs\percobaan\system\BaseModel.php(659): CodeIgniter\Model->insert(Array, false)
#8 C:\xampp\htdocs\percobaan\app\Controllers\DataController.php(108): CodeIgniter\BaseModel->save(Array)
#9 C:\xampp\htdocs\percobaan\system\CodeIgniter.php(927): App\Controllers\DataController->onboard('3')
#10 C:\xampp\htdocs\percobaan\system\CodeIgniter.php(482): CodeIgniter\CodeIgniter->runController(Object(App\Controllers\DataController))
#11 C:\xampp\htdocs\percobaan\system\CodeIgniter.php(351): CodeIgniter\CodeIgniter->handleRequest(NULL, Object(Config\Cache), false)
#12 C:\xampp\htdocs\percobaan\public\index.php(67): CodeIgniter\CodeIgniter->run()
#13 {main}
CRITICAL - 2025-11-27 01:51:24 --> Cannot add or update a child row: a foreign key constraint fails (`latihan`.`alternatives`, CONSTRAINT `alternatives_ibfk_1` FOREIGN KEY (`field_id`) REFERENCES `pekerjaan` (`id`) ON DELETE CASCADE)
in SYSTEMPATH\Database\MySQLi\Connection.php on line 292.
 1 SYSTEMPATH\Database\MySQLi\Connection.php(292): mysqli->query('INSERT INTO `alternatives` (`code`, `name`, `status`) VALUES (\'K003\', \'Azizah Tri Kusumadewi\', \'Aktif\')', 0)
 2 SYSTEMPATH\Database\BaseConnection.php(666): CodeIgniter\Database\MySQLi\Connection->execute('INSERT INTO `alternatives` (`code`, `name`, `status`) VALUES (\'K003\', \'Azizah Tri Kusumadewi\', \'Aktif\')')
 3 SYSTEMPATH\Database\BaseConnection.php(593): CodeIgniter\Database\BaseConnection->simpleQuery('INSERT INTO `alternatives` (`code`, `name`, `status`) VALUES (\'K003\', \'Azizah Tri Kusumadewi\', \'Aktif\')')
 4 SYSTEMPATH\Database\BaseBuilder.php(1916): CodeIgniter\Database\BaseConnection->query('INSERT INTO `alternatives` (`code`, `name`, `status`) VALUES (:code:, :name:, :status:)', [...], false)
 5 SYSTEMPATH\Model.php(279): CodeIgniter\Database\BaseBuilder->insert()
 6 SYSTEMPATH\BaseModel.php(749): CodeIgniter\Model->doInsert([...])
 7 SYSTEMPATH\Model.php(667): CodeIgniter\BaseModel->insert([...], false)
 8 SYSTEMPATH\BaseModel.php(659): CodeIgniter\Model->insert([...], false)
 9 APPPATH\Controllers\DataController.php(108): CodeIgniter\BaseModel->save([...])
10 SYSTEMPATH\CodeIgniter.php(927): App\Controllers\DataController->onboard('3')
11 SYSTEMPATH\CodeIgniter.php(482): CodeIgniter\CodeIgniter->runController(Object(App\Controllers\DataController))
12 SYSTEMPATH\CodeIgniter.php(351): CodeIgniter\CodeIgniter->handleRequest(null, Object(Config\Cache), false)
13 FCPATH\index.php(67): CodeIgniter\CodeIgniter->run()
ERROR - 2025-11-27 01:54:36 --> mysqli_sql_exception: Cannot add or update a child row: a foreign key constraint fails (`latihan`.`alternatives`, CONSTRAINT `alternatives_ibfk_1` FOREIGN KEY (`field_id`) REFERENCES `pekerjaan` (`id`) ON DELETE CASCADE) in C:\xampp\htdocs\percobaan\system\Database\MySQLi\Connection.php:292
Stack trace:
#0 C:\xampp\htdocs\percobaan\system\Database\MySQLi\Connection.php(292): mysqli->query('INSERT INTO `al...', 0)
#1 C:\xampp\htdocs\percobaan\system\Database\BaseConnection.php(666): CodeIgniter\Database\MySQLi\Connection->execute('INSERT INTO `al...')
#2 C:\xampp\htdocs\percobaan\system\Database\BaseConnection.php(593): CodeIgniter\Database\BaseConnection->simpleQuery('INSERT INTO `al...')
#3 C:\xampp\htdocs\percobaan\system\Database\BaseBuilder.php(1916): CodeIgniter\Database\BaseConnection->query('INSERT INTO `al...', Array, false)
#4 C:\xampp\htdocs\percobaan\system\Model.php(279): CodeIgniter\Database\BaseBuilder->insert()
#5 C:\xampp\htdocs\percobaan\system\BaseModel.php(749): CodeIgniter\Model->doInsert(Array)
#6 C:\xampp\htdocs\percobaan\system\Model.php(667): CodeIgniter\BaseModel->insert(Array, false)
#7 C:\xampp\htdocs\percobaan\system\BaseModel.php(659): CodeIgniter\Model->insert(Array, false)
#8 C:\xampp\htdocs\percobaan\app\Controllers\DataController.php(109): CodeIgniter\BaseModel->save(Array)
#9 C:\xampp\htdocs\percobaan\system\CodeIgniter.php(927): App\Controllers\DataController->onboard('3')
#10 C:\xampp\htdocs\percobaan\system\CodeIgniter.php(482): CodeIgniter\CodeIgniter->runController(Object(App\Controllers\DataController))
#11 C:\xampp\htdocs\percobaan\system\CodeIgniter.php(351): CodeIgniter\CodeIgniter->handleRequest(NULL, Object(Config\Cache), false)
#12 C:\xampp\htdocs\percobaan\public\index.php(67): CodeIgniter\CodeIgniter->run()
#13 {main}
CRITICAL - 2025-11-27 01:54:36 --> Cannot add or update a child row: a foreign key constraint fails (`latihan`.`alternatives`, CONSTRAINT `alternatives_ibfk_1` FOREIGN KEY (`field_id`) REFERENCES `pekerjaan` (`id`) ON DELETE CASCADE)
in SYSTEMPATH\Database\MySQLi\Connection.php on line 292.
 1 SYSTEMPATH\Database\MySQLi\Connection.php(292): mysqli->query('INSERT INTO `alternatives` (`code`, `name`, `status`) VALUES (\'K003\', \'Azizah Tri Kusumadewi\', \'Aktif\')', 0)
 2 SYSTEMPATH\Database\BaseConnection.php(666): CodeIgniter\Database\MySQLi\Connection->execute('INSERT INTO `alternatives` (`code`, `name`, `status`) VALUES (\'K003\', \'Azizah Tri Kusumadewi\', \'Aktif\')')
 3 SYSTEMPATH\Database\BaseConnection.php(593): CodeIgniter\Database\BaseConnection->simpleQuery('INSERT INTO `alternatives` (`code`, `name`, `status`) VALUES (\'K003\', \'Azizah Tri Kusumadewi\', \'Aktif\')')
 4 SYSTEMPATH\Database\BaseBuilder.php(1916): CodeIgniter\Database\BaseConnection->query('INSERT INTO `alternatives` (`code`, `name`, `status`) VALUES (:code:, :name:, :status:)', [...], false)
 5 SYSTEMPATH\Model.php(279): CodeIgniter\Database\BaseBuilder->insert()
 6 SYSTEMPATH\BaseModel.php(749): CodeIgniter\Model->doInsert([...])
 7 SYSTEMPATH\Model.php(667): CodeIgniter\BaseModel->insert([...], false)
 8 SYSTEMPATH\BaseModel.php(659): CodeIgniter\Model->insert([...], false)
 9 APPPATH\Controllers\DataController.php(109): CodeIgniter\BaseModel->save([...])
10 SYSTEMPATH\CodeIgniter.php(927): App\Controllers\DataController->onboard('3')
11 SYSTEMPATH\CodeIgniter.php(482): CodeIgniter\CodeIgniter->runController(Object(App\Controllers\DataController))
12 SYSTEMPATH\CodeIgniter.php(351): CodeIgniter\CodeIgniter->handleRequest(null, Object(Config\Cache), false)
13 FCPATH\index.php(67): CodeIgniter\CodeIgniter->run()
ERROR - 2025-11-27 02:02:38 --> mysqli_sql_exception: Cannot add or update a child row: a foreign key constraint fails (`latihan`.`alternatives`, CONSTRAINT `alternatives_ibfk_1` FOREIGN KEY (`field_id`) REFERENCES `pekerjaan` (`id`) ON DELETE CASCADE) in C:\xampp\htdocs\percobaan\system\Database\MySQLi\Connection.php:292
Stack trace:
#0 C:\xampp\htdocs\percobaan\system\Database\MySQLi\Connection.php(292): mysqli->query('INSERT INTO `al...', 0)
#1 C:\xampp\htdocs\percobaan\system\Database\BaseConnection.php(666): CodeIgniter\Database\MySQLi\Connection->execute('INSERT INTO `al...')
#2 C:\xampp\htdocs\percobaan\system\Database\BaseConnection.php(593): CodeIgniter\Database\BaseConnection->simpleQuery('INSERT INTO `al...')
#3 C:\xampp\htdocs\percobaan\system\Database\BaseBuilder.php(1916): CodeIgniter\Database\BaseConnection->query('INSERT INTO `al...', Array, false)
#4 C:\xampp\htdocs\percobaan\system\Model.php(279): CodeIgniter\Database\BaseBuilder->insert()
#5 C:\xampp\htdocs\percobaan\system\BaseModel.php(749): CodeIgniter\Model->doInsert(Array)
#6 C:\xampp\htdocs\percobaan\system\Model.php(667): CodeIgniter\BaseModel->insert(Array, false)
#7 C:\xampp\htdocs\percobaan\system\BaseModel.php(659): CodeIgniter\Model->insert(Array, false)
#8 C:\xampp\htdocs\percobaan\app\Controllers\DataController.php(108): CodeIgniter\BaseModel->save(Array)
#9 C:\xampp\htdocs\percobaan\system\CodeIgniter.php(927): App\Controllers\DataController->onboard('3')
#10 C:\xampp\htdocs\percobaan\system\CodeIgniter.php(482): CodeIgniter\CodeIgniter->runController(Object(App\Controllers\DataController))
#11 C:\xampp\htdocs\percobaan\system\CodeIgniter.php(351): CodeIgniter\CodeIgniter->handleRequest(NULL, Object(Config\Cache), false)
#12 C:\xampp\htdocs\percobaan\public\index.php(67): CodeIgniter\CodeIgniter->run()
#13 {main}
CRITICAL - 2025-11-27 02:02:38 --> Cannot add or update a child row: a foreign key constraint fails (`latihan`.`alternatives`, CONSTRAINT `alternatives_ibfk_1` FOREIGN KEY (`field_id`) REFERENCES `pekerjaan` (`id`) ON DELETE CASCADE)
in SYSTEMPATH\Database\MySQLi\Connection.php on line 292.
 1 SYSTEMPATH\Database\MySQLi\Connection.php(292): mysqli->query('INSERT INTO `alternatives` (`code`, `name`, `status`) VALUES (\'K003\', \'Azizah Tri Kusumadewi\', \'Aktif\')', 0)
 2 SYSTEMPATH\Database\BaseConnection.php(666): CodeIgniter\Database\MySQLi\Connection->execute('INSERT INTO `alternatives` (`code`, `name`, `status`) VALUES (\'K003\', \'Azizah Tri Kusumadewi\', \'Aktif\')')
 3 SYSTEMPATH\Database\BaseConnection.php(593): CodeIgniter\Database\BaseConnection->simpleQuery('INSERT INTO `alternatives` (`code`, `name`, `status`) VALUES (\'K003\', \'Azizah Tri Kusumadewi\', \'Aktif\')')
 4 SYSTEMPATH\Database\BaseBuilder.php(1916): CodeIgniter\Database\BaseConnection->query('INSERT INTO `alternatives` (`code`, `name`, `status`) VALUES (:code:, :name:, :status:)', [...], false)
 5 SYSTEMPATH\Model.php(279): CodeIgniter\Database\BaseBuilder->insert()
 6 SYSTEMPATH\BaseModel.php(749): CodeIgniter\Model->doInsert([...])
 7 SYSTEMPATH\Model.php(667): CodeIgniter\BaseModel->insert([...], false)
 8 SYSTEMPATH\BaseModel.php(659): CodeIgniter\Model->insert([...], false)
 9 APPPATH\Controllers\DataController.php(108): CodeIgniter\BaseModel->save([...])
10 SYSTEMPATH\CodeIgniter.php(927): App\Controllers\DataController->onboard('3')
11 SYSTEMPATH\CodeIgniter.php(482): CodeIgniter\CodeIgniter->runController(Object(App\Controllers\DataController))
12 SYSTEMPATH\CodeIgniter.php(351): CodeIgniter\CodeIgniter->handleRequest(null, Object(Config\Cache), false)
13 FCPATH\index.php(67): CodeIgniter\CodeIgniter->run()
ERROR - 2025-11-27 02:06:36 --> mysqli_sql_exception: Cannot add or update a child row: a foreign key constraint fails (`latihan`.`alternatives`, CONSTRAINT `alternatives_ibfk_1` FOREIGN KEY (`field_id`) REFERENCES `pekerjaan` (`id`) ON DELETE CASCADE) in C:\xampp\htdocs\percobaan\system\Database\MySQLi\Connection.php:292
Stack trace:
#0 C:\xampp\htdocs\percobaan\system\Database\MySQLi\Connection.php(292): mysqli->query('INSERT INTO `al...', 0)
#1 C:\xampp\htdocs\percobaan\system\Database\BaseConnection.php(666): CodeIgniter\Database\MySQLi\Connection->execute('INSERT INTO `al...')
#2 C:\xampp\htdocs\percobaan\system\Database\BaseConnection.php(593): CodeIgniter\Database\BaseConnection->simpleQuery('INSERT INTO `al...')
#3 C:\xampp\htdocs\percobaan\system\Database\BaseBuilder.php(1916): CodeIgniter\Database\BaseConnection->query('INSERT INTO `al...', Array, false)
#4 C:\xampp\htdocs\percobaan\system\Model.php(279): CodeIgniter\Database\BaseBuilder->insert()
#5 C:\xampp\htdocs\percobaan\system\BaseModel.php(749): CodeIgniter\Model->doInsert(Array)
#6 C:\xampp\htdocs\percobaan\system\Model.php(667): CodeIgniter\BaseModel->insert(Array, false)
#7 C:\xampp\htdocs\percobaan\system\BaseModel.php(659): CodeIgniter\Model->insert(Array, false)
#8 C:\xampp\htdocs\percobaan\app\Controllers\DataController.php(109): CodeIgniter\BaseModel->save(Array)
#9 C:\xampp\htdocs\percobaan\system\CodeIgniter.php(927): App\Controllers\DataController->onboard('3')
#10 C:\xampp\htdocs\percobaan\system\CodeIgniter.php(482): CodeIgniter\CodeIgniter->runController(Object(App\Controllers\DataController))
#11 C:\xampp\htdocs\percobaan\system\CodeIgniter.php(351): CodeIgniter\CodeIgniter->handleRequest(NULL, Object(Config\Cache), false)
#12 C:\xampp\htdocs\percobaan\public\index.php(67): CodeIgniter\CodeIgniter->run()
#13 {main}
CRITICAL - 2025-11-27 02:06:36 --> Cannot add or update a child row: a foreign key constraint fails (`latihan`.`alternatives`, CONSTRAINT `alternatives_ibfk_1` FOREIGN KEY (`field_id`) REFERENCES `pekerjaan` (`id`) ON DELETE CASCADE)
in SYSTEMPATH\Database\MySQLi\Connection.php on line 292.
 1 SYSTEMPATH\Database\MySQLi\Connection.php(292): mysqli->query('INSERT INTO `alternatives` (`code`, `name`, `status`) VALUES (\'K003\', \'Azizah Tri Kusumadewi\', \'Aktif\')', 0)
 2 SYSTEMPATH\Database\BaseConnection.php(666): CodeIgniter\Database\MySQLi\Connection->execute('INSERT INTO `alternatives` (`code`, `name`, `status`) VALUES (\'K003\', \'Azizah Tri Kusumadewi\', \'Aktif\')')
 3 SYSTEMPATH\Database\BaseConnection.php(593): CodeIgniter\Database\BaseConnection->simpleQuery('INSERT INTO `alternatives` (`code`, `name`, `status`) VALUES (\'K003\', \'Azizah Tri Kusumadewi\', \'Aktif\')')
 4 SYSTEMPATH\Database\BaseBuilder.php(1916): CodeIgniter\Database\BaseConnection->query('INSERT INTO `alternatives` (`code`, `name`, `status`) VALUES (:code:, :name:, :status:)', [...], false)
 5 SYSTEMPATH\Model.php(279): CodeIgniter\Database\BaseBuilder->insert()
 6 SYSTEMPATH\BaseModel.php(749): CodeIgniter\Model->doInsert([...])
 7 SYSTEMPATH\Model.php(667): CodeIgniter\BaseModel->insert([...], false)
 8 SYSTEMPATH\BaseModel.php(659): CodeIgniter\Model->insert([...], false)
 9 APPPATH\Controllers\DataController.php(109): CodeIgniter\BaseModel->save([...])
10 SYSTEMPATH\CodeIgniter.php(927): App\Controllers\DataController->onboard('3')
11 SYSTEMPATH\CodeIgniter.php(482): CodeIgniter\CodeIgniter->runController(Object(App\Controllers\DataController))
12 SYSTEMPATH\CodeIgniter.php(351): CodeIgniter\CodeIgniter->handleRequest(null, Object(Config\Cache), false)
13 FCPATH\index.php(67): CodeIgniter\CodeIgniter->run()
ERROR - 2025-11-27 02:07:39 --> mysqli_sql_exception: Cannot add or update a child row: a foreign key constraint fails (`latihan`.`alternatives`, CONSTRAINT `alternatives_ibfk_1` FOREIGN KEY (`field_id`) REFERENCES `pekerjaan` (`id`) ON DELETE CASCADE) in C:\xampp\htdocs\percobaan\system\Database\MySQLi\Connection.php:292
Stack trace:
#0 C:\xampp\htdocs\percobaan\system\Database\MySQLi\Connection.php(292): mysqli->query('INSERT INTO `al...', 0)
#1 C:\xampp\htdocs\percobaan\system\Database\BaseConnection.php(666): CodeIgniter\Database\MySQLi\Connection->execute('INSERT INTO `al...')
#2 C:\xampp\htdocs\percobaan\system\Database\BaseConnection.php(593): CodeIgniter\Database\BaseConnection->simpleQuery('INSERT INTO `al...')
#3 C:\xampp\htdocs\percobaan\system\Database\BaseBuilder.php(1916): CodeIgniter\Database\BaseConnection->query('INSERT INTO `al...', Array, false)
#4 C:\xampp\htdocs\percobaan\system\Model.php(279): CodeIgniter\Database\BaseBuilder->insert()
#5 C:\xampp\htdocs\percobaan\system\BaseModel.php(749): CodeIgniter\Model->doInsert(Array)
#6 C:\xampp\htdocs\percobaan\system\Model.php(667): CodeIgniter\BaseModel->insert(Array, false)
#7 C:\xampp\htdocs\percobaan\system\BaseModel.php(659): CodeIgniter\Model->insert(Array, false)
#8 C:\xampp\htdocs\percobaan\app\Controllers\DataController.php(109): CodeIgniter\BaseModel->save(Array)
#9 C:\xampp\htdocs\percobaan\system\CodeIgniter.php(927): App\Controllers\DataController->onboard('3')
#10 C:\xampp\htdocs\percobaan\system\CodeIgniter.php(482): CodeIgniter\CodeIgniter->runController(Object(App\Controllers\DataController))
#11 C:\xampp\htdocs\percobaan\system\CodeIgniter.php(351): CodeIgniter\CodeIgniter->handleRequest(NULL, Object(Config\Cache), false)
#12 C:\xampp\htdocs\percobaan\public\index.php(67): CodeIgniter\CodeIgniter->run()
#13 {main}
CRITICAL - 2025-11-27 02:07:39 --> Cannot add or update a child row: a foreign key constraint fails (`latihan`.`alternatives`, CONSTRAINT `alternatives_ibfk_1` FOREIGN KEY (`field_id`) REFERENCES `pekerjaan` (`id`) ON DELETE CASCADE)
in SYSTEMPATH\Database\MySQLi\Connection.php on line 292.
 1 SYSTEMPATH\Database\MySQLi\Connection.php(292): mysqli->query('INSERT INTO `alternatives` (`code`, `name`, `status`) VALUES (\'K003\', \'Azizah Tri Kusumadewi\', \'Aktif\')', 0)
 2 SYSTEMPATH\Database\BaseConnection.php(666): CodeIgniter\Database\MySQLi\Connection->execute('INSERT INTO `alternatives` (`code`, `name`, `status`) VALUES (\'K003\', \'Azizah Tri Kusumadewi\', \'Aktif\')')
 3 SYSTEMPATH\Database\BaseConnection.php(593): CodeIgniter\Database\BaseConnection->simpleQuery('INSERT INTO `alternatives` (`code`, `name`, `status`) VALUES (\'K003\', \'Azizah Tri Kusumadewi\', \'Aktif\')')
 4 SYSTEMPATH\Database\BaseBuilder.php(1916): CodeIgniter\Database\BaseConnection->query('INSERT INTO `alternatives` (`code`, `name`, `status`) VALUES (:code:, :name:, :status:)', [...], false)
 5 SYSTEMPATH\Model.php(279): CodeIgniter\Database\BaseBuilder->insert()
 6 SYSTEMPATH\BaseModel.php(749): CodeIgniter\Model->doInsert([...])
 7 SYSTEMPATH\Model.php(667): CodeIgniter\BaseModel->insert([...], false)
 8 SYSTEMPATH\BaseModel.php(659): CodeIgniter\Model->insert([...], false)
 9 APPPATH\Controllers\DataController.php(109): CodeIgniter\BaseModel->save([...])
10 SYSTEMPATH\CodeIgniter.php(927): App\Controllers\DataController->onboard('3')
11 SYSTEMPATH\CodeIgniter.php(482): CodeIgniter\CodeIgniter->runController(Object(App\Controllers\DataController))
12 SYSTEMPATH\CodeIgniter.php(351): CodeIgniter\CodeIgniter->handleRequest(null, Object(Config\Cache), false)
13 FCPATH\index.php(67): CodeIgniter\CodeIgniter->run()
ERROR - 2025-11-27 02:21:51 --> mysqli_sql_exception: Cannot add or update a child row: a foreign key constraint fails (`latihan`.`alternatives`, CONSTRAINT `alternatives_ibfk_1` FOREIGN KEY (`field_id`) REFERENCES `pekerjaan` (`id`) ON DELETE CASCADE) in C:\xampp\htdocs\percobaan\system\Database\MySQLi\Connection.php:292
Stack trace:
#0 C:\xampp\htdocs\percobaan\system\Database\MySQLi\Connection.php(292): mysqli->query('INSERT INTO `al...', 0)
#1 C:\xampp\htdocs\percobaan\system\Database\BaseConnection.php(666): CodeIgniter\Database\MySQLi\Connection->execute('INSERT INTO `al...')
#2 C:\xampp\htdocs\percobaan\system\Database\BaseConnection.php(593): CodeIgniter\Database\BaseConnection->simpleQuery('INSERT INTO `al...')
#3 C:\xampp\htdocs\percobaan\system\Database\BaseBuilder.php(1916): CodeIgniter\Database\BaseConnection->query('INSERT INTO `al...', Array, false)
#4 C:\xampp\htdocs\percobaan\system\Model.php(279): CodeIgniter\Database\BaseBuilder->insert()
#5 C:\xampp\htdocs\percobaan\system\BaseModel.php(749): CodeIgniter\Model->doInsert(Array)
#6 C:\xampp\htdocs\percobaan\system\Model.php(667): CodeIgniter\BaseModel->insert(Array, false)
#7 C:\xampp\htdocs\percobaan\system\BaseModel.php(659): CodeIgniter\Model->insert(Array, false)
#8 C:\xampp\htdocs\percobaan\app\Controllers\DataController.php(116): CodeIgniter\BaseModel->save(Array)
#9 C:\xampp\htdocs\percobaan\system\CodeIgniter.php(927): App\Controllers\DataController->onboard('3')
#10 C:\xampp\htdocs\percobaan\system\CodeIgniter.php(482): CodeIgniter\CodeIgniter->runController(Object(App\Controllers\DataController))
#11 C:\xampp\htdocs\percobaan\system\CodeIgniter.php(351): CodeIgniter\CodeIgniter->handleRequest(NULL, Object(Config\Cache), false)
#12 C:\xampp\htdocs\percobaan\public\index.php(67): CodeIgniter\CodeIgniter->run()
#13 {main}
CRITICAL - 2025-11-27 02:21:51 --> Cannot add or update a child row: a foreign key constraint fails (`latihan`.`alternatives`, CONSTRAINT `alternatives_ibfk_1` FOREIGN KEY (`field_id`) REFERENCES `pekerjaan` (`id`) ON DELETE CASCADE)
in SYSTEMPATH\Database\MySQLi\Connection.php on line 292.
 1 SYSTEMPATH\Database\MySQLi\Connection.php(292): mysqli->query('INSERT INTO `alternatives` (`code`, `name`, `status`) VALUES (\'K003\', \'Azizah Tri Kusumadewi\', \'Aktif\')', 0)
 2 SYSTEMPATH\Database\BaseConnection.php(666): CodeIgniter\Database\MySQLi\Connection->execute('INSERT INTO `alternatives` (`code`, `name`, `status`) VALUES (\'K003\', \'Azizah Tri Kusumadewi\', \'Aktif\')')
 3 SYSTEMPATH\Database\BaseConnection.php(593): CodeIgniter\Database\BaseConnection->simpleQuery('INSERT INTO `alternatives` (`code`, `name`, `status`) VALUES (\'K003\', \'Azizah Tri Kusumadewi\', \'Aktif\')')
 4 SYSTEMPATH\Database\BaseBuilder.php(1916): CodeIgniter\Database\BaseConnection->query('INSERT INTO `alternatives` (`code`, `name`, `status`) VALUES (:code:, :name:, :status:)', [...], false)
 5 SYSTEMPATH\Model.php(279): CodeIgniter\Database\BaseBuilder->insert()
 6 SYSTEMPATH\BaseModel.php(749): CodeIgniter\Model->doInsert([...])
 7 SYSTEMPATH\Model.php(667): CodeIgniter\BaseModel->insert([...], false)
 8 SYSTEMPATH\BaseModel.php(659): CodeIgniter\Model->insert([...], false)
 9 APPPATH\Controllers\DataController.php(116): CodeIgniter\BaseModel->save([...])
10 SYSTEMPATH\CodeIgniter.php(927): App\Controllers\DataController->onboard('3')
11 SYSTEMPATH\CodeIgniter.php(482): CodeIgniter\CodeIgniter->runController(Object(App\Controllers\DataController))
12 SYSTEMPATH\CodeIgniter.php(351): CodeIgniter\CodeIgniter->handleRequest(null, Object(Config\Cache), false)
13 FCPATH\index.php(67): CodeIgniter\CodeIgniter->run()
ERROR - 2025-11-27 02:35:09 --> mysqli_sql_exception: Cannot add or update a child row: a foreign key constraint fails (`latihan`.`alternatives`, CONSTRAINT `alternatives_ibfk_1` FOREIGN KEY (`field_id`) REFERENCES `pekerjaan` (`id`) ON DELETE CASCADE) in C:\xampp\htdocs\percobaan\system\Database\MySQLi\Connection.php:292
Stack trace:
#0 C:\xampp\htdocs\percobaan\system\Database\MySQLi\Connection.php(292): mysqli->query('INSERT INTO `al...', 0)
#1 C:\xampp\htdocs\percobaan\system\Database\BaseConnection.php(666): CodeIgniter\Database\MySQLi\Connection->execute('INSERT INTO `al...')
#2 C:\xampp\htdocs\percobaan\system\Database\BaseConnection.php(593): CodeIgniter\Database\BaseConnection->simpleQuery('INSERT INTO `al...')
#3 C:\xampp\htdocs\percobaan\system\Database\BaseBuilder.php(1916): CodeIgniter\Database\BaseConnection->query('INSERT INTO `al...', Array, false)
#4 C:\xampp\htdocs\percobaan\system\Model.php(279): CodeIgniter\Database\BaseBuilder->insert()
#5 C:\xampp\htdocs\percobaan\system\BaseModel.php(749): CodeIgniter\Model->doInsert(Array)
#6 C:\xampp\htdocs\percobaan\system\Model.php(667): CodeIgniter\BaseModel->insert(Array, false)
#7 C:\xampp\htdocs\percobaan\system\BaseModel.php(659): CodeIgniter\Model->insert(Array, false)
#8 C:\xampp\htdocs\percobaan\app\Controllers\DataController.php(129): CodeIgniter\BaseModel->save(Array)
#9 C:\xampp\htdocs\percobaan\system\CodeIgniter.php(927): App\Controllers\DataController->onboard('3')
#10 C:\xampp\htdocs\percobaan\system\CodeIgniter.php(482): CodeIgniter\CodeIgniter->runController(Object(App\Controllers\DataController))
#11 C:\xampp\htdocs\percobaan\system\CodeIgniter.php(351): CodeIgniter\CodeIgniter->handleRequest(NULL, Object(Config\Cache), false)
#12 C:\xampp\htdocs\percobaan\public\index.php(67): CodeIgniter\CodeIgniter->run()
#13 {main}
CRITICAL - 2025-11-27 02:35:09 --> Cannot add or update a child row: a foreign key constraint fails (`latihan`.`alternatives`, CONSTRAINT `alternatives_ibfk_1` FOREIGN KEY (`field_id`) REFERENCES `pekerjaan` (`id`) ON DELETE CASCADE)
in SYSTEMPATH\Database\MySQLi\Connection.php on line 292.
 1 SYSTEMPATH\Database\MySQLi\Connection.php(292): mysqli->query('INSERT INTO `alternatives` (`code`, `name`, `status`) VALUES (\'K003\', \'Azizah Tri Kusumadewi\', \'Aktif\')', 0)
 2 SYSTEMPATH\Database\BaseConnection.php(666): CodeIgniter\Database\MySQLi\Connection->execute('INSERT INTO `alternatives` (`code`, `name`, `status`) VALUES (\'K003\', \'Azizah Tri Kusumadewi\', \'Aktif\')')
 3 SYSTEMPATH\Database\BaseConnection.php(593): CodeIgniter\Database\BaseConnection->simpleQuery('INSERT INTO `alternatives` (`code`, `name`, `status`) VALUES (\'K003\', \'Azizah Tri Kusumadewi\', \'Aktif\')')
 4 SYSTEMPATH\Database\BaseBuilder.php(1916): CodeIgniter\Database\BaseConnection->query('INSERT INTO `alternatives` (`code`, `name`, `status`) VALUES (:code:, :name:, :status:)', [...], false)
 5 SYSTEMPATH\Model.php(279): CodeIgniter\Database\BaseBuilder->insert()
 6 SYSTEMPATH\BaseModel.php(749): CodeIgniter\Model->doInsert([...])
 7 SYSTEMPATH\Model.php(667): CodeIgniter\BaseModel->insert([...], false)
 8 SYSTEMPATH\BaseModel.php(659): CodeIgniter\Model->insert([...], false)
 9 APPPATH\Controllers\DataController.php(129): CodeIgniter\BaseModel->save([...])
10 SYSTEMPATH\CodeIgniter.php(927): App\Controllers\DataController->onboard('3')
11 SYSTEMPATH\CodeIgniter.php(482): CodeIgniter\CodeIgniter->runController(Object(App\Controllers\DataController))
12 SYSTEMPATH\CodeIgniter.php(351): CodeIgniter\CodeIgniter->handleRequest(null, Object(Config\Cache), false)
13 FCPATH\index.php(67): CodeIgniter\CodeIgniter->run()
ERROR - 2025-11-27 02:38:17 --> mysqli_sql_exception: Cannot add or update a child row: a foreign key constraint fails (`latihan`.`alternatives`, CONSTRAINT `alternatives_ibfk_1` FOREIGN KEY (`field_id`) REFERENCES `pekerjaan` (`id`) ON DELETE CASCADE) in C:\xampp\htdocs\percobaan\system\Database\MySQLi\Connection.php:292
Stack trace:
#0 C:\xampp\htdocs\percobaan\system\Database\MySQLi\Connection.php(292): mysqli->query('INSERT INTO `al...', 0)
#1 C:\xampp\htdocs\percobaan\system\Database\BaseConnection.php(666): CodeIgniter\Database\MySQLi\Connection->execute('INSERT INTO `al...')
#2 C:\xampp\htdocs\percobaan\system\Database\BaseConnection.php(593): CodeIgniter\Database\BaseConnection->simpleQuery('INSERT INTO `al...')
#3 C:\xampp\htdocs\percobaan\system\Database\BaseBuilder.php(1916): CodeIgniter\Database\BaseConnection->query('INSERT INTO `al...', Array, false)
#4 C:\xampp\htdocs\percobaan\system\Model.php(279): CodeIgniter\Database\BaseBuilder->insert()
#5 C:\xampp\htdocs\percobaan\system\BaseModel.php(749): CodeIgniter\Model->doInsert(Array)
#6 C:\xampp\htdocs\percobaan\system\Model.php(667): CodeIgniter\BaseModel->insert(Array, false)
#7 C:\xampp\htdocs\percobaan\system\BaseModel.php(659): CodeIgniter\Model->insert(Array, false)
#8 C:\xampp\htdocs\percobaan\app\Controllers\DataController.php(118): CodeIgniter\BaseModel->save(Array)
#9 C:\xampp\htdocs\percobaan\system\CodeIgniter.php(927): App\Controllers\DataController->onboard('3')
#10 C:\xampp\htdocs\percobaan\system\CodeIgniter.php(482): CodeIgniter\CodeIgniter->runController(Object(App\Controllers\DataController))
#11 C:\xampp\htdocs\percobaan\system\CodeIgniter.php(351): CodeIgniter\CodeIgniter->handleRequest(NULL, Object(Config\Cache), false)
#12 C:\xampp\htdocs\percobaan\public\index.php(67): CodeIgniter\CodeIgniter->run()
#13 {main}
CRITICAL - 2025-11-27 02:38:17 --> Cannot add or update a child row: a foreign key constraint fails (`latihan`.`alternatives`, CONSTRAINT `alternatives_ibfk_1` FOREIGN KEY (`field_id`) REFERENCES `pekerjaan` (`id`) ON DELETE CASCADE)
in SYSTEMPATH\Database\MySQLi\Connection.php on line 292.
 1 SYSTEMPATH\Database\MySQLi\Connection.php(292): mysqli->query('INSERT INTO `alternatives` (`code`, `name`, `status`) VALUES (\'K003\', \'Azizah Tri Kusumadewi\', \'Aktif\')', 0)
 2 SYSTEMPATH\Database\BaseConnection.php(666): CodeIgniter\Database\MySQLi\Connection->execute('INSERT INTO `alternatives` (`code`, `name`, `status`) VALUES (\'K003\', \'Azizah Tri Kusumadewi\', \'Aktif\')')
 3 SYSTEMPATH\Database\BaseConnection.php(593): CodeIgniter\Database\BaseConnection->simpleQuery('INSERT INTO `alternatives` (`code`, `name`, `status`) VALUES (\'K003\', \'Azizah Tri Kusumadewi\', \'Aktif\')')
 4 SYSTEMPATH\Database\BaseBuilder.php(1916): CodeIgniter\Database\BaseConnection->query('INSERT INTO `alternatives` (`code`, `name`, `status`) VALUES (:code:, :name:, :status:)', [...], false)
 5 SYSTEMPATH\Model.php(279): CodeIgniter\Database\BaseBuilder->insert()
 6 SYSTEMPATH\BaseModel.php(749): CodeIgniter\Model->doInsert([...])
 7 SYSTEMPATH\Model.php(667): CodeIgniter\BaseModel->insert([...], false)
 8 SYSTEMPATH\BaseModel.php(659): CodeIgniter\Model->insert([...], false)
 9 APPPATH\Controllers\DataController.php(118): CodeIgniter\BaseModel->save([...])
10 SYSTEMPATH\CodeIgniter.php(927): App\Controllers\DataController->onboard('3')
11 SYSTEMPATH\CodeIgniter.php(482): CodeIgniter\CodeIgniter->runController(Object(App\Controllers\DataController))
12 SYSTEMPATH\CodeIgniter.php(351): CodeIgniter\CodeIgniter->handleRequest(null, Object(Config\Cache), false)
13 FCPATH\index.php(67): CodeIgniter\CodeIgniter->run()
ERROR - 2025-11-27 02:38:32 --> mysqli_sql_exception: Cannot add or update a child row: a foreign key constraint fails (`latihan`.`alternatives`, CONSTRAINT `alternatives_ibfk_1` FOREIGN KEY (`field_id`) REFERENCES `pekerjaan` (`id`) ON DELETE CASCADE) in C:\xampp\htdocs\percobaan\system\Database\MySQLi\Connection.php:292
Stack trace:
#0 C:\xampp\htdocs\percobaan\system\Database\MySQLi\Connection.php(292): mysqli->query('INSERT INTO `al...', 0)
#1 C:\xampp\htdocs\percobaan\system\Database\BaseConnection.php(666): CodeIgniter\Database\MySQLi\Connection->execute('INSERT INTO `al...')
#2 C:\xampp\htdocs\percobaan\system\Database\BaseConnection.php(593): CodeIgniter\Database\BaseConnection->simpleQuery('INSERT INTO `al...')
#3 C:\xampp\htdocs\percobaan\system\Database\BaseBuilder.php(1916): CodeIgniter\Database\BaseConnection->query('INSERT INTO `al...', Array, false)
#4 C:\xampp\htdocs\percobaan\system\Model.php(279): CodeIgniter\Database\BaseBuilder->insert()
#5 C:\xampp\htdocs\percobaan\system\BaseModel.php(749): CodeIgniter\Model->doInsert(Array)
#6 C:\xampp\htdocs\percobaan\system\Model.php(667): CodeIgniter\BaseModel->insert(Array, false)
#7 C:\xampp\htdocs\percobaan\system\BaseModel.php(659): CodeIgniter\Model->insert(Array, false)
#8 C:\xampp\htdocs\percobaan\app\Controllers\DataController.php(118): CodeIgniter\BaseModel->save(Array)
#9 C:\xampp\htdocs\percobaan\system\CodeIgniter.php(927): App\Controllers\DataController->onboard('3')
#10 C:\xampp\htdocs\percobaan\system\CodeIgniter.php(482): CodeIgniter\CodeIgniter->runController(Object(App\Controllers\DataController))
#11 C:\xampp\htdocs\percobaan\system\CodeIgniter.php(351): CodeIgniter\CodeIgniter->handleRequest(NULL, Object(Config\Cache), false)
#12 C:\xampp\htdocs\percobaan\public\index.php(67): CodeIgniter\CodeIgniter->run()
#13 {main}
CRITICAL - 2025-11-27 02:38:32 --> Cannot add or update a child row: a foreign key constraint fails (`latihan`.`alternatives`, CONSTRAINT `alternatives_ibfk_1` FOREIGN KEY (`field_id`) REFERENCES `pekerjaan` (`id`) ON DELETE CASCADE)
in SYSTEMPATH\Database\MySQLi\Connection.php on line 292.
 1 SYSTEMPATH\Database\MySQLi\Connection.php(292): mysqli->query('INSERT INTO `alternatives` (`code`, `name`, `status`) VALUES (\'K003\', \'Azizah Tri Kusumadewi\', \'Aktif\')', 0)
 2 SYSTEMPATH\Database\BaseConnection.php(666): CodeIgniter\Database\MySQLi\Connection->execute('INSERT INTO `alternatives` (`code`, `name`, `status`) VALUES (\'K003\', \'Azizah Tri Kusumadewi\', \'Aktif\')')
 3 SYSTEMPATH\Database\BaseConnection.php(593): CodeIgniter\Database\BaseConnection->simpleQuery('INSERT INTO `alternatives` (`code`, `name`, `status`) VALUES (\'K003\', \'Azizah Tri Kusumadewi\', \'Aktif\')')
 4 SYSTEMPATH\Database\BaseBuilder.php(1916): CodeIgniter\Database\BaseConnection->query('INSERT INTO `alternatives` (`code`, `name`, `status`) VALUES (:code:, :name:, :status:)', [...], false)
 5 SYSTEMPATH\Model.php(279): CodeIgniter\Database\BaseBuilder->insert()
 6 SYSTEMPATH\BaseModel.php(749): CodeIgniter\Model->doInsert([...])
 7 SYSTEMPATH\Model.php(667): CodeIgniter\BaseModel->insert([...], false)
 8 SYSTEMPATH\BaseModel.php(659): CodeIgniter\Model->insert([...], false)
 9 APPPATH\Controllers\DataController.php(118): CodeIgniter\BaseModel->save([...])
10 SYSTEMPATH\CodeIgniter.php(927): App\Controllers\DataController->onboard('3')
11 SYSTEMPATH\CodeIgniter.php(482): CodeIgniter\CodeIgniter->runController(Object(App\Controllers\DataController))
12 SYSTEMPATH\CodeIgniter.php(351): CodeIgniter\CodeIgniter->handleRequest(null, Object(Config\Cache), false)
13 FCPATH\index.php(67): CodeIgniter\CodeIgniter->run()
ERROR - 2025-11-27 02:50:32 --> mysqli_sql_exception: Cannot add or update a child row: a foreign key constraint fails (`latihan`.`alternatives`, CONSTRAINT `alternatives_ibfk_1` FOREIGN KEY (`field_id`) REFERENCES `pekerjaan` (`id`) ON DELETE CASCADE) in C:\xampp\htdocs\percobaan\system\Database\MySQLi\Connection.php:292
Stack trace:
#0 C:\xampp\htdocs\percobaan\system\Database\MySQLi\Connection.php(292): mysqli->query('INSERT INTO `al...', 0)
#1 C:\xampp\htdocs\percobaan\system\Database\BaseConnection.php(666): CodeIgniter\Database\MySQLi\Connection->execute('INSERT INTO `al...')
#2 C:\xampp\htdocs\percobaan\system\Database\BaseConnection.php(593): CodeIgniter\Database\BaseConnection->simpleQuery('INSERT INTO `al...')
#3 C:\xampp\htdocs\percobaan\system\Database\BaseBuilder.php(1916): CodeIgniter\Database\BaseConnection->query('INSERT INTO `al...', Array, false)
#4 C:\xampp\htdocs\percobaan\system\Model.php(279): CodeIgniter\Database\BaseBuilder->insert()
#5 C:\xampp\htdocs\percobaan\system\BaseModel.php(749): CodeIgniter\Model->doInsert(Array)
#6 C:\xampp\htdocs\percobaan\system\Model.php(667): CodeIgniter\BaseModel->insert(Array, false)
#7 C:\xampp\htdocs\percobaan\system\BaseModel.php(659): CodeIgniter\Model->insert(Array, false)
#8 C:\xampp\htdocs\percobaan\app\Controllers\DataController.php(118): CodeIgniter\BaseModel->save(Array)
#9 C:\xampp\htdocs\percobaan\system\CodeIgniter.php(927): App\Controllers\DataController->onboard('3')
#10 C:\xampp\htdocs\percobaan\system\CodeIgniter.php(482): CodeIgniter\CodeIgniter->runController(Object(App\Controllers\DataController))
#11 C:\xampp\htdocs\percobaan\system\CodeIgniter.php(351): CodeIgniter\CodeIgniter->handleRequest(NULL, Object(Config\Cache), false)
#12 C:\xampp\htdocs\percobaan\public\index.php(67): CodeIgniter\CodeIgniter->run()
#13 {main}
CRITICAL - 2025-11-27 02:50:32 --> Cannot add or update a child row: a foreign key constraint fails (`latihan`.`alternatives`, CONSTRAINT `alternatives_ibfk_1` FOREIGN KEY (`field_id`) REFERENCES `pekerjaan` (`id`) ON DELETE CASCADE)
in SYSTEMPATH\Database\MySQLi\Connection.php on line 292.
 1 SYSTEMPATH\Database\MySQLi\Connection.php(292): mysqli->query('INSERT INTO `alternatives` (`code`, `name`, `status`) VALUES (\'K003\', \'Azizah Tri Kusumadewi\', \'Aktif\')', 0)
 2 SYSTEMPATH\Database\BaseConnection.php(666): CodeIgniter\Database\MySQLi\Connection->execute('INSERT INTO `alternatives` (`code`, `name`, `status`) VALUES (\'K003\', \'Azizah Tri Kusumadewi\', \'Aktif\')')
 3 SYSTEMPATH\Database\BaseConnection.php(593): CodeIgniter\Database\BaseConnection->simpleQuery('INSERT INTO `alternatives` (`code`, `name`, `status`) VALUES (\'K003\', \'Azizah Tri Kusumadewi\', \'Aktif\')')
 4 SYSTEMPATH\Database\BaseBuilder.php(1916): CodeIgniter\Database\BaseConnection->query('INSERT INTO `alternatives` (`code`, `name`, `status`) VALUES (:code:, :name:, :status:)', [...], false)
 5 SYSTEMPATH\Model.php(279): CodeIgniter\Database\BaseBuilder->insert()
 6 SYSTEMPATH\BaseModel.php(749): CodeIgniter\Model->doInsert([...])
 7 SYSTEMPATH\Model.php(667): CodeIgniter\BaseModel->insert([...], false)
 8 SYSTEMPATH\BaseModel.php(659): CodeIgniter\Model->insert([...], false)
 9 APPPATH\Controllers\DataController.php(118): CodeIgniter\BaseModel->save([...])
10 SYSTEMPATH\CodeIgniter.php(927): App\Controllers\DataController->onboard('3')
11 SYSTEMPATH\CodeIgniter.php(482): CodeIgniter\CodeIgniter->runController(Object(App\Controllers\DataController))
12 SYSTEMPATH\CodeIgniter.php(351): CodeIgniter\CodeIgniter->handleRequest(null, Object(Config\Cache), false)
13 FCPATH\index.php(67): CodeIgniter\CodeIgniter->run()
CRITICAL - 2025-11-27 03:27:01 --> Undefined variable $data
in APPPATH\Views\admin\criteria\index.php on line 12.
 1 APPPATH\Views\admin\criteria\index.php(12): CodeIgniter\Debug\Exceptions->errorHandler(2, 'Undefined variable $data', 'APPPATH\\Views\\admin\\criteria\\index.php', 12)
 2 SYSTEMPATH\View\View.php(213): include('APPPATH\\Views\\admin\\criteria\\index.php')
 3 SYSTEMPATH\View\View.php(216): CodeIgniter\View\View->CodeIgniter\View\{closure}()
 4 SYSTEMPATH\Common.php(1134): CodeIgniter\View\View->render('admin/criteria/index', [], true)
 5 APPPATH\Controllers\CriteriaController.php(36): view('admin/criteria/index', [...])
 6 SYSTEMPATH\CodeIgniter.php(927): App\Controllers\CriteriaController->index()
 7 SYSTEMPATH\CodeIgniter.php(482): CodeIgniter\CodeIgniter->runController(Object(App\Controllers\CriteriaController))
 8 SYSTEMPATH\CodeIgniter.php(351): CodeIgniter\CodeIgniter->handleRequest(null, Object(Config\Cache), false)
 9 FCPATH\index.php(67): CodeIgniter\CodeIgniter->run()
CRITICAL - 2025-11-27 21:29:14 --> unlink(C:\xampp\htdocs\percobaan\writable\debugbar/debugbar_1764245874.489263.json): No such file or directory
in SYSTEMPATH\Debug\Toolbar\Collectors\History.php on line 76.
 1 [internal function]: CodeIgniter\Debug\Exceptions->errorHandler(2, 'unlink(C:\\xampp\\htdocs\\percobaan\\writable\\debugbar/debugbar_1764245874.489263.json): No such file or directory', 'SYSTEMPATH\\Debug\\Toolbar\\Collectors\\History.php', 76)
 2 SYSTEMPATH\Debug\Toolbar\Collectors\History.php(76): unlink('ROOTPATH\\writable\\debugbar/debugbar_1764245874.489263.json')
 3 SYSTEMPATH\Debug\Toolbar.php(500): CodeIgniter\Debug\Toolbar\Collectors\History->setFiles('1764300552.095396', 20)
 4 SYSTEMPATH\Debug\Toolbar.php(477): CodeIgniter\Debug\Toolbar->format([...], 'html')
 5 APPPATH\Config\Events.php(46): CodeIgniter\Debug\Toolbar->respond()
 6 SYSTEMPATH\Events\Events.php(149): CodeIgniter\Events\Events::Config\{closure}()
 7 SYSTEMPATH\CodeIgniter.php(328): CodeIgniter\Events\Events::trigger('pre_system')
 8 FCPATH\index.php(67): CodeIgniter\CodeIgniter->run()
CRITICAL - 2025-11-27 21:49:17 --> Undefined array key "id_lowongan"
in APPPATH\Controllers\DataController.php on line 99.
 1 APPPATH\Controllers\DataController.php(99): CodeIgniter\Debug\Exceptions->errorHandler(2, 'Undefined array key "id_lowongan"', 'APPPATH\\Controllers\\DataController.php', 99)
 2 SYSTEMPATH\CodeIgniter.php(927): App\Controllers\DataController->onboard('7')
 3 SYSTEMPATH\CodeIgniter.php(482): CodeIgniter\CodeIgniter->runController(Object(App\Controllers\DataController))
 4 SYSTEMPATH\CodeIgniter.php(351): CodeIgniter\CodeIgniter->handleRequest(null, Object(Config\Cache), false)
 5 FCPATH\index.php(67): CodeIgniter\CodeIgniter->run()
