CRITICAL - 2025-11-14 20:30:30 --> Too few arguments to function App\Controllers\ValuesController::create(), 0 passed in C:\xampp\htdocs\percobaan\system\CodeIgniter.php on line 927 and exactly 1 expected
in APPPATH\Controllers\ValuesController.php on line 44.
 1 SYSTEMPATH\CodeIgniter.php(927): App\Controllers\ValuesController->create()
 2 SYSTEMPATH\CodeIgniter.php(482): CodeIgniter\CodeIgniter->runController(Object(App\Controllers\ValuesController))
 3 SYSTEMPATH\CodeIgniter.php(351): CodeIgniter\CodeIgniter->handleRequest(null, Object(Config\Cache), false)
 4 FCPATH\index.php(67): CodeIgniter\CodeIgniter->run()
ERROR - 2025-11-14 21:51:46 --> mysqli_sql_exception: Column 'subcriteria_id' cannot be null in C:\xampp\htdocs\percobaan\system\Database\MySQLi\Connection.php:292
Stack trace:
#0 C:\xampp\htdocs\percobaan\system\Database\MySQLi\Connection.php(292): mysqli->query('INSERT INTO `ni...', 0)
#1 C:\xampp\htdocs\percobaan\system\Database\BaseConnection.php(666): CodeIgniter\Database\MySQLi\Connection->execute('INSERT INTO `ni...')
#2 C:\xampp\htdocs\percobaan\system\Database\BaseConnection.php(593): CodeIgniter\Database\BaseConnection->simpleQuery('INSERT INTO `ni...')
#3 C:\xampp\htdocs\percobaan\system\Database\BaseBuilder.php(1916): CodeIgniter\Database\BaseConnection->query('INSERT INTO `ni...', Array, false)
#4 C:\xampp\htdocs\percobaan\system\Model.php(279): CodeIgniter\Database\BaseBuilder->insert()
#5 C:\xampp\htdocs\percobaan\system\BaseModel.php(749): CodeIgniter\Model->doInsert(Array)
#6 C:\xampp\htdocs\percobaan\system\Model.php(667): CodeIgniter\BaseModel->insert(Array, true)
#7 C:\xampp\htdocs\percobaan\app\Controllers\ValuesController.php(101): CodeIgniter\Model->insert(Array)
#8 C:\xampp\htdocs\percobaan\system\CodeIgniter.php(927): App\Controllers\ValuesController->store()
#9 C:\xampp\htdocs\percobaan\system\CodeIgniter.php(482): CodeIgniter\CodeIgniter->runController(Object(App\Controllers\ValuesController))
#10 C:\xampp\htdocs\percobaan\system\CodeIgniter.php(351): CodeIgniter\CodeIgniter->handleRequest(NULL, Object(Config\Cache), false)
#11 C:\xampp\htdocs\percobaan\public\index.php(67): CodeIgniter\CodeIgniter->run()
#12 {main}
CRITICAL - 2025-11-14 21:51:46 --> Column 'subcriteria_id' cannot be null
in SYSTEMPATH\Database\MySQLi\Connection.php on line 292.
 1 SYSTEMPATH\Database\MySQLi\Connection.php(292): mysqli->query('INSERT INTO `nilai` (`alternative_id`, `criteria_id`, `subcriteria_id`, `value`, `type`, `created_at`, `updated_at`) VALUES (\'3\', \'2\', NULL, \'0\', \'Benefit\', \'2025-11-14 21:51:46\', \'2025-11-14 21:51:46\')', 0)
 2 SYSTEMPATH\Database\BaseConnection.php(666): CodeIgniter\Database\MySQLi\Connection->execute('INSERT INTO `nilai` (`alternative_id`, `criteria_id`, `subcriteria_id`, `value`, `type`, `created_at`, `updated_at`) VALUES (\'3\', \'2\', NULL, \'0\', \'Benefit\', \'2025-11-14 21:51:46\', \'2025-11-14 21:51:46\')')
 3 SYSTEMPATH\Database\BaseConnection.php(593): CodeIgniter\Database\BaseConnection->simpleQuery('INSERT INTO `nilai` (`alternative_id`, `criteria_id`, `subcriteria_id`, `value`, `type`, `created_at`, `updated_at`) VALUES (\'3\', \'2\', NULL, \'0\', \'Benefit\', \'2025-11-14 21:51:46\', \'2025-11-14 21:51:46\')')
 4 SYSTEMPATH\Database\BaseBuilder.php(1916): CodeIgniter\Database\BaseConnection->query('INSERT INTO `nilai` (`alternative_id`, `criteria_id`, `subcriteria_id`, `value`, `type`, `created_at`, `updated_at`) VALUES (:alternative_id:, :criteria_id:, :subcriteria_id:, :value:, :type:, :created_at:, :updated_at:)', [...], false)
 5 SYSTEMPATH\Model.php(279): CodeIgniter\Database\BaseBuilder->insert()
 6 SYSTEMPATH\BaseModel.php(749): CodeIgniter\Model->doInsert([...])
 7 SYSTEMPATH\Model.php(667): CodeIgniter\BaseModel->insert([...], true)
 8 APPPATH\Controllers\ValuesController.php(101): CodeIgniter\Model->insert([...])
 9 SYSTEMPATH\CodeIgniter.php(927): App\Controllers\ValuesController->store()
10 SYSTEMPATH\CodeIgniter.php(482): CodeIgniter\CodeIgniter->runController(Object(App\Controllers\ValuesController))
11 SYSTEMPATH\CodeIgniter.php(351): CodeIgniter\CodeIgniter->handleRequest(null, Object(Config\Cache), false)
12 FCPATH\index.php(67): CodeIgniter\CodeIgniter->run()
ERROR - 2025-11-14 21:51:58 --> mysqli_sql_exception: Column 'subcriteria_id' cannot be null in C:\xampp\htdocs\percobaan\system\Database\MySQLi\Connection.php:292
Stack trace:
#0 C:\xampp\htdocs\percobaan\system\Database\MySQLi\Connection.php(292): mysqli->query('INSERT INTO `ni...', 0)
#1 C:\xampp\htdocs\percobaan\system\Database\BaseConnection.php(666): CodeIgniter\Database\MySQLi\Connection->execute('INSERT INTO `ni...')
#2 C:\xampp\htdocs\percobaan\system\Database\BaseConnection.php(593): CodeIgniter\Database\BaseConnection->simpleQuery('INSERT INTO `ni...')
#3 C:\xampp\htdocs\percobaan\system\Database\BaseBuilder.php(1916): CodeIgniter\Database\BaseConnection->query('INSERT INTO `ni...', Array, false)
#4 C:\xampp\htdocs\percobaan\system\Model.php(279): CodeIgniter\Database\BaseBuilder->insert()
#5 C:\xampp\htdocs\percobaan\system\BaseModel.php(749): CodeIgniter\Model->doInsert(Array)
#6 C:\xampp\htdocs\percobaan\system\Model.php(667): CodeIgniter\BaseModel->insert(Array, true)
#7 C:\xampp\htdocs\percobaan\app\Controllers\ValuesController.php(101): CodeIgniter\Model->insert(Array)
#8 C:\xampp\htdocs\percobaan\system\CodeIgniter.php(927): App\Controllers\ValuesController->store()
#9 C:\xampp\htdocs\percobaan\system\CodeIgniter.php(482): CodeIgniter\CodeIgniter->runController(Object(App\Controllers\ValuesController))
#10 C:\xampp\htdocs\percobaan\system\CodeIgniter.php(351): CodeIgniter\CodeIgniter->handleRequest(NULL, Object(Config\Cache), false)
#11 C:\xampp\htdocs\percobaan\public\index.php(67): CodeIgniter\CodeIgniter->run()
#12 {main}
CRITICAL - 2025-11-14 21:51:58 --> Column 'subcriteria_id' cannot be null
in SYSTEMPATH\Database\MySQLi\Connection.php on line 292.
 1 SYSTEMPATH\Database\MySQLi\Connection.php(292): mysqli->query('INSERT INTO `nilai` (`alternative_id`, `criteria_id`, `subcriteria_id`, `value`, `type`, `created_at`, `updated_at`) VALUES (\'3\', \'2\', NULL, \'0\', \'Benefit\', \'2025-11-14 21:51:58\', \'2025-11-14 21:51:58\')', 0)
 2 SYSTEMPATH\Database\BaseConnection.php(666): CodeIgniter\Database\MySQLi\Connection->execute('INSERT INTO `nilai` (`alternative_id`, `criteria_id`, `subcriteria_id`, `value`, `type`, `created_at`, `updated_at`) VALUES (\'3\', \'2\', NULL, \'0\', \'Benefit\', \'2025-11-14 21:51:58\', \'2025-11-14 21:51:58\')')
 3 SYSTEMPATH\Database\BaseConnection.php(593): CodeIgniter\Database\BaseConnection->simpleQuery('INSERT INTO `nilai` (`alternative_id`, `criteria_id`, `subcriteria_id`, `value`, `type`, `created_at`, `updated_at`) VALUES (\'3\', \'2\', NULL, \'0\', \'Benefit\', \'2025-11-14 21:51:58\', \'2025-11-14 21:51:58\')')
 4 SYSTEMPATH\Database\BaseBuilder.php(1916): CodeIgniter\Database\BaseConnection->query('INSERT INTO `nilai` (`alternative_id`, `criteria_id`, `subcriteria_id`, `value`, `type`, `created_at`, `updated_at`) VALUES (:alternative_id:, :criteria_id:, :subcriteria_id:, :value:, :type:, :created_at:, :updated_at:)', [...], false)
 5 SYSTEMPATH\Model.php(279): CodeIgniter\Database\BaseBuilder->insert()
 6 SYSTEMPATH\BaseModel.php(749): CodeIgniter\Model->doInsert([...])
 7 SYSTEMPATH\Model.php(667): CodeIgniter\BaseModel->insert([...], true)
 8 APPPATH\Controllers\ValuesController.php(101): CodeIgniter\Model->insert([...])
 9 SYSTEMPATH\CodeIgniter.php(927): App\Controllers\ValuesController->store()
10 SYSTEMPATH\CodeIgniter.php(482): CodeIgniter\CodeIgniter->runController(Object(App\Controllers\ValuesController))
11 SYSTEMPATH\CodeIgniter.php(351): CodeIgniter\CodeIgniter->handleRequest(null, Object(Config\Cache), false)
12 FCPATH\index.php(67): CodeIgniter\CodeIgniter->run()
ERROR - 2025-11-14 21:52:02 --> mysqli_sql_exception: Column 'subcriteria_id' cannot be null in C:\xampp\htdocs\percobaan\system\Database\MySQLi\Connection.php:292
Stack trace:
#0 C:\xampp\htdocs\percobaan\system\Database\MySQLi\Connection.php(292): mysqli->query('INSERT INTO `ni...', 0)
#1 C:\xampp\htdocs\percobaan\system\Database\BaseConnection.php(666): CodeIgniter\Database\MySQLi\Connection->execute('INSERT INTO `ni...')
#2 C:\xampp\htdocs\percobaan\system\Database\BaseConnection.php(593): CodeIgniter\Database\BaseConnection->simpleQuery('INSERT INTO `ni...')
#3 C:\xampp\htdocs\percobaan\system\Database\BaseBuilder.php(1916): CodeIgniter\Database\BaseConnection->query('INSERT INTO `ni...', Array, false)
#4 C:\xampp\htdocs\percobaan\system\Model.php(279): CodeIgniter\Database\BaseBuilder->insert()
#5 C:\xampp\htdocs\percobaan\system\BaseModel.php(749): CodeIgniter\Model->doInsert(Array)
#6 C:\xampp\htdocs\percobaan\system\Model.php(667): CodeIgniter\BaseModel->insert(Array, true)
#7 C:\xampp\htdocs\percobaan\app\Controllers\ValuesController.php(101): CodeIgniter\Model->insert(Array)
#8 C:\xampp\htdocs\percobaan\system\CodeIgniter.php(927): App\Controllers\ValuesController->store()
#9 C:\xampp\htdocs\percobaan\system\CodeIgniter.php(482): CodeIgniter\CodeIgniter->runController(Object(App\Controllers\ValuesController))
#10 C:\xampp\htdocs\percobaan\system\CodeIgniter.php(351): CodeIgniter\CodeIgniter->handleRequest(NULL, Object(Config\Cache), false)
#11 C:\xampp\htdocs\percobaan\public\index.php(67): CodeIgniter\CodeIgniter->run()
#12 {main}
CRITICAL - 2025-11-14 21:52:02 --> Column 'subcriteria_id' cannot be null
in SYSTEMPATH\Database\MySQLi\Connection.php on line 292.
 1 SYSTEMPATH\Database\MySQLi\Connection.php(292): mysqli->query('INSERT INTO `nilai` (`alternative_id`, `criteria_id`, `subcriteria_id`, `value`, `type`, `created_at`, `updated_at`) VALUES (\'3\', \'2\', NULL, \'0\', \'Benefit\', \'2025-11-14 21:52:02\', \'2025-11-14 21:52:02\')', 0)
 2 SYSTEMPATH\Database\BaseConnection.php(666): CodeIgniter\Database\MySQLi\Connection->execute('INSERT INTO `nilai` (`alternative_id`, `criteria_id`, `subcriteria_id`, `value`, `type`, `created_at`, `updated_at`) VALUES (\'3\', \'2\', NULL, \'0\', \'Benefit\', \'2025-11-14 21:52:02\', \'2025-11-14 21:52:02\')')
 3 SYSTEMPATH\Database\BaseConnection.php(593): CodeIgniter\Database\BaseConnection->simpleQuery('INSERT INTO `nilai` (`alternative_id`, `criteria_id`, `subcriteria_id`, `value`, `type`, `created_at`, `updated_at`) VALUES (\'3\', \'2\', NULL, \'0\', \'Benefit\', \'2025-11-14 21:52:02\', \'2025-11-14 21:52:02\')')
 4 SYSTEMPATH\Database\BaseBuilder.php(1916): CodeIgniter\Database\BaseConnection->query('INSERT INTO `nilai` (`alternative_id`, `criteria_id`, `subcriteria_id`, `value`, `type`, `created_at`, `updated_at`) VALUES (:alternative_id:, :criteria_id:, :subcriteria_id:, :value:, :type:, :created_at:, :updated_at:)', [...], false)
 5 SYSTEMPATH\Model.php(279): CodeIgniter\Database\BaseBuilder->insert()
 6 SYSTEMPATH\BaseModel.php(749): CodeIgniter\Model->doInsert([...])
 7 SYSTEMPATH\Model.php(667): CodeIgniter\BaseModel->insert([...], true)
 8 APPPATH\Controllers\ValuesController.php(101): CodeIgniter\Model->insert([...])
 9 SYSTEMPATH\CodeIgniter.php(927): App\Controllers\ValuesController->store()
10 SYSTEMPATH\CodeIgniter.php(482): CodeIgniter\CodeIgniter->runController(Object(App\Controllers\ValuesController))
11 SYSTEMPATH\CodeIgniter.php(351): CodeIgniter\CodeIgniter->handleRequest(null, Object(Config\Cache), false)
12 FCPATH\index.php(67): CodeIgniter\CodeIgniter->run()
