CRITICAL - 2025-12-05 00:15:18 --> Undefined variable $data
in APPPATH\Views\admin\alternatives\detail.php on line 50.
 1 APPPATH\Views\admin\alternatives\detail.php(50): CodeIgniter\Debug\Exceptions->errorHandler(2, 'Undefined variable $data', 'APPPATH\\Views\\admin\\alternatives\\detail.php', 50)
 2 SYSTEMPATH\View\View.php(213): include('APPPATH\\Views\\admin\\alternatives\\detail.php')
 3 SYSTEMPATH\View\View.php(216): CodeIgniter\View\View->CodeIgniter\View\{closure}()
 4 SYSTEMPATH\Common.php(1134): CodeIgniter\View\View->render('admin/alternatives/detail', [], true)
 5 APPPATH\Controllers\AlternativesController.php(61): view('admin/alternatives/detail', [...])
 6 SYSTEMPATH\CodeIgniter.php(927): App\Controllers\AlternativesController->detail('1')
 7 SYSTEMPATH\CodeIgniter.php(482): CodeIgniter\CodeIgniter->runController(Object(App\Controllers\AlternativesController))
 8 SYSTEMPATH\CodeIgniter.php(351): CodeIgniter\CodeIgniter->handleRequest(null, Object(Config\Cache), false)
 9 FCPATH\index.php(67): CodeIgniter\CodeIgniter->run()
CRITICAL - 2025-12-05 00:15:34 --> Undefined variable $data
in APPPATH\Views\admin\alternatives\detail.php on line 50.
 1 APPPATH\Views\admin\alternatives\detail.php(50): CodeIgniter\Debug\Exceptions->errorHandler(2, 'Undefined variable $data', 'APPPATH\\Views\\admin\\alternatives\\detail.php', 50)
 2 SYSTEMPATH\View\View.php(213): include('APPPATH\\Views\\admin\\alternatives\\detail.php')
 3 SYSTEMPATH\View\View.php(216): CodeIgniter\View\View->CodeIgniter\View\{closure}()
 4 SYSTEMPATH\Common.php(1134): CodeIgniter\View\View->render('admin/alternatives/detail', [], true)
 5 APPPATH\Controllers\AlternativesController.php(61): view('admin/alternatives/detail', [...])
 6 SYSTEMPATH\CodeIgniter.php(927): App\Controllers\AlternativesController->detail('1')
 7 SYSTEMPATH\CodeIgniter.php(482): CodeIgniter\CodeIgniter->runController(Object(App\Controllers\AlternativesController))
 8 SYSTEMPATH\CodeIgniter.php(351): CodeIgniter\CodeIgniter->handleRequest(null, Object(Config\Cache), false)
 9 FCPATH\index.php(67): CodeIgniter\CodeIgniter->run()
