CRITICAL - 2025-12-04 00:34:54 --> syntax error, unexpected end of file, expecting "elseif" or "else" or "endif"
in APPPATH\Views\landing\detail.php on line 268.
 1 SYSTEMPATH\View\View.php(216): CodeIgniter\View\View->CodeIgniter\View\{closure}()
 2 SYSTEMPATH\Common.php(1134): CodeIgniter\View\View->render('landing/detail', [], true)
 3 APPPATH\Controllers\LandingController.php(48): view('landing/detail', [...])
 4 SYSTEMPATH\CodeIgniter.php(927): App\Controllers\LandingController->detail('9')
 5 SYSTEMPATH\CodeIgniter.php(482): CodeIgniter\CodeIgniter->runController(Object(App\Controllers\LandingController))
 6 SYSTEMPATH\CodeIgniter.php(351): CodeIgniter\CodeIgniter->handleRequest(null, Object(Config\Cache), false)
 7 FCPATH\index.php(67): CodeIgniter\CodeIgniter->run()
CRITICAL - 2025-12-04 01:01:15 --> Array to string conversion
in APPPATH\Views\admin\lowongan\detail_pelamar.php on line 137.
 1 APPPATH\Views\admin\lowongan\detail_pelamar.php(137): CodeIgniter\Debug\Exceptions->errorHandler(2, 'Array to string conversion', 'APPPATH\\Views\\admin\\lowongan\\detail_pelamar.php', 137)
 2 SYSTEMPATH\View\View.php(213): include('APPPATH\\Views\\admin\\lowongan\\detail_pelamar.php')
 3 SYSTEMPATH\View\View.php(216): CodeIgniter\View\View->CodeIgniter\View\{closure}()
 4 SYSTEMPATH\Common.php(1134): CodeIgniter\View\View->render('admin/lowongan/detail_pelamar', [], true)
 5 APPPATH\Controllers\LowonganController.php(242): view('admin/lowongan/detail_pelamar', [...])
 6 SYSTEMPATH\CodeIgniter.php(927): App\Controllers\LowonganController->detailPelamar('5')
 7 SYSTEMPATH\CodeIgniter.php(482): CodeIgniter\CodeIgniter->runController(Object(App\Controllers\LowonganController))
 8 SYSTEMPATH\CodeIgniter.php(351): CodeIgniter\CodeIgniter->handleRequest(null, Object(Config\Cache), false)
 9 FCPATH\index.php(67): CodeIgniter\CodeIgniter->run()
CRITICAL - 2025-12-04 02:21:25 --> There is no data to update.
in SYSTEMPATH\BaseModel.php on line 1598.
 1 SYSTEMPATH\BaseModel.php(1598): CodeIgniter\Database\Exceptions\DataException::forEmptyDataset('update')
 2 SYSTEMPATH\BaseModel.php(853): CodeIgniter\BaseModel->transformDataToArray(null, 'update')
 3 SYSTEMPATH\Model.php(693): CodeIgniter\BaseModel->update([...], null)
 4 APPPATH\Controllers\LowonganController.php(162): CodeIgniter\Model->update([...])
 5 SYSTEMPATH\CodeIgniter.php(927): App\Controllers\LowonganController->update('2')
 6 SYSTEMPATH\CodeIgniter.php(482): CodeIgniter\CodeIgniter->runController(Object(App\Controllers\LowonganController))
 7 SYSTEMPATH\CodeIgniter.php(351): CodeIgniter\CodeIgniter->handleRequest(null, Object(Config\Cache), false)
 8 FCPATH\index.php(67): CodeIgniter\CodeIgniter->run()
CRITICAL - 2025-12-04 02:21:41 --> There is no data to update.
in SYSTEMPATH\BaseModel.php on line 1598.
 1 SYSTEMPATH\BaseModel.php(1598): CodeIgniter\Database\Exceptions\DataException::forEmptyDataset('update')
 2 SYSTEMPATH\BaseModel.php(853): CodeIgniter\BaseModel->transformDataToArray(null, 'update')
 3 SYSTEMPATH\Model.php(693): CodeIgniter\BaseModel->update([...], null)
 4 APPPATH\Controllers\LowonganController.php(162): CodeIgniter\Model->update([...])
 5 SYSTEMPATH\CodeIgniter.php(927): App\Controllers\LowonganController->update('2')
 6 SYSTEMPATH\CodeIgniter.php(482): CodeIgniter\CodeIgniter->runController(Object(App\Controllers\LowonganController))
 7 SYSTEMPATH\CodeIgniter.php(351): CodeIgniter\CodeIgniter->handleRequest(null, Object(Config\Cache), false)
 8 FCPATH\index.php(67): CodeIgniter\CodeIgniter->run()
