ERROR - 2025-12-02 00:33:39 --> mysqli_sql_exception: Unknown column 'pekerjaan.nama_pekerjaan' in 'field list' in C:\xampp\htdocs\percobaan\system\Database\MySQLi\Connection.php:292
Stack trace:
#0 C:\xampp\htdocs\percobaan\system\Database\MySQLi\Connection.php(292): mysqli->query('SELECT `data`.*...', 0)
#1 C:\xampp\htdocs\percobaan\system\Database\BaseConnection.php(666): CodeIgniter\Database\MySQLi\Connection->execute('SELECT `data`.*...')
#2 C:\xampp\htdocs\percobaan\system\Database\BaseConnection.php(593): CodeIgniter\Database\BaseConnection->simpleQuery('SELECT `data`.*...')
#3 C:\xampp\htdocs\percobaan\system\Database\BaseBuilder.php(1585): CodeIgniter\Database\BaseConnection->query('SELECT `data`.*...', Array, false)
#4 C:\xampp\htdocs\percobaan\system\Model.php(182): CodeIgniter\Database\BaseBuilder->get()
#5 C:\xampp\htdocs\percobaan\system\BaseModel.php(524): CodeIgniter\Model->doFind(true, '1')
#6 C:\xampp\htdocs\percobaan\app\Controllers\DataController.php(61): CodeIgniter\BaseModel->find('1')
#7 C:\xampp\htdocs\percobaan\system\CodeIgniter.php(927): App\Controllers\DataController->detail('1')
#8 C:\xampp\htdocs\percobaan\system\CodeIgniter.php(482): CodeIgniter\CodeIgniter->runController(Object(App\Controllers\DataController))
#9 C:\xampp\htdocs\percobaan\system\CodeIgniter.php(351): CodeIgniter\CodeIgniter->handleRequest(NULL, Object(Config\Cache), false)
#10 C:\xampp\htdocs\percobaan\public\index.php(67): CodeIgniter\CodeIgniter->run()
#11 {main}
CRITICAL - 2025-12-02 00:33:39 --> Unknown column 'pekerjaan.nama_pekerjaan' in 'field list'
in SYSTEMPATH\Database\MySQLi\Connection.php on line 292.
 1 SYSTEMPATH\Database\MySQLi\Connection.php(292): mysqli->query('SELECT `data`.*, `lowongan`.`judul_lowongan`, `pekerjaan`.`nama_pekerjaan`, `pekerjaan`.`standar_spk`
FROM `data`
JOIN `lowongan` ON `lowongan`.`id` = `data`.`id_lowongan`
JOIN `pekerjaan` ON `pekerjaan`.`id` = `lowongan`.`field_id`
WHERE `data`.`id` = \'1\'', 0)
 2 SYSTEMPATH\Database\BaseConnection.php(666): CodeIgniter\Database\MySQLi\Connection->execute('SELECT `data`.*, `lowongan`.`judul_lowongan`, `pekerjaan`.`nama_pekerjaan`, `pekerjaan`.`standar_spk`
FROM `data`
JOIN `lowongan` ON `lowongan`.`id` = `data`.`id_lowongan`
JOIN `pekerjaan` ON `pekerjaan`.`id` = `lowongan`.`field_id`
WHERE `data`.`id` = \'1\'')
 3 SYSTEMPATH\Database\BaseConnection.php(593): CodeIgniter\Database\BaseConnection->simpleQuery('SELECT `data`.*, `lowongan`.`judul_lowongan`, `pekerjaan`.`nama_pekerjaan`, `pekerjaan`.`standar_spk`
FROM `data`
JOIN `lowongan` ON `lowongan`.`id` = `data`.`id_lowongan`
JOIN `pekerjaan` ON `pekerjaan`.`id` = `lowongan`.`field_id`
WHERE `data`.`id` = \'1\'')
 4 SYSTEMPATH\Database\BaseBuilder.php(1585): CodeIgniter\Database\BaseConnection->query('SELECT `data`.*, `lowongan`.`judul_lowongan`, `pekerjaan`.`nama_pekerjaan`, `pekerjaan`.`standar_spk`
FROM `data`
JOIN `lowongan` ON `lowongan`.`id` = `data`.`id_lowongan`
JOIN `pekerjaan` ON `pekerjaan`.`id` = `lowongan`.`field_id`
WHERE `data`.`id` = :data.id:', [...], false)
 5 SYSTEMPATH\Model.php(182): CodeIgniter\Database\BaseBuilder->get()
 6 SYSTEMPATH\BaseModel.php(524): CodeIgniter\Model->doFind(true, '1')
 7 APPPATH\Controllers\DataController.php(61): CodeIgniter\BaseModel->find('1')
 8 SYSTEMPATH\CodeIgniter.php(927): App\Controllers\DataController->detail('1')
 9 SYSTEMPATH\CodeIgniter.php(482): CodeIgniter\CodeIgniter->runController(Object(App\Controllers\DataController))
10 SYSTEMPATH\CodeIgniter.php(351): CodeIgniter\CodeIgniter->handleRequest(null, Object(Config\Cache), false)
11 FCPATH\index.php(67): CodeIgniter\CodeIgniter->run()
CRITICAL - 2025-12-02 00:35:24 --> Undefined array key "nama_pekerjaan"
in APPPATH\Views\admin\lowongan\detail.php on line 12.
 1 APPPATH\Views\admin\lowongan\detail.php(12): CodeIgniter\Debug\Exceptions->errorHandler(2, 'Undefined array key "nama_pekerjaan"', 'APPPATH\\Views\\admin\\lowongan\\detail.php', 12)
 2 SYSTEMPATH\View\View.php(213): include('APPPATH\\Views\\admin\\lowongan\\detail.php')
 3 SYSTEMPATH\View\View.php(216): CodeIgniter\View\View->CodeIgniter\View\{closure}()
 4 SYSTEMPATH\Common.php(1134): CodeIgniter\View\View->render('admin/lowongan/detail', [], true)
 5 APPPATH\Controllers\LowonganController.php(166): view('admin/lowongan/detail', [...])
 6 SYSTEMPATH\CodeIgniter.php(927): App\Controllers\LowonganController->detail('1')
 7 SYSTEMPATH\CodeIgniter.php(482): CodeIgniter\CodeIgniter->runController(Object(App\Controllers\LowonganController))
 8 SYSTEMPATH\CodeIgniter.php(351): CodeIgniter\CodeIgniter->handleRequest(null, Object(Config\Cache), false)
 9 FCPATH\index.php(67): CodeIgniter\CodeIgniter->run()
ERROR - 2025-12-02 00:36:12 --> mysqli_sql_exception: Unknown column 'pekerjaan.nama_pekerjaan' in 'field list' in C:\xampp\htdocs\percobaan\system\Database\MySQLi\Connection.php:292
Stack trace:
#0 C:\xampp\htdocs\percobaan\system\Database\MySQLi\Connection.php(292): mysqli->query('SELECT `data`.*...', 0)
#1 C:\xampp\htdocs\percobaan\system\Database\BaseConnection.php(666): CodeIgniter\Database\MySQLi\Connection->execute('SELECT `data`.*...')
#2 C:\xampp\htdocs\percobaan\system\Database\BaseConnection.php(593): CodeIgniter\Database\BaseConnection->simpleQuery('SELECT `data`.*...')
#3 C:\xampp\htdocs\percobaan\system\Database\BaseBuilder.php(1585): CodeIgniter\Database\BaseConnection->query('SELECT `data`.*...', Array, false)
#4 C:\xampp\htdocs\percobaan\system\Model.php(182): CodeIgniter\Database\BaseBuilder->get()
#5 C:\xampp\htdocs\percobaan\system\BaseModel.php(524): CodeIgniter\Model->doFind(true, '1')
#6 C:\xampp\htdocs\percobaan\app\Controllers\DataController.php(61): CodeIgniter\BaseModel->find('1')
#7 C:\xampp\htdocs\percobaan\system\CodeIgniter.php(927): App\Controllers\DataController->detail('1')
#8 C:\xampp\htdocs\percobaan\system\CodeIgniter.php(482): CodeIgniter\CodeIgniter->runController(Object(App\Controllers\DataController))
#9 C:\xampp\htdocs\percobaan\system\CodeIgniter.php(351): CodeIgniter\CodeIgniter->handleRequest(NULL, Object(Config\Cache), false)
#10 C:\xampp\htdocs\percobaan\public\index.php(67): CodeIgniter\CodeIgniter->run()
#11 {main}
CRITICAL - 2025-12-02 00:36:12 --> Unknown column 'pekerjaan.nama_pekerjaan' in 'field list'
in SYSTEMPATH\Database\MySQLi\Connection.php on line 292.
 1 SYSTEMPATH\Database\MySQLi\Connection.php(292): mysqli->query('SELECT `data`.*, `lowongan`.`judul_lowongan`, `pekerjaan`.`nama_pekerjaan`, `pekerjaan`.`standar_spk`
FROM `data`
JOIN `lowongan` ON `lowongan`.`id` = `data`.`id_lowongan`
JOIN `pekerjaan` ON `pekerjaan`.`id` = `lowongan`.`field_id`
WHERE `data`.`id` = \'1\'', 0)
 2 SYSTEMPATH\Database\BaseConnection.php(666): CodeIgniter\Database\MySQLi\Connection->execute('SELECT `data`.*, `lowongan`.`judul_lowongan`, `pekerjaan`.`nama_pekerjaan`, `pekerjaan`.`standar_spk`
FROM `data`
JOIN `lowongan` ON `lowongan`.`id` = `data`.`id_lowongan`
JOIN `pekerjaan` ON `pekerjaan`.`id` = `lowongan`.`field_id`
WHERE `data`.`id` = \'1\'')
 3 SYSTEMPATH\Database\BaseConnection.php(593): CodeIgniter\Database\BaseConnection->simpleQuery('SELECT `data`.*, `lowongan`.`judul_lowongan`, `pekerjaan`.`nama_pekerjaan`, `pekerjaan`.`standar_spk`
FROM `data`
JOIN `lowongan` ON `lowongan`.`id` = `data`.`id_lowongan`
JOIN `pekerjaan` ON `pekerjaan`.`id` = `lowongan`.`field_id`
WHERE `data`.`id` = \'1\'')
 4 SYSTEMPATH\Database\BaseBuilder.php(1585): CodeIgniter\Database\BaseConnection->query('SELECT `data`.*, `lowongan`.`judul_lowongan`, `pekerjaan`.`nama_pekerjaan`, `pekerjaan`.`standar_spk`
FROM `data`
JOIN `lowongan` ON `lowongan`.`id` = `data`.`id_lowongan`
JOIN `pekerjaan` ON `pekerjaan`.`id` = `lowongan`.`field_id`
WHERE `data`.`id` = :data.id:', [...], false)
 5 SYSTEMPATH\Model.php(182): CodeIgniter\Database\BaseBuilder->get()
 6 SYSTEMPATH\BaseModel.php(524): CodeIgniter\Model->doFind(true, '1')
 7 APPPATH\Controllers\DataController.php(61): CodeIgniter\BaseModel->find('1')
 8 SYSTEMPATH\CodeIgniter.php(927): App\Controllers\DataController->detail('1')
 9 SYSTEMPATH\CodeIgniter.php(482): CodeIgniter\CodeIgniter->runController(Object(App\Controllers\DataController))
10 SYSTEMPATH\CodeIgniter.php(351): CodeIgniter\CodeIgniter->handleRequest(null, Object(Config\Cache), false)
11 FCPATH\index.php(67): CodeIgniter\CodeIgniter->run()
ERROR - 2025-12-02 00:36:28 --> mysqli_sql_exception: Unknown column 'pekerjaan.nama_pekerjaan' in 'field list' in C:\xampp\htdocs\percobaan\system\Database\MySQLi\Connection.php:292
Stack trace:
#0 C:\xampp\htdocs\percobaan\system\Database\MySQLi\Connection.php(292): mysqli->query('SELECT `data`.*...', 0)
#1 C:\xampp\htdocs\percobaan\system\Database\BaseConnection.php(666): CodeIgniter\Database\MySQLi\Connection->execute('SELECT `data`.*...')
#2 C:\xampp\htdocs\percobaan\system\Database\BaseConnection.php(593): CodeIgniter\Database\BaseConnection->simpleQuery('SELECT `data`.*...')
#3 C:\xampp\htdocs\percobaan\system\Database\BaseBuilder.php(1585): CodeIgniter\Database\BaseConnection->query('SELECT `data`.*...', Array, false)
#4 C:\xampp\htdocs\percobaan\system\Model.php(182): CodeIgniter\Database\BaseBuilder->get()
#5 C:\xampp\htdocs\percobaan\system\BaseModel.php(524): CodeIgniter\Model->doFind(true, '1')
#6 C:\xampp\htdocs\percobaan\app\Controllers\DataController.php(61): CodeIgniter\BaseModel->find('1')
#7 C:\xampp\htdocs\percobaan\system\CodeIgniter.php(927): App\Controllers\DataController->detail('1')
#8 C:\xampp\htdocs\percobaan\system\CodeIgniter.php(482): CodeIgniter\CodeIgniter->runController(Object(App\Controllers\DataController))
#9 C:\xampp\htdocs\percobaan\system\CodeIgniter.php(351): CodeIgniter\CodeIgniter->handleRequest(NULL, Object(Config\Cache), false)
#10 C:\xampp\htdocs\percobaan\public\index.php(67): CodeIgniter\CodeIgniter->run()
#11 {main}
CRITICAL - 2025-12-02 00:36:28 --> Unknown column 'pekerjaan.nama_pekerjaan' in 'field list'
in SYSTEMPATH\Database\MySQLi\Connection.php on line 292.
 1 SYSTEMPATH\Database\MySQLi\Connection.php(292): mysqli->query('SELECT `data`.*, `lowongan`.`judul_lowongan`, `pekerjaan`.`nama_pekerjaan`, `pekerjaan`.`standar_spk`
FROM `data`
JOIN `lowongan` ON `lowongan`.`id` = `data`.`id_lowongan`
JOIN `pekerjaan` ON `pekerjaan`.`id` = `lowongan`.`field_id`
WHERE `data`.`id` = \'1\'', 0)
 2 SYSTEMPATH\Database\BaseConnection.php(666): CodeIgniter\Database\MySQLi\Connection->execute('SELECT `data`.*, `lowongan`.`judul_lowongan`, `pekerjaan`.`nama_pekerjaan`, `pekerjaan`.`standar_spk`
FROM `data`
JOIN `lowongan` ON `lowongan`.`id` = `data`.`id_lowongan`
JOIN `pekerjaan` ON `pekerjaan`.`id` = `lowongan`.`field_id`
WHERE `data`.`id` = \'1\'')
 3 SYSTEMPATH\Database\BaseConnection.php(593): CodeIgniter\Database\BaseConnection->simpleQuery('SELECT `data`.*, `lowongan`.`judul_lowongan`, `pekerjaan`.`nama_pekerjaan`, `pekerjaan`.`standar_spk`
FROM `data`
JOIN `lowongan` ON `lowongan`.`id` = `data`.`id_lowongan`
JOIN `pekerjaan` ON `pekerjaan`.`id` = `lowongan`.`field_id`
WHERE `data`.`id` = \'1\'')
 4 SYSTEMPATH\Database\BaseBuilder.php(1585): CodeIgniter\Database\BaseConnection->query('SELECT `data`.*, `lowongan`.`judul_lowongan`, `pekerjaan`.`nama_pekerjaan`, `pekerjaan`.`standar_spk`
FROM `data`
JOIN `lowongan` ON `lowongan`.`id` = `data`.`id_lowongan`
JOIN `pekerjaan` ON `pekerjaan`.`id` = `lowongan`.`field_id`
WHERE `data`.`id` = :data.id:', [...], false)
 5 SYSTEMPATH\Model.php(182): CodeIgniter\Database\BaseBuilder->get()
 6 SYSTEMPATH\BaseModel.php(524): CodeIgniter\Model->doFind(true, '1')
 7 APPPATH\Controllers\DataController.php(61): CodeIgniter\BaseModel->find('1')
 8 SYSTEMPATH\CodeIgniter.php(927): App\Controllers\DataController->detail('1')
 9 SYSTEMPATH\CodeIgniter.php(482): CodeIgniter\CodeIgniter->runController(Object(App\Controllers\DataController))
10 SYSTEMPATH\CodeIgniter.php(351): CodeIgniter\CodeIgniter->handleRequest(null, Object(Config\Cache), false)
11 FCPATH\index.php(67): CodeIgniter\CodeIgniter->run()
ERROR - 2025-12-02 00:38:05 --> mysqli_sql_exception: Unknown column 'pekerjaan.jabatan' in 'field list' in C:\xampp\htdocs\percobaan\system\Database\MySQLi\Connection.php:292
Stack trace:
#0 C:\xampp\htdocs\percobaan\system\Database\MySQLi\Connection.php(292): mysqli->query('SELECT `data`.*...', 0)
#1 C:\xampp\htdocs\percobaan\system\Database\BaseConnection.php(666): CodeIgniter\Database\MySQLi\Connection->execute('SELECT `data`.*...')
#2 C:\xampp\htdocs\percobaan\system\Database\BaseConnection.php(593): CodeIgniter\Database\BaseConnection->simpleQuery('SELECT `data`.*...')
#3 C:\xampp\htdocs\percobaan\system\Database\BaseBuilder.php(1585): CodeIgniter\Database\BaseConnection->query('SELECT `data`.*...', Array, false)
#4 C:\xampp\htdocs\percobaan\system\Model.php(182): CodeIgniter\Database\BaseBuilder->get()
#5 C:\xampp\htdocs\percobaan\system\BaseModel.php(524): CodeIgniter\Model->doFind(true, '1')
#6 C:\xampp\htdocs\percobaan\app\Controllers\DataController.php(65): CodeIgniter\BaseModel->find('1')
#7 C:\xampp\htdocs\percobaan\system\CodeIgniter.php(927): App\Controllers\DataController->detail('1')
#8 C:\xampp\htdocs\percobaan\system\CodeIgniter.php(482): CodeIgniter\CodeIgniter->runController(Object(App\Controllers\DataController))
#9 C:\xampp\htdocs\percobaan\system\CodeIgniter.php(351): CodeIgniter\CodeIgniter->handleRequest(NULL, Object(Config\Cache), false)
#10 C:\xampp\htdocs\percobaan\public\index.php(67): CodeIgniter\CodeIgniter->run()
#11 {main}
CRITICAL - 2025-12-02 00:38:05 --> Unknown column 'pekerjaan.jabatan' in 'field list'
in SYSTEMPATH\Database\MySQLi\Connection.php on line 292.
 1 SYSTEMPATH\Database\MySQLi\Connection.php(292): mysqli->query('SELECT `data`.*, `lowongan`.`judul_lowongan`, `pekerjaan`.`divisi`, `pekerjaan`.`jabatan`, `pekerjaan`.`standar_spk`
FROM `data`
JOIN `lowongan` ON `lowongan`.`id` = `data`.`id_lowongan`
JOIN `pekerjaan` ON `pekerjaan`.`id` = `lowongan`.`pekerjaan_id`
WHERE `data`.`id` = \'1\'', 0)
 2 SYSTEMPATH\Database\BaseConnection.php(666): CodeIgniter\Database\MySQLi\Connection->execute('SELECT `data`.*, `lowongan`.`judul_lowongan`, `pekerjaan`.`divisi`, `pekerjaan`.`jabatan`, `pekerjaan`.`standar_spk`
FROM `data`
JOIN `lowongan` ON `lowongan`.`id` = `data`.`id_lowongan`
JOIN `pekerjaan` ON `pekerjaan`.`id` = `lowongan`.`pekerjaan_id`
WHERE `data`.`id` = \'1\'')
 3 SYSTEMPATH\Database\BaseConnection.php(593): CodeIgniter\Database\BaseConnection->simpleQuery('SELECT `data`.*, `lowongan`.`judul_lowongan`, `pekerjaan`.`divisi`, `pekerjaan`.`jabatan`, `pekerjaan`.`standar_spk`
FROM `data`
JOIN `lowongan` ON `lowongan`.`id` = `data`.`id_lowongan`
JOIN `pekerjaan` ON `pekerjaan`.`id` = `lowongan`.`pekerjaan_id`
WHERE `data`.`id` = \'1\'')
 4 SYSTEMPATH\Database\BaseBuilder.php(1585): CodeIgniter\Database\BaseConnection->query('SELECT `data`.*, `lowongan`.`judul_lowongan`, `pekerjaan`.`divisi`, `pekerjaan`.`jabatan`, `pekerjaan`.`standar_spk`
FROM `data`
JOIN `lowongan` ON `lowongan`.`id` = `data`.`id_lowongan`
JOIN `pekerjaan` ON `pekerjaan`.`id` = `lowongan`.`pekerjaan_id`
WHERE `data`.`id` = :data.id:', [...], false)
 5 SYSTEMPATH\Model.php(182): CodeIgniter\Database\BaseBuilder->get()
 6 SYSTEMPATH\BaseModel.php(524): CodeIgniter\Model->doFind(true, '1')
 7 APPPATH\Controllers\DataController.php(65): CodeIgniter\BaseModel->find('1')
 8 SYSTEMPATH\CodeIgniter.php(927): App\Controllers\DataController->detail('1')
 9 SYSTEMPATH\CodeIgniter.php(482): CodeIgniter\CodeIgniter->runController(Object(App\Controllers\DataController))
10 SYSTEMPATH\CodeIgniter.php(351): CodeIgniter\CodeIgniter->handleRequest(null, Object(Config\Cache), false)
11 FCPATH\index.php(67): CodeIgniter\CodeIgniter->run()
ERROR - 2025-12-02 00:38:13 --> mysqli_sql_exception: Unknown column 'name' in 'where clause' in C:\xampp\htdocs\percobaan\system\Database\MySQLi\Connection.php:292
Stack trace:
#0 C:\xampp\htdocs\percobaan\system\Database\MySQLi\Connection.php(292): mysqli->query('SELECT *\nFROM `...', 0)
#1 C:\xampp\htdocs\percobaan\system\Database\BaseConnection.php(666): CodeIgniter\Database\MySQLi\Connection->execute('SELECT *\nFROM `...')
#2 C:\xampp\htdocs\percobaan\system\Database\BaseConnection.php(593): CodeIgniter\Database\BaseConnection->simpleQuery('SELECT *\nFROM `...')
#3 C:\xampp\htdocs\percobaan\system\Database\BaseBuilder.php(1585): CodeIgniter\Database\BaseConnection->query('SELECT *\nFROM `...', Array, false)
#4 C:\xampp\htdocs\percobaan\system\Model.php(250): CodeIgniter\Database\BaseBuilder->get()
#5 C:\xampp\htdocs\percobaan\system\BaseModel.php(623): CodeIgniter\Model->doFirst()
#6 C:\xampp\htdocs\percobaan\app\Controllers\DataController.php(72): CodeIgniter\BaseModel->first()
#7 C:\xampp\htdocs\percobaan\system\CodeIgniter.php(927): App\Controllers\DataController->detail('1')
#8 C:\xampp\htdocs\percobaan\system\CodeIgniter.php(482): CodeIgniter\CodeIgniter->runController(Object(App\Controllers\DataController))
#9 C:\xampp\htdocs\percobaan\system\CodeIgniter.php(351): CodeIgniter\CodeIgniter->handleRequest(NULL, Object(Config\Cache), false)
#10 C:\xampp\htdocs\percobaan\public\index.php(67): CodeIgniter\CodeIgniter->run()
#11 {main}
CRITICAL - 2025-12-02 00:38:13 --> Unknown column 'name' in 'where clause'
in SYSTEMPATH\Database\MySQLi\Connection.php on line 292.
 1 SYSTEMPATH\Database\MySQLi\Connection.php(292): mysqli->query('SELECT *
FROM `alternatives`
WHERE `name` = \'Azizah Tri Kusumadewi\'
 LIMIT 1', 0)
 2 SYSTEMPATH\Database\BaseConnection.php(666): CodeIgniter\Database\MySQLi\Connection->execute('SELECT *
FROM `alternatives`
WHERE `name` = \'Azizah Tri Kusumadewi\'
 LIMIT 1')
 3 SYSTEMPATH\Database\BaseConnection.php(593): CodeIgniter\Database\BaseConnection->simpleQuery('SELECT *
FROM `alternatives`
WHERE `name` = \'Azizah Tri Kusumadewi\'
 LIMIT 1')
 4 SYSTEMPATH\Database\BaseBuilder.php(1585): CodeIgniter\Database\BaseConnection->query('SELECT *
FROM `alternatives`
WHERE `name` = :name:
 LIMIT 1', [...], false)
 5 SYSTEMPATH\Model.php(250): CodeIgniter\Database\BaseBuilder->get()
 6 SYSTEMPATH\BaseModel.php(623): CodeIgniter\Model->doFirst()
 7 APPPATH\Controllers\DataController.php(72): CodeIgniter\BaseModel->first()
 8 SYSTEMPATH\CodeIgniter.php(927): App\Controllers\DataController->detail('1')
 9 SYSTEMPATH\CodeIgniter.php(482): CodeIgniter\CodeIgniter->runController(Object(App\Controllers\DataController))
10 SYSTEMPATH\CodeIgniter.php(351): CodeIgniter\CodeIgniter->handleRequest(null, Object(Config\Cache), false)
11 FCPATH\index.php(67): CodeIgniter\CodeIgniter->run()
ERROR - 2025-12-02 00:38:15 --> mysqli_sql_exception: Unknown column 'name' in 'where clause' in C:\xampp\htdocs\percobaan\system\Database\MySQLi\Connection.php:292
Stack trace:
#0 C:\xampp\htdocs\percobaan\system\Database\MySQLi\Connection.php(292): mysqli->query('SELECT *\nFROM `...', 0)
#1 C:\xampp\htdocs\percobaan\system\Database\BaseConnection.php(666): CodeIgniter\Database\MySQLi\Connection->execute('SELECT *\nFROM `...')
#2 C:\xampp\htdocs\percobaan\system\Database\BaseConnection.php(593): CodeIgniter\Database\BaseConnection->simpleQuery('SELECT *\nFROM `...')
#3 C:\xampp\htdocs\percobaan\system\Database\BaseBuilder.php(1585): CodeIgniter\Database\BaseConnection->query('SELECT *\nFROM `...', Array, false)
#4 C:\xampp\htdocs\percobaan\system\Model.php(250): CodeIgniter\Database\BaseBuilder->get()
#5 C:\xampp\htdocs\percobaan\system\BaseModel.php(623): CodeIgniter\Model->doFirst()
#6 C:\xampp\htdocs\percobaan\app\Controllers\DataController.php(72): CodeIgniter\BaseModel->first()
#7 C:\xampp\htdocs\percobaan\system\CodeIgniter.php(927): App\Controllers\DataController->detail('1')
#8 C:\xampp\htdocs\percobaan\system\CodeIgniter.php(482): CodeIgniter\CodeIgniter->runController(Object(App\Controllers\DataController))
#9 C:\xampp\htdocs\percobaan\system\CodeIgniter.php(351): CodeIgniter\CodeIgniter->handleRequest(NULL, Object(Config\Cache), false)
#10 C:\xampp\htdocs\percobaan\public\index.php(67): CodeIgniter\CodeIgniter->run()
#11 {main}
CRITICAL - 2025-12-02 00:38:15 --> Unknown column 'name' in 'where clause'
in SYSTEMPATH\Database\MySQLi\Connection.php on line 292.
 1 SYSTEMPATH\Database\MySQLi\Connection.php(292): mysqli->query('SELECT *
FROM `alternatives`
WHERE `name` = \'Azizah Tri Kusumadewi\'
 LIMIT 1', 0)
 2 SYSTEMPATH\Database\BaseConnection.php(666): CodeIgniter\Database\MySQLi\Connection->execute('SELECT *
FROM `alternatives`
WHERE `name` = \'Azizah Tri Kusumadewi\'
 LIMIT 1')
 3 SYSTEMPATH\Database\BaseConnection.php(593): CodeIgniter\Database\BaseConnection->simpleQuery('SELECT *
FROM `alternatives`
WHERE `name` = \'Azizah Tri Kusumadewi\'
 LIMIT 1')
 4 SYSTEMPATH\Database\BaseBuilder.php(1585): CodeIgniter\Database\BaseConnection->query('SELECT *
FROM `alternatives`
WHERE `name` = :name:
 LIMIT 1', [...], false)
 5 SYSTEMPATH\Model.php(250): CodeIgniter\Database\BaseBuilder->get()
 6 SYSTEMPATH\BaseModel.php(623): CodeIgniter\Model->doFirst()
 7 APPPATH\Controllers\DataController.php(72): CodeIgniter\BaseModel->first()
 8 SYSTEMPATH\CodeIgniter.php(927): App\Controllers\DataController->detail('1')
 9 SYSTEMPATH\CodeIgniter.php(482): CodeIgniter\CodeIgniter->runController(Object(App\Controllers\DataController))
10 SYSTEMPATH\CodeIgniter.php(351): CodeIgniter\CodeIgniter->handleRequest(null, Object(Config\Cache), false)
11 FCPATH\index.php(67): CodeIgniter\CodeIgniter->run()
ERROR - 2025-12-02 00:39:50 --> mysqli_sql_exception: Unknown column 'alternatives.field_id' in 'on clause' in C:\xampp\htdocs\percobaan\system\Database\MySQLi\Connection.php:292
Stack trace:
#0 C:\xampp\htdocs\percobaan\system\Database\MySQLi\Connection.php(292): mysqli->query('SELECT `alterna...', 0)
#1 C:\xampp\htdocs\percobaan\system\Database\BaseConnection.php(666): CodeIgniter\Database\MySQLi\Connection->execute('SELECT `alterna...')
#2 C:\xampp\htdocs\percobaan\system\Database\BaseConnection.php(593): CodeIgniter\Database\BaseConnection->simpleQuery('SELECT `alterna...')
#3 C:\xampp\htdocs\percobaan\system\Database\BaseBuilder.php(1585): CodeIgniter\Database\BaseConnection->query('SELECT `alterna...', Array, false)
#4 C:\xampp\htdocs\percobaan\system\Model.php(182): CodeIgniter\Database\BaseBuilder->get()
#5 C:\xampp\htdocs\percobaan\system\BaseModel.php(524): CodeIgniter\Model->doFind(true, '1')
#6 C:\xampp\htdocs\percobaan\app\Controllers\AlternativesController.php(45): CodeIgniter\BaseModel->find('1')
#7 C:\xampp\htdocs\percobaan\system\CodeIgniter.php(927): App\Controllers\AlternativesController->detail('1')
#8 C:\xampp\htdocs\percobaan\system\CodeIgniter.php(482): CodeIgniter\CodeIgniter->runController(Object(App\Controllers\AlternativesController))
#9 C:\xampp\htdocs\percobaan\system\CodeIgniter.php(351): CodeIgniter\CodeIgniter->handleRequest(NULL, Object(Config\Cache), false)
#10 C:\xampp\htdocs\percobaan\public\index.php(67): CodeIgniter\CodeIgniter->run()
#11 {main}
CRITICAL - 2025-12-02 00:39:50 --> Unknown column 'alternatives.field_id' in 'on clause'
in SYSTEMPATH\Database\MySQLi\Connection.php on line 292.
 1 SYSTEMPATH\Database\MySQLi\Connection.php(292): mysqli->query('SELECT `alternatives`.*, `pekerjaan`.`posisi`
FROM `alternatives`
LEFT JOIN `pekerjaan` ON `pekerjaan`.`id` = `alternatives`.`field_id`
WHERE `alternatives`.`id` = \'1\'', 0)
 2 SYSTEMPATH\Database\BaseConnection.php(666): CodeIgniter\Database\MySQLi\Connection->execute('SELECT `alternatives`.*, `pekerjaan`.`posisi`
FROM `alternatives`
LEFT JOIN `pekerjaan` ON `pekerjaan`.`id` = `alternatives`.`field_id`
WHERE `alternatives`.`id` = \'1\'')
 3 SYSTEMPATH\Database\BaseConnection.php(593): CodeIgniter\Database\BaseConnection->simpleQuery('SELECT `alternatives`.*, `pekerjaan`.`posisi`
FROM `alternatives`
LEFT JOIN `pekerjaan` ON `pekerjaan`.`id` = `alternatives`.`field_id`
WHERE `alternatives`.`id` = \'1\'')
 4 SYSTEMPATH\Database\BaseBuilder.php(1585): CodeIgniter\Database\BaseConnection->query('SELECT `alternatives`.*, `pekerjaan`.`posisi`
FROM `alternatives`
LEFT JOIN `pekerjaan` ON `pekerjaan`.`id` = `alternatives`.`field_id`
WHERE `alternatives`.`id` = :alternatives.id:', [...], false)
 5 SYSTEMPATH\Model.php(182): CodeIgniter\Database\BaseBuilder->get()
 6 SYSTEMPATH\BaseModel.php(524): CodeIgniter\Model->doFind(true, '1')
 7 APPPATH\Controllers\AlternativesController.php(45): CodeIgniter\BaseModel->find('1')
 8 SYSTEMPATH\CodeIgniter.php(927): App\Controllers\AlternativesController->detail('1')
 9 SYSTEMPATH\CodeIgniter.php(482): CodeIgniter\CodeIgniter->runController(Object(App\Controllers\AlternativesController))
10 SYSTEMPATH\CodeIgniter.php(351): CodeIgniter\CodeIgniter->handleRequest(null, Object(Config\Cache), false)
11 FCPATH\index.php(67): CodeIgniter\CodeIgniter->run()
CRITICAL - 2025-12-02 00:40:16 --> Undefined array key "name"
in APPPATH\Controllers\AlternativesController.php on line 54.
 1 APPPATH\Controllers\AlternativesController.php(54): CodeIgniter\Debug\Exceptions->errorHandler(2, 'Undefined array key "name"', 'APPPATH\\Controllers\\AlternativesController.php', 54)
 2 SYSTEMPATH\CodeIgniter.php(927): App\Controllers\AlternativesController->detail('1')
 3 SYSTEMPATH\CodeIgniter.php(482): CodeIgniter\CodeIgniter->runController(Object(App\Controllers\AlternativesController))
 4 SYSTEMPATH\CodeIgniter.php(351): CodeIgniter\CodeIgniter->handleRequest(null, Object(Config\Cache), false)
 5 FCPATH\index.php(67): CodeIgniter\CodeIgniter->run()
CRITICAL - 2025-12-02 00:40:28 --> Undefined array key "jabatan"
in APPPATH\Views\admin\alternatives\detail.php on line 21.
 1 APPPATH\Views\admin\alternatives\detail.php(21): CodeIgniter\Debug\Exceptions->errorHandler(2, 'Undefined array key "jabatan"', 'APPPATH\\Views\\admin\\alternatives\\detail.php', 21)
 2 SYSTEMPATH\View\View.php(213): include('APPPATH\\Views\\admin\\alternatives\\detail.php')
 3 SYSTEMPATH\View\View.php(216): CodeIgniter\View\View->CodeIgniter\View\{closure}()
 4 SYSTEMPATH\Common.php(1134): CodeIgniter\View\View->render('admin/alternatives/detail', [], true)
 5 APPPATH\Controllers\AlternativesController.php(61): view('admin/alternatives/detail', [...])
 6 SYSTEMPATH\CodeIgniter.php(927): App\Controllers\AlternativesController->detail('1')
 7 SYSTEMPATH\CodeIgniter.php(482): CodeIgniter\CodeIgniter->runController(Object(App\Controllers\AlternativesController))
 8 SYSTEMPATH\CodeIgniter.php(351): CodeIgniter\CodeIgniter->handleRequest(null, Object(Config\Cache), false)
 9 FCPATH\index.php(67): CodeIgniter\CodeIgniter->run()
CRITICAL - 2025-12-02 01:26:13 --> Undefined variable $pekerjaan
in APPPATH\Views\admin\spk\index.php on line 25.
 1 APPPATH\Views\admin\spk\index.php(25): CodeIgniter\Debug\Exceptions->errorHandler(2, 'Undefined variable $pekerjaan', 'APPPATH\\Views\\admin\\spk\\index.php', 25)
 2 SYSTEMPATH\View\View.php(213): include('APPPATH\\Views\\admin\\spk\\index.php')
 3 SYSTEMPATH\View\View.php(216): CodeIgniter\View\View->CodeIgniter\View\{closure}()
 4 SYSTEMPATH\Common.php(1134): CodeIgniter\View\View->render('admin/spk/index', [], true)
 5 APPPATH\Controllers\SpkController.php(59): view('admin/spk/index', [...])
 6 SYSTEMPATH\CodeIgniter.php(927): App\Controllers\SpkController->index()
 7 SYSTEMPATH\CodeIgniter.php(482): CodeIgniter\CodeIgniter->runController(Object(App\Controllers\SpkController))
 8 SYSTEMPATH\CodeIgniter.php(351): CodeIgniter\CodeIgniter->handleRequest(null, Object(Config\Cache), false)
 9 FCPATH\index.php(67): CodeIgniter\CodeIgniter->run()
CRITICAL - 2025-12-02 01:28:18 --> Undefined array key "standar"
in APPPATH\Views\admin\spk\index.php on line 69.
 1 APPPATH\Views\admin\spk\index.php(69): CodeIgniter\Debug\Exceptions->errorHandler(2, 'Undefined array key "standar"', 'APPPATH\\Views\\admin\\spk\\index.php', 69)
 2 SYSTEMPATH\View\View.php(213): include('APPPATH\\Views\\admin\\spk\\index.php')
 3 SYSTEMPATH\View\View.php(216): CodeIgniter\View\View->CodeIgniter\View\{closure}()
 4 SYSTEMPATH\Common.php(1134): CodeIgniter\View\View->render('admin/spk/index', [], true)
 5 APPPATH\Controllers\SpkController.php(59): view('admin/spk/index', [...])
 6 SYSTEMPATH\CodeIgniter.php(927): App\Controllers\SpkController->index()
 7 SYSTEMPATH\CodeIgniter.php(482): CodeIgniter\CodeIgniter->runController(Object(App\Controllers\SpkController))
 8 SYSTEMPATH\CodeIgniter.php(351): CodeIgniter\CodeIgniter->handleRequest(null, Object(Config\Cache), false)
 9 FCPATH\index.php(67): CodeIgniter\CodeIgniter->run()
CRITICAL - 2025-12-02 01:28:50 --> Undefined array key "standar_spk"
in APPPATH\Views\admin\spk\index.php on line 69.
 1 APPPATH\Views\admin\spk\index.php(69): CodeIgniter\Debug\Exceptions->errorHandler(2, 'Undefined array key "standar_spk"', 'APPPATH\\Views\\admin\\spk\\index.php', 69)
 2 SYSTEMPATH\View\View.php(213): include('APPPATH\\Views\\admin\\spk\\index.php')
 3 SYSTEMPATH\View\View.php(216): CodeIgniter\View\View->CodeIgniter\View\{closure}()
 4 SYSTEMPATH\Common.php(1134): CodeIgniter\View\View->render('admin/spk/index', [], true)
 5 APPPATH\Controllers\SpkController.php(59): view('admin/spk/index', [...])
 6 SYSTEMPATH\CodeIgniter.php(927): App\Controllers\SpkController->index()
 7 SYSTEMPATH\CodeIgniter.php(482): CodeIgniter\CodeIgniter->runController(Object(App\Controllers\SpkController))
 8 SYSTEMPATH\CodeIgniter.php(351): CodeIgniter\CodeIgniter->handleRequest(null, Object(Config\Cache), false)
 9 FCPATH\index.php(67): CodeIgniter\CodeIgniter->run()
CRITICAL - 2025-12-02 01:30:31 --> Undefined array key "standar"
in APPPATH\Views\admin\spk\index.php on line 69.
 1 APPPATH\Views\admin\spk\index.php(69): CodeIgniter\Debug\Exceptions->errorHandler(2, 'Undefined array key "standar"', 'APPPATH\\Views\\admin\\spk\\index.php', 69)
 2 SYSTEMPATH\View\View.php(213): include('APPPATH\\Views\\admin\\spk\\index.php')
 3 SYSTEMPATH\View\View.php(216): CodeIgniter\View\View->CodeIgniter\View\{closure}()
 4 SYSTEMPATH\Common.php(1134): CodeIgniter\View\View->render('admin/spk/index', [], true)
 5 APPPATH\Controllers\SpkController.php(57): view('admin/spk/index', [...])
 6 SYSTEMPATH\CodeIgniter.php(927): App\Controllers\SpkController->index()
 7 SYSTEMPATH\CodeIgniter.php(482): CodeIgniter\CodeIgniter->runController(Object(App\Controllers\SpkController))
 8 SYSTEMPATH\CodeIgniter.php(351): CodeIgniter\CodeIgniter->handleRequest(null, Object(Config\Cache), false)
 9 FCPATH\index.php(67): CodeIgniter\CodeIgniter->run()
CRITICAL - 2025-12-02 01:30:32 --> Undefined array key "standar"
in APPPATH\Views\admin\spk\index.php on line 69.
 1 APPPATH\Views\admin\spk\index.php(69): CodeIgniter\Debug\Exceptions->errorHandler(2, 'Undefined array key "standar"', 'APPPATH\\Views\\admin\\spk\\index.php', 69)
 2 SYSTEMPATH\View\View.php(213): include('APPPATH\\Views\\admin\\spk\\index.php')
 3 SYSTEMPATH\View\View.php(216): CodeIgniter\View\View->CodeIgniter\View\{closure}()
 4 SYSTEMPATH\Common.php(1134): CodeIgniter\View\View->render('admin/spk/index', [], true)
 5 APPPATH\Controllers\SpkController.php(57): view('admin/spk/index', [...])
 6 SYSTEMPATH\CodeIgniter.php(927): App\Controllers\SpkController->index()
 7 SYSTEMPATH\CodeIgniter.php(482): CodeIgniter\CodeIgniter->runController(Object(App\Controllers\SpkController))
 8 SYSTEMPATH\CodeIgniter.php(351): CodeIgniter\CodeIgniter->handleRequest(null, Object(Config\Cache), false)
 9 FCPATH\index.php(67): CodeIgniter\CodeIgniter->run()
CRITICAL - 2025-12-02 01:53:13 --> Undefined array key "diisi"
in APPPATH\Views\admin\spk\index.php on line 29.
 1 APPPATH\Views\admin\spk\index.php(29): CodeIgniter\Debug\Exceptions->errorHandler(2, 'Undefined array key "diisi"', 'APPPATH\\Views\\admin\\spk\\index.php', 29)
 2 SYSTEMPATH\View\View.php(213): include('APPPATH\\Views\\admin\\spk\\index.php')
 3 SYSTEMPATH\View\View.php(216): CodeIgniter\View\View->CodeIgniter\View\{closure}()
 4 SYSTEMPATH\Common.php(1134): CodeIgniter\View\View->render('admin/spk/index', [], true)
 5 APPPATH\Controllers\SpkController.php(57): view('admin/spk/index', [...])
 6 SYSTEMPATH\CodeIgniter.php(927): App\Controllers\SpkController->index()
 7 SYSTEMPATH\CodeIgniter.php(482): CodeIgniter\CodeIgniter->runController(Object(App\Controllers\SpkController))
 8 SYSTEMPATH\CodeIgniter.php(351): CodeIgniter\CodeIgniter->handleRequest(null, Object(Config\Cache), false)
 9 FCPATH\index.php(67): CodeIgniter\CodeIgniter->run()
CRITICAL - 2025-12-02 02:35:44 --> Undefined array key "description"
in APPPATH\Views\landing\index.php on line 126.
 1 APPPATH\Views\landing\index.php(126): CodeIgniter\Debug\Exceptions->errorHandler(2, 'Undefined array key "description"', 'APPPATH\\Views\\landing\\index.php', 126)
 2 SYSTEMPATH\View\View.php(213): include('APPPATH\\Views\\landing\\index.php')
 3 SYSTEMPATH\View\View.php(216): CodeIgniter\View\View->CodeIgniter\View\{closure}()
 4 SYSTEMPATH\Common.php(1134): CodeIgniter\View\View->render('landing/index', [], true)
 5 APPPATH\Controllers\LandingController.php(26): view('landing/index', [...])
 6 SYSTEMPATH\CodeIgniter.php(927): App\Controllers\LandingController->index()
 7 SYSTEMPATH\CodeIgniter.php(482): CodeIgniter\CodeIgniter->runController(Object(App\Controllers\LandingController))
 8 SYSTEMPATH\CodeIgniter.php(351): CodeIgniter\CodeIgniter->handleRequest(null, Object(Config\Cache), false)
 9 FCPATH\index.php(67): CodeIgniter\CodeIgniter->run()
