CRITICAL - 2025-11-26 01:33:55 --> Undefined variable $pekerjaan
in APPPATH\Views\admin\lowongan\create.php on line 17.
 1 APPPATH\Views\admin\lowongan\create.php(17): CodeIgniter\Debug\Exceptions->errorHandler(2, 'Undefined variable $pekerjaan', 'APPPATH\\Views\\admin\\lowongan\\create.php', 17)
 2 SYSTEMPATH\View\View.php(213): include('APPPATH\\Views\\admin\\lowongan\\create.php')
 3 SYSTEMPATH\View\View.php(216): CodeIgniter\View\View->CodeIgniter\View\{closure}()
 4 SYSTEMPATH\Common.php(1134): CodeIgniter\View\View->render('admin/lowongan/create', [], true)
 5 APPPATH\Controllers\LowonganController.php(49): view('admin/lowongan/create', [...])
 6 SYSTEMPATH\CodeIgniter.php(927): App\Controllers\LowonganController->create()
 7 SYSTEMPATH\CodeIgniter.php(482): CodeIgniter\CodeIgniter->runController(Object(App\Controllers\LowonganController))
 8 SYSTEMPATH\CodeIgniter.php(351): CodeIgniter\CodeIgniter->handleRequest(null, Object(Config\Cache), false)
 9 FCPATH\index.php(67): CodeIgniter\CodeIgniter->run()
CRITICAL - 2025-11-26 01:34:17 --> Undefined variable $pekerjaan
in APPPATH\Views\admin\lowongan\create.php on line 17.
 1 APPPATH\Views\admin\lowongan\create.php(17): CodeIgniter\Debug\Exceptions->errorHandler(2, 'Undefined variable $pekerjaan', 'APPPATH\\Views\\admin\\lowongan\\create.php', 17)
 2 SYSTEMPATH\View\View.php(213): include('APPPATH\\Views\\admin\\lowongan\\create.php')
 3 SYSTEMPATH\View\View.php(216): CodeIgniter\View\View->CodeIgniter\View\{closure}()
 4 SYSTEMPATH\Common.php(1134): CodeIgniter\View\View->render('admin/lowongan/create', [], true)
 5 APPPATH\Controllers\LowonganController.php(49): view('admin/lowongan/create', [...])
 6 SYSTEMPATH\CodeIgniter.php(927): App\Controllers\LowonganController->create()
 7 SYSTEMPATH\CodeIgniter.php(482): CodeIgniter\CodeIgniter->runController(Object(App\Controllers\LowonganController))
 8 SYSTEMPATH\CodeIgniter.php(351): CodeIgniter\CodeIgniter->handleRequest(null, Object(Config\Cache), false)
 9 FCPATH\index.php(67): CodeIgniter\CodeIgniter->run()
CRITICAL - 2025-11-26 01:34:56 --> Undefined variable $pekerjaan
in APPPATH\Views\admin\lowongan\create.php on line 17.
 1 APPPATH\Views\admin\lowongan\create.php(17): CodeIgniter\Debug\Exceptions->errorHandler(2, 'Undefined variable $pekerjaan', 'APPPATH\\Views\\admin\\lowongan\\create.php', 17)
 2 SYSTEMPATH\View\View.php(213): include('APPPATH\\Views\\admin\\lowongan\\create.php')
 3 SYSTEMPATH\View\View.php(216): CodeIgniter\View\View->CodeIgniter\View\{closure}()
 4 SYSTEMPATH\Common.php(1134): CodeIgniter\View\View->render('admin/lowongan/create', [], true)
 5 APPPATH\Controllers\LowonganController.php(49): view('admin/lowongan/create', [...])
 6 SYSTEMPATH\CodeIgniter.php(927): App\Controllers\LowonganController->create()
 7 SYSTEMPATH\CodeIgniter.php(482): CodeIgniter\CodeIgniter->runController(Object(App\Controllers\LowonganController))
 8 SYSTEMPATH\CodeIgniter.php(351): CodeIgniter\CodeIgniter->handleRequest(null, Object(Config\Cache), false)
 9 FCPATH\index.php(67): CodeIgniter\CodeIgniter->run()
CRITICAL - 2025-11-26 01:34:57 --> Undefined variable $pekerjaan
in APPPATH\Views\admin\lowongan\create.php on line 17.
 1 APPPATH\Views\admin\lowongan\create.php(17): CodeIgniter\Debug\Exceptions->errorHandler(2, 'Undefined variable $pekerjaan', 'APPPATH\\Views\\admin\\lowongan\\create.php', 17)
 2 SYSTEMPATH\View\View.php(213): include('APPPATH\\Views\\admin\\lowongan\\create.php')
 3 SYSTEMPATH\View\View.php(216): CodeIgniter\View\View->CodeIgniter\View\{closure}()
 4 SYSTEMPATH\Common.php(1134): CodeIgniter\View\View->render('admin/lowongan/create', [], true)
 5 APPPATH\Controllers\LowonganController.php(49): view('admin/lowongan/create', [...])
 6 SYSTEMPATH\CodeIgniter.php(927): App\Controllers\LowonganController->create()
 7 SYSTEMPATH\CodeIgniter.php(482): CodeIgniter\CodeIgniter->runController(Object(App\Controllers\LowonganController))
 8 SYSTEMPATH\CodeIgniter.php(351): CodeIgniter\CodeIgniter->handleRequest(null, Object(Config\Cache), false)
 9 FCPATH\index.php(67): CodeIgniter\CodeIgniter->run()
CRITICAL - 2025-11-26 01:35:41 --> Undefined variable $field_id
in APPPATH\Views\admin\lowongan\create.php on line 17.
 1 APPPATH\Views\admin\lowongan\create.php(17): CodeIgniter\Debug\Exceptions->errorHandler(2, 'Undefined variable $field_id', 'APPPATH\\Views\\admin\\lowongan\\create.php', 17)
 2 SYSTEMPATH\View\View.php(213): include('APPPATH\\Views\\admin\\lowongan\\create.php')
 3 SYSTEMPATH\View\View.php(216): CodeIgniter\View\View->CodeIgniter\View\{closure}()
 4 SYSTEMPATH\Common.php(1134): CodeIgniter\View\View->render('admin/lowongan/create', [], true)
 5 APPPATH\Controllers\LowonganController.php(49): view('admin/lowongan/create', [...])
 6 SYSTEMPATH\CodeIgniter.php(927): App\Controllers\LowonganController->create()
 7 SYSTEMPATH\CodeIgniter.php(482): CodeIgniter\CodeIgniter->runController(Object(App\Controllers\LowonganController))
 8 SYSTEMPATH\CodeIgniter.php(351): CodeIgniter\CodeIgniter->handleRequest(null, Object(Config\Cache), false)
 9 FCPATH\index.php(67): CodeIgniter\CodeIgniter->run()
CRITICAL - 2025-11-26 01:35:42 --> Undefined variable $field_id
in APPPATH\Views\admin\lowongan\create.php on line 17.
 1 APPPATH\Views\admin\lowongan\create.php(17): CodeIgniter\Debug\Exceptions->errorHandler(2, 'Undefined variable $field_id', 'APPPATH\\Views\\admin\\lowongan\\create.php', 17)
 2 SYSTEMPATH\View\View.php(213): include('APPPATH\\Views\\admin\\lowongan\\create.php')
 3 SYSTEMPATH\View\View.php(216): CodeIgniter\View\View->CodeIgniter\View\{closure}()
 4 SYSTEMPATH\Common.php(1134): CodeIgniter\View\View->render('admin/lowongan/create', [], true)
 5 APPPATH\Controllers\LowonganController.php(49): view('admin/lowongan/create', [...])
 6 SYSTEMPATH\CodeIgniter.php(927): App\Controllers\LowonganController->create()
 7 SYSTEMPATH\CodeIgniter.php(482): CodeIgniter\CodeIgniter->runController(Object(App\Controllers\LowonganController))
 8 SYSTEMPATH\CodeIgniter.php(351): CodeIgniter\CodeIgniter->handleRequest(null, Object(Config\Cache), false)
 9 FCPATH\index.php(67): CodeIgniter\CodeIgniter->run()
CRITICAL - 2025-11-26 01:57:35 --> Undefined array key "tanggal_ditutup"
in APPPATH\Views\admin\lowongan\detail.php on line 16.
 1 APPPATH\Views\admin\lowongan\detail.php(16): CodeIgniter\Debug\Exceptions->errorHandler(2, 'Undefined array key "tanggal_ditutup"', 'APPPATH\\Views\\admin\\lowongan\\detail.php', 16)
 2 SYSTEMPATH\View\View.php(213): include('APPPATH\\Views\\admin\\lowongan\\detail.php')
 3 SYSTEMPATH\View\View.php(216): CodeIgniter\View\View->CodeIgniter\View\{closure}()
 4 SYSTEMPATH\Common.php(1134): CodeIgniter\View\View->render('admin/lowongan/detail', [], true)
 5 APPPATH\Controllers\LowonganController.php(120): view('admin/lowongan/detail', [...])
 6 SYSTEMPATH\CodeIgniter.php(927): App\Controllers\LowonganController->detail('3')
 7 SYSTEMPATH\CodeIgniter.php(482): CodeIgniter\CodeIgniter->runController(Object(App\Controllers\LowonganController))
 8 SYSTEMPATH\CodeIgniter.php(351): CodeIgniter\CodeIgniter->handleRequest(null, Object(Config\Cache), false)
 9 FCPATH\index.php(67): CodeIgniter\CodeIgniter->run()
CRITICAL - 2025-11-26 01:57:50 --> Undefined variable $pekerjaan
in APPPATH\Views\admin\lowongan\create.php on line 17.
 1 APPPATH\Views\admin\lowongan\create.php(17): CodeIgniter\Debug\Exceptions->errorHandler(2, 'Undefined variable $pekerjaan', 'APPPATH\\Views\\admin\\lowongan\\create.php', 17)
 2 SYSTEMPATH\View\View.php(213): include('APPPATH\\Views\\admin\\lowongan\\create.php')
 3 SYSTEMPATH\View\View.php(216): CodeIgniter\View\View->CodeIgniter\View\{closure}()
 4 SYSTEMPATH\Common.php(1134): CodeIgniter\View\View->render('admin/lowongan/create', [], true)
 5 APPPATH\Controllers\LowonganController.php(49): view('admin/lowongan/create', [...])
 6 SYSTEMPATH\CodeIgniter.php(927): App\Controllers\LowonganController->create()
 7 SYSTEMPATH\CodeIgniter.php(482): CodeIgniter\CodeIgniter->runController(Object(App\Controllers\LowonganController))
 8 SYSTEMPATH\CodeIgniter.php(351): CodeIgniter\CodeIgniter->handleRequest(null, Object(Config\Cache), false)
 9 FCPATH\index.php(67): CodeIgniter\CodeIgniter->run()
CRITICAL - 2025-11-26 02:13:54 --> Undefined variable $pekerjaan
in APPPATH\Views\admin\lowongan\create.php on line 17.
 1 APPPATH\Views\admin\lowongan\create.php(17): CodeIgniter\Debug\Exceptions->errorHandler(2, 'Undefined variable $pekerjaan', 'APPPATH\\Views\\admin\\lowongan\\create.php', 17)
 2 SYSTEMPATH\View\View.php(213): include('APPPATH\\Views\\admin\\lowongan\\create.php')
 3 SYSTEMPATH\View\View.php(216): CodeIgniter\View\View->CodeIgniter\View\{closure}()
 4 SYSTEMPATH\Common.php(1134): CodeIgniter\View\View->render('admin/lowongan/create', [], true)
 5 APPPATH\Controllers\LowonganController.php(49): view('admin/lowongan/create', [...])
 6 SYSTEMPATH\CodeIgniter.php(927): App\Controllers\LowonganController->create()
 7 SYSTEMPATH\CodeIgniter.php(482): CodeIgniter\CodeIgniter->runController(Object(App\Controllers\LowonganController))
 8 SYSTEMPATH\CodeIgniter.php(351): CodeIgniter\CodeIgniter->handleRequest(null, Object(Config\Cache), false)
 9 FCPATH\index.php(67): CodeIgniter\CodeIgniter->run()
CRITICAL - 2025-11-26 02:19:09 --> Undefined array key "tanggal_ditutup"
in APPPATH\Views\admin\lowongan\detail.php on line 16.
 1 APPPATH\Views\admin\lowongan\detail.php(16): CodeIgniter\Debug\Exceptions->errorHandler(2, 'Undefined array key "tanggal_ditutup"', 'APPPATH\\Views\\admin\\lowongan\\detail.php', 16)
 2 SYSTEMPATH\View\View.php(213): include('APPPATH\\Views\\admin\\lowongan\\detail.php')
 3 SYSTEMPATH\View\View.php(216): CodeIgniter\View\View->CodeIgniter\View\{closure}()
 4 SYSTEMPATH\Common.php(1134): CodeIgniter\View\View->render('admin/lowongan/detail', [], true)
 5 APPPATH\Controllers\LowonganController.php(124): view('admin/lowongan/detail', [...])
 6 SYSTEMPATH\CodeIgniter.php(927): App\Controllers\LowonganController->detail('8')
 7 SYSTEMPATH\CodeIgniter.php(482): CodeIgniter\CodeIgniter->runController(Object(App\Controllers\LowonganController))
 8 SYSTEMPATH\CodeIgniter.php(351): CodeIgniter\CodeIgniter->handleRequest(null, Object(Config\Cache), false)
 9 FCPATH\index.php(67): CodeIgniter\CodeIgniter->run()
CRITICAL - 2025-11-26 02:19:14 --> Undefined array key "tanggal_ditutup"
in APPPATH\Views\admin\lowongan\detail.php on line 16.
 1 APPPATH\Views\admin\lowongan\detail.php(16): CodeIgniter\Debug\Exceptions->errorHandler(2, 'Undefined array key "tanggal_ditutup"', 'APPPATH\\Views\\admin\\lowongan\\detail.php', 16)
 2 SYSTEMPATH\View\View.php(213): include('APPPATH\\Views\\admin\\lowongan\\detail.php')
 3 SYSTEMPATH\View\View.php(216): CodeIgniter\View\View->CodeIgniter\View\{closure}()
 4 SYSTEMPATH\Common.php(1134): CodeIgniter\View\View->render('admin/lowongan/detail', [], true)
 5 APPPATH\Controllers\LowonganController.php(124): view('admin/lowongan/detail', [...])
 6 SYSTEMPATH\CodeIgniter.php(927): App\Controllers\LowonganController->detail('8')
 7 SYSTEMPATH\CodeIgniter.php(482): CodeIgniter\CodeIgniter->runController(Object(App\Controllers\LowonganController))
 8 SYSTEMPATH\CodeIgniter.php(351): CodeIgniter\CodeIgniter->handleRequest(null, Object(Config\Cache), false)
 9 FCPATH\index.php(67): CodeIgniter\CodeIgniter->run()
CRITICAL - 2025-11-26 23:54:08 --> Undefined array key "cv"
in APPPATH\Views\admin\data\detail.php on line 23.
 1 APPPATH\Views\admin\data\detail.php(23): CodeIgniter\Debug\Exceptions->errorHandler(2, 'Undefined array key "cv"', 'APPPATH\\Views\\admin\\data\\detail.php', 23)
 2 SYSTEMPATH\View\View.php(213): include('APPPATH\\Views\\admin\\data\\detail.php')
 3 SYSTEMPATH\View\View.php(216): CodeIgniter\View\View->CodeIgniter\View\{closure}()
 4 SYSTEMPATH\Common.php(1134): CodeIgniter\View\View->render('admin/data/detail', [], true)
 5 APPPATH\Controllers\DataController.php(38): view('admin/data/detail', [...])
 6 SYSTEMPATH\CodeIgniter.php(927): App\Controllers\DataController->detail('2')
 7 SYSTEMPATH\CodeIgniter.php(482): CodeIgniter\CodeIgniter->runController(Object(App\Controllers\DataController))
 8 SYSTEMPATH\CodeIgniter.php(351): CodeIgniter\CodeIgniter->handleRequest(null, Object(Config\Cache), false)
 9 FCPATH\index.php(67): CodeIgniter\CodeIgniter->run()
CRITICAL - 2025-11-26 23:54:50 --> Undefined array key "cv"
in APPPATH\Views\admin\data\detail.php on line 23.
 1 APPPATH\Views\admin\data\detail.php(23): CodeIgniter\Debug\Exceptions->errorHandler(2, 'Undefined array key "cv"', 'APPPATH\\Views\\admin\\data\\detail.php', 23)
 2 SYSTEMPATH\View\View.php(213): include('APPPATH\\Views\\admin\\data\\detail.php')
 3 SYSTEMPATH\View\View.php(216): CodeIgniter\View\View->CodeIgniter\View\{closure}()
 4 SYSTEMPATH\Common.php(1134): CodeIgniter\View\View->render('admin/data/detail', [], true)
 5 APPPATH\Controllers\DataController.php(38): view('admin/data/detail', [...])
 6 SYSTEMPATH\CodeIgniter.php(927): App\Controllers\DataController->detail('2')
 7 SYSTEMPATH\CodeIgniter.php(482): CodeIgniter\CodeIgniter->runController(Object(App\Controllers\DataController))
 8 SYSTEMPATH\CodeIgniter.php(351): CodeIgniter\CodeIgniter->handleRequest(null, Object(Config\Cache), false)
 9 FCPATH\index.php(67): CodeIgniter\CodeIgniter->run()
